        -:    0:Source:C:/Users/osama/Desktop/Folders/University/TUK/Courses/VDS/Project/VDSProject/src/test/Google_tests/lib/googletest/src/gtest-port.cc
        -:    0:Graph:C:\Users\osama\Desktop\Folders\University\TUK\Courses\VDS\Project\VDSProject\cmake-build-debug-coverage\src\test\Google_tests\lib\googletest\CMakeFiles\gtest.dir\src\gtest-all.cc.gcno
        -:    0:Data:C:\Users\osama\Desktop\Folders\University\TUK\Courses\VDS\Project\VDSProject\cmake-build-debug-coverage\src\test\Google_tests\lib\googletest\CMakeFiles\gtest.dir\src\gtest-all.cc.gcda
        -:    0:Runs:1
        -:    0:Programs:1
        -:    1:// Copyright 2008, Google Inc.
        -:    2:// All rights reserved.
        -:    3://
        -:    4:// Redistribution and use in source and binary forms, with or without
        -:    5:// modification, are permitted provided that the following conditions are
        -:    6:// met:
        -:    7://
        -:    8://     * Redistributions of source code must retain the above copyright
        -:    9:// notice, this list of conditions and the following disclaimer.
        -:   10://     * Redistributions in binary form must reproduce the above
        -:   11:// copyright notice, this list of conditions and the following disclaimer
        -:   12:// in the documentation and/or other materials provided with the
        -:   13:// distribution.
        -:   14://     * Neither the name of Google Inc. nor the names of its
        -:   15:// contributors may be used to endorse or promote products derived from
        -:   16:// this software without specific prior written permission.
        -:   17://
        -:   18:// THIS SOFTWARE IS PROVIDED BY THE COPYRIGHT HOLDERS AND CONTRIBUTORS
        -:   19:// "AS IS" AND ANY EXPRESS OR IMPLIED WARRANTIES, INCLUDING, BUT NOT
        -:   20:// LIMITED TO, THE IMPLIED WARRANTIES OF MERCHANTABILITY AND FITNESS FOR
        -:   21:// A PARTICULAR PURPOSE ARE DISCLAIMED. IN NO EVENT SHALL THE COPYRIGHT
        -:   22:// OWNER OR CONTRIBUTORS BE LIABLE FOR ANY DIRECT, INDIRECT, INCIDENTAL,
        -:   23:// SPECIAL, EXEMPLARY, OR CONSEQUENTIAL DAMAGES (INCLUDING, BUT NOT
        -:   24:// LIMITED TO, PROCUREMENT OF SUBSTITUTE GOODS OR SERVICES; LOSS OF USE,
        -:   25:// DATA, OR PROFITS; OR BUSINESS INTERRUPTION) HOWEVER CAUSED AND ON ANY
        -:   26:// THEORY OF LIABILITY, WHETHER IN CONTRACT, STRICT LIABILITY, OR TORT
        -:   27:// (INCLUDING NEGLIGENCE OR OTHERWISE) ARISING IN ANY WAY OUT OF THE USE
        -:   28:// OF THIS SOFTWARE, EVEN IF ADVISED OF THE POSSIBILITY OF SUCH DAMAGE.
        -:   29:
        -:   30:
        -:   31:#include "gtest/internal/gtest-port.h"
        -:   32:
        -:   33:#include <limits.h>
        -:   34:#include <stdio.h>
        -:   35:#include <stdlib.h>
        -:   36:#include <string.h>
        -:   37:#include <cstdint>
        -:   38:#include <fstream>
        -:   39:#include <memory>
        -:   40:
        -:   41:#if GTEST_OS_WINDOWS
        -:   42:# include <windows.h>
        -:   43:# include <io.h>
        -:   44:# include <sys/stat.h>
        -:   45:# include <map>  // Used in ThreadLocal.
        -:   46:# ifdef _MSC_VER
        -:   47:#  include <crtdbg.h>
        -:   48:# endif  // _MSC_VER
        -:   49:#else
        -:   50:# include <unistd.h>
        -:   51:#endif  // GTEST_OS_WINDOWS
        -:   52:
        -:   53:#if GTEST_OS_MAC
        -:   54:# include <mach/mach_init.h>
        -:   55:# include <mach/task.h>
        -:   56:# include <mach/vm_map.h>
        -:   57:#endif  // GTEST_OS_MAC
        -:   58:
        -:   59:#if GTEST_OS_DRAGONFLY || GTEST_OS_FREEBSD || GTEST_OS_GNU_KFREEBSD || \
        -:   60:    GTEST_OS_NETBSD || GTEST_OS_OPENBSD
        -:   61:# include <sys/sysctl.h>
        -:   62:# if GTEST_OS_DRAGONFLY || GTEST_OS_FREEBSD || GTEST_OS_GNU_KFREEBSD
        -:   63:#  include <sys/user.h>
        -:   64:# endif
        -:   65:#endif
        -:   66:
        -:   67:#if GTEST_OS_QNX
        -:   68:# include <devctl.h>
        -:   69:# include <fcntl.h>
        -:   70:# include <sys/procfs.h>
        -:   71:#endif  // GTEST_OS_QNX
        -:   72:
        -:   73:#if GTEST_OS_AIX
        -:   74:# include <procinfo.h>
        -:   75:# include <sys/types.h>
        -:   76:#endif  // GTEST_OS_AIX
        -:   77:
        -:   78:#if GTEST_OS_FUCHSIA
        -:   79:# include <zircon/process.h>
        -:   80:# include <zircon/syscalls.h>
        -:   81:#endif  // GTEST_OS_FUCHSIA
        -:   82:
        -:   83:#include "gtest/gtest-spi.h"
        -:   84:#include "gtest/gtest-message.h"
        -:   85:#include "gtest/internal/gtest-internal.h"
        -:   86:#include "gtest/internal/gtest-string.h"
        -:   87:#include "src/gtest-internal-inl.h"
        -:   88:
        -:   89:namespace testing {
        -:   90:namespace internal {
        -:   91:
        -:   92:#if defined(_MSC_VER) || defined(__BORLANDC__)
        -:   93:// MSVC and C++Builder do not provide a definition of STDERR_FILENO.
        -:   94:const int kStdOutFileno = 1;
        -:   95:const int kStdErrFileno = 2;
        -:   96:#else
        -:   97:const int kStdOutFileno = STDOUT_FILENO;
        -:   98:const int kStdErrFileno = STDERR_FILENO;
        -:   99:#endif  // _MSC_VER
        -:  100:
        -:  101:#if GTEST_OS_LINUX || GTEST_OS_GNU_HURD
        -:  102:
        -:  103:namespace {
        -:  104:template <typename T>
        -:  105:T ReadProcFileField(const std::string& filename, int field) {
        -:  106:  std::string dummy;
        -:  107:  std::ifstream file(filename.c_str());
        -:  108:  while (field-- > 0) {
        -:  109:    file >> dummy;
        -:  110:  }
        -:  111:  T output = 0;
        -:  112:  file >> output;
        -:  113:  return output;
        -:  114:}
        -:  115:}  // namespace
        -:  116:
        -:  117:// Returns the number of active threads, or 0 when there is an error.
        -:  118:size_t GetThreadCount() {
        -:  119:  const std::string filename =
        -:  120:      (Message() << "/proc/" << getpid() << "/stat").GetString();
        -:  121:  return ReadProcFileField<size_t>(filename, 19);
        -:  122:}
        -:  123:
        -:  124:#elif GTEST_OS_MAC
        -:  125:
        -:  126:size_t GetThreadCount() {
        -:  127:  const task_t task = mach_task_self();
        -:  128:  mach_msg_type_number_t thread_count;
        -:  129:  thread_act_array_t thread_list;
        -:  130:  const kern_return_t status = task_threads(task, &thread_list, &thread_count);
        -:  131:  if (status == KERN_SUCCESS) {
        -:  132:    // task_threads allocates resources in thread_list and we need to free them
        -:  133:    // to avoid leaks.
        -:  134:    vm_deallocate(task,
        -:  135:                  reinterpret_cast<vm_address_t>(thread_list),
        -:  136:                  sizeof(thread_t) * thread_count);
        -:  137:    return static_cast<size_t>(thread_count);
        -:  138:  } else {
        -:  139:    return 0;
        -:  140:  }
        -:  141:}
        -:  142:
        -:  143:#elif GTEST_OS_DRAGONFLY || GTEST_OS_FREEBSD || GTEST_OS_GNU_KFREEBSD || \
        -:  144:      GTEST_OS_NETBSD
        -:  145:
        -:  146:#if GTEST_OS_NETBSD
        -:  147:#undef KERN_PROC
        -:  148:#define KERN_PROC KERN_PROC2
        -:  149:#define kinfo_proc kinfo_proc2
        -:  150:#endif
        -:  151:
        -:  152:#if GTEST_OS_DRAGONFLY
        -:  153:#define KP_NLWP(kp) (kp.kp_nthreads)
        -:  154:#elif GTEST_OS_FREEBSD || GTEST_OS_GNU_KFREEBSD
        -:  155:#define KP_NLWP(kp) (kp.ki_numthreads)
        -:  156:#elif GTEST_OS_NETBSD
        -:  157:#define KP_NLWP(kp) (kp.p_nlwps)
        -:  158:#endif
        -:  159:
        -:  160:// Returns the number of threads running in the process, or 0 to indicate that
        -:  161:// we cannot detect it.
        -:  162:size_t GetThreadCount() {
        -:  163:  int mib[] = {
        -:  164:    CTL_KERN,
        -:  165:    KERN_PROC,
        -:  166:    KERN_PROC_PID,
        -:  167:    getpid(),
        -:  168:#if GTEST_OS_NETBSD
        -:  169:    sizeof(struct kinfo_proc),
        -:  170:    1,
        -:  171:#endif
        -:  172:  };
        -:  173:  u_int miblen = sizeof(mib) / sizeof(mib[0]);
        -:  174:  struct kinfo_proc info;
        -:  175:  size_t size = sizeof(info);
        -:  176:  if (sysctl(mib, miblen, &info, &size, NULL, 0)) {
        -:  177:    return 0;
        -:  178:  }
        -:  179:  return static_cast<size_t>(KP_NLWP(info));
        -:  180:}
        -:  181:#elif GTEST_OS_OPENBSD
        -:  182:
        -:  183:// Returns the number of threads running in the process, or 0 to indicate that
        -:  184:// we cannot detect it.
        -:  185:size_t GetThreadCount() {
        -:  186:  int mib[] = {
        -:  187:    CTL_KERN,
        -:  188:    KERN_PROC,
        -:  189:    KERN_PROC_PID | KERN_PROC_SHOW_THREADS,
        -:  190:    getpid(),
        -:  191:    sizeof(struct kinfo_proc),
        -:  192:    0,
        -:  193:  };
        -:  194:  u_int miblen = sizeof(mib) / sizeof(mib[0]);
        -:  195:
        -:  196:  // get number of structs
        -:  197:  size_t size;
        -:  198:  if (sysctl(mib, miblen, NULL, &size, NULL, 0)) {
        -:  199:    return 0;
        -:  200:  }
        -:  201:
        -:  202:  mib[5] = static_cast<int>(size / static_cast<size_t>(mib[4]));
        -:  203:
        -:  204:  // populate array of structs
        -:  205:  struct kinfo_proc info[mib[5]];
        -:  206:  if (sysctl(mib, miblen, &info, &size, NULL, 0)) {
        -:  207:    return 0;
        -:  208:  }
        -:  209:
        -:  210:  // exclude empty members
        -:  211:  size_t nthreads = 0;
        -:  212:  for (size_t i = 0; i < size / static_cast<size_t>(mib[4]); i++) {
        -:  213:    if (info[i].p_tid != -1)
        -:  214:      nthreads++;
        -:  215:  }
        -:  216:  return nthreads;
        -:  217:}
        -:  218:
        -:  219:#elif GTEST_OS_QNX
        -:  220:
        -:  221:// Returns the number of threads running in the process, or 0 to indicate that
        -:  222:// we cannot detect it.
        -:  223:size_t GetThreadCount() {
        -:  224:  const int fd = open("/proc/self/as", O_RDONLY);
        -:  225:  if (fd < 0) {
        -:  226:    return 0;
        -:  227:  }
        -:  228:  procfs_info process_info;
        -:  229:  const int status =
        -:  230:      devctl(fd, DCMD_PROC_INFO, &process_info, sizeof(process_info), nullptr);
        -:  231:  close(fd);
        -:  232:  if (status == EOK) {
        -:  233:    return static_cast<size_t>(process_info.num_threads);
        -:  234:  } else {
        -:  235:    return 0;
        -:  236:  }
        -:  237:}
        -:  238:
        -:  239:#elif GTEST_OS_AIX
        -:  240:
        -:  241:size_t GetThreadCount() {
        -:  242:  struct procentry64 entry;
        -:  243:  pid_t pid = getpid();
        -:  244:  int status = getprocs64(&entry, sizeof(entry), nullptr, 0, &pid, 1);
        -:  245:  if (status == 1) {
        -:  246:    return entry.pi_thcount;
        -:  247:  } else {
        -:  248:    return 0;
        -:  249:  }
        -:  250:}
        -:  251:
        -:  252:#elif GTEST_OS_FUCHSIA
        -:  253:
        -:  254:size_t GetThreadCount() {
        -:  255:  int dummy_buffer;
        -:  256:  size_t avail;
        -:  257:  zx_status_t status = zx_object_get_info(
        -:  258:      zx_process_self(),
        -:  259:      ZX_INFO_PROCESS_THREADS,
        -:  260:      &dummy_buffer,
        -:  261:      0,
        -:  262:      nullptr,
        -:  263:      &avail);
        -:  264:  if (status == ZX_OK) {
        -:  265:    return avail;
        -:  266:  } else {
        -:  267:    return 0;
        -:  268:  }
        -:  269:}
        -:  270:
        -:  271:#else
        -:  272:
function _ZN7testing8internal14GetThreadCountEv called 0 returned 0% blocks executed 0%
    #####:  273:size_t GetThreadCount() {
        -:  274:  // There's no portable way to detect the number of threads, so we just
        -:  275:  // return 0 to indicate that we cannot detect it.
    #####:  276:  return 0;
    %%%%%:  276-block  0
        -:  277:}
        -:  278:
        -:  279:#endif  // GTEST_OS_LINUX
        -:  280:
        -:  281:#if GTEST_IS_THREADSAFE && GTEST_OS_WINDOWS
        -:  282:
function _ZN7testing8internal10AutoHandleC2Ev called 0 returned 0% blocks executed 0%
    #####:  283:AutoHandle::AutoHandle()
    #####:  284:    : handle_(INVALID_HANDLE_VALUE) {}
        -:  285:
function _ZN7testing8internal10AutoHandleC2EPv called 0 returned 0% blocks executed 0%
    #####:  286:AutoHandle::AutoHandle(Handle handle)
    #####:  287:    : handle_(handle) {}
        -:  288:
function _ZN7testing8internal10AutoHandleD2Ev called 0 returned 0% blocks executed 0%
    #####:  289:AutoHandle::~AutoHandle() {
    #####:  290:  Reset();
    %%%%%:  290-block  0
call    0 never executed
    #####:  291:}
        -:  292:
function _ZNK7testing8internal10AutoHandle3GetEv called 0 returned 0% blocks executed 0%
    #####:  293:AutoHandle::Handle AutoHandle::Get() const {
    #####:  294:  return handle_;
    %%%%%:  294-block  0
        -:  295:}
        -:  296:
function _ZN7testing8internal10AutoHandle5ResetEv called 0 returned 0% blocks executed 0%
    #####:  297:void AutoHandle::Reset() {
    #####:  298:  Reset(INVALID_HANDLE_VALUE);
    %%%%%:  298-block  0
call    0 never executed
    #####:  299:}
        -:  300:
function _ZN7testing8internal10AutoHandle5ResetEPv called 0 returned 0% blocks executed 0%
    #####:  301:void AutoHandle::Reset(HANDLE handle) {
        -:  302:  // Resetting with the same handle we already own is invalid.
    #####:  303:  if (handle_ != handle) {
    %%%%%:  303-block  0
branch  0 never executed
branch  1 never executed
    #####:  304:    if (IsCloseable()) {
    %%%%%:  304-block  0
call    0 never executed
branch  1 never executed
branch  2 never executed
    #####:  305:      ::CloseHandle(handle_);
    %%%%%:  305-block  0
call    0 never executed
        -:  306:    }
    #####:  307:    handle_ = handle;
    %%%%%:  307-block  0
        -:  308:  } else {
    #####:  309:    GTEST_CHECK_(!IsCloseable())
    %%%%%:  309-block  0
call    0 never executed
call    1 never executed
branch  2 never executed
branch  3 never executed
    %%%%%:  309-block  1
call    4 never executed
call    5 never executed
    %%%%%:  309-block  2
call    6 never executed
    $$$$$:  309-block  3
call    7 never executed
        -:  310:        << "Resetting a valid handle to itself is likely a programmer error "
    #####:  311:            "and thus not allowed.";
call    0 never executed
branch  1 never executed
branch  2 never executed
    %%%%%:  311-block  0
call    3 never executed
branch  4 never executed
branch  5 never executed
        -:  312:  }
    #####:  313:}
    %%%%%:  313-block  0
        -:  314:
function _ZNK7testing8internal10AutoHandle11IsCloseableEv called 0 returned 0% blocks executed 0%
    #####:  315:bool AutoHandle::IsCloseable() const {
        -:  316:  // Different Windows APIs may use either of these values to represent an
        -:  317:  // invalid handle.
    #####:  318:  return handle_ != nullptr && handle_ != INVALID_HANDLE_VALUE;
    %%%%%:  318-block  0
branch  0 never executed
branch  1 never executed
    %%%%%:  318-block  1
branch  2 never executed
branch  3 never executed
    %%%%%:  318-block  2
    %%%%%:  318-block  3
    %%%%%:  318-block  4
        -:  319:}
        -:  320:
function _ZN7testing8internal5MutexC2Ev called 49 returned 100% blocks executed 100%
       49:  321:Mutex::Mutex()
        -:  322:    : owner_thread_id_(0),
        -:  323:      type_(kDynamic),
        -:  324:      critical_section_init_phase_(0),
       49:  325:      critical_section_(new CRITICAL_SECTION) {
       49:  325-block  0
call    0 returned 49
       49:  326:  ::InitializeCriticalSection(critical_section_);
call    0 returned 49
       49:  327:}
        -:  328:
function _ZN7testing8internal5MutexD2Ev called 0 returned 0% blocks executed 0%
    #####:  329:Mutex::~Mutex() {
        -:  330:  // Static mutexes are leaked intentionally. It is not thread-safe to try
        -:  331:  // to clean them up.
    #####:  332:  if (type_ == kDynamic) {
    %%%%%:  332-block  0
branch  0 never executed
branch  1 never executed
    #####:  333:    ::DeleteCriticalSection(critical_section_);
    %%%%%:  333-block  0
call    0 never executed
    #####:  334:    delete critical_section_;
call    0 never executed
    #####:  335:    critical_section_ = nullptr;
        -:  336:  }
    #####:  337:}
        -:  338:
function _ZN7testing8internal5Mutex4LockEv called 0 returned 0% blocks executed 0%
    #####:  339:void Mutex::Lock() {
    #####:  340:  ThreadSafeLazyInit();
    %%%%%:  340-block  0
call    0 never executed
    #####:  341:  ::EnterCriticalSection(critical_section_);
call    0 never executed
    #####:  342:  owner_thread_id_ = ::GetCurrentThreadId();
call    0 never executed
    #####:  343:}
        -:  344:
function _ZN7testing8internal5Mutex6UnlockEv called 0 returned 0% blocks executed 0%
    #####:  345:void Mutex::Unlock() {
    #####:  346:  ThreadSafeLazyInit();
    %%%%%:  346-block  0
call    0 never executed
        -:  347:  // We don't protect writing to owner_thread_id_ here, as it's the
        -:  348:  // caller's responsibility to ensure that the current thread holds the
        -:  349:  // mutex when this is called.
    #####:  350:  owner_thread_id_ = 0;
    #####:  351:  ::LeaveCriticalSection(critical_section_);
call    0 never executed
    #####:  352:}
        -:  353:
        -:  354:// Does nothing if the current thread holds the mutex. Otherwise, crashes
        -:  355:// with high probability.
function _ZN7testing8internal5Mutex10AssertHeldEv called 0 returned 0% blocks executed 0%
    #####:  356:void Mutex::AssertHeld() {
    #####:  357:  ThreadSafeLazyInit();
    %%%%%:  357-block  0
call    0 never executed
    #####:  358:  GTEST_CHECK_(owner_thread_id_ == ::GetCurrentThreadId())
call    0 never executed
call    1 never executed
branch  2 never executed
branch  3 never executed
    %%%%%:  358-block  0
call    4 never executed
call    5 never executed
    %%%%%:  358-block  1
call    6 never executed
    $$$$$:  358-block  2
call    7 never executed
    #####:  359:      << "The current thread is not holding the mutex @" << this;
call    0 never executed
branch  1 never executed
branch  2 never executed
    %%%%%:  359-block  0
call    3 never executed
branch  4 never executed
branch  5 never executed
    %%%%%:  359-block  1
call    6 never executed
branch  7 never executed
branch  8 never executed
    #####:  360:}
    %%%%%:  360-block  0
        -:  361:
        -:  362:namespace {
        -:  363:
        -:  364:#ifdef _MSC_VER
        -:  365:// Use the RAII idiom to flag mem allocs that are intentionally never
        -:  366:// deallocated. The motivation is to silence the false positive mem leaks
        -:  367:// that are reported by the debug version of MS's CRT which can only detect
        -:  368:// if an alloc is missing a matching deallocation.
        -:  369:// Example:
        -:  370://    MemoryIsNotDeallocated memory_is_not_deallocated;
        -:  371://    critical_section_ = new CRITICAL_SECTION;
        -:  372://
        -:  373:class MemoryIsNotDeallocated
        -:  374:{
        -:  375: public:
        -:  376:  MemoryIsNotDeallocated() : old_crtdbg_flag_(0) {
        -:  377:    old_crtdbg_flag_ = _CrtSetDbgFlag(_CRTDBG_REPORT_FLAG);
        -:  378:    // Set heap allocation block type to _IGNORE_BLOCK so that MS debug CRT
        -:  379:    // doesn't report mem leak if there's no matching deallocation.
        -:  380:    (void)_CrtSetDbgFlag(old_crtdbg_flag_ & ~_CRTDBG_ALLOC_MEM_DF);
        -:  381:  }
        -:  382:
        -:  383:  ~MemoryIsNotDeallocated() {
        -:  384:    // Restore the original _CRTDBG_ALLOC_MEM_DF flag
        -:  385:    (void)_CrtSetDbgFlag(old_crtdbg_flag_);
        -:  386:  }
        -:  387:
        -:  388: private:
        -:  389:  int old_crtdbg_flag_;
        -:  390:
        -:  391:  GTEST_DISALLOW_COPY_AND_ASSIGN_(MemoryIsNotDeallocated);
        -:  392:};
        -:  393:#endif  // _MSC_VER
        -:  394:
        -:  395:}  // namespace
        -:  396:
        -:  397:// Initializes owner_thread_id_ and critical_section_ in static mutexes.
function _ZN7testing8internal5Mutex18ThreadSafeLazyInitEv called 0 returned 0% blocks executed 0%
    #####:  398:void Mutex::ThreadSafeLazyInit() {
        -:  399:  // Dynamic mutexes are initialized in the constructor.
    #####:  400:  if (type_ == kStatic) {
    %%%%%:  400-block  0
branch  0 never executed
branch  1 never executed
    #####:  401:    switch (
    #####:  402:        ::InterlockedCompareExchange(&critical_section_init_phase_, 1L, 0L)) {
    %%%%%:  402-block  0
    %%%%%:  402-block  1
branch  0 never executed
branch  1 never executed
branch  2 never executed
branch  3 never executed
    #####:  403:      case 0:
        -:  404:        // If critical_section_init_phase_ was 0 before the exchange, we
        -:  405:        // are the first to test it and need to perform the initialization.
    #####:  406:        owner_thread_id_ = 0;
        -:  407:        {
        -:  408:          // Use RAII to flag that following mem alloc is never deallocated.
        -:  409:#ifdef _MSC_VER
        -:  410:          MemoryIsNotDeallocated memory_is_not_deallocated;
        -:  411:#endif  // _MSC_VER
    #####:  412:          critical_section_ = new CRITICAL_SECTION;
    %%%%%:  412-block  0
call    0 never executed
        -:  413:        }
    #####:  414:        ::InitializeCriticalSection(critical_section_);
call    0 never executed
        -:  415:        // Updates the critical_section_init_phase_ to 2 to signal
        -:  416:        // initialization complete.
    #####:  417:        GTEST_CHECK_(::InterlockedCompareExchange(
    %%%%%:  417-block  0
call    0 never executed
branch  1 never executed
branch  2 never executed
    %%%%%:  417-block  1
call    3 never executed
call    4 never executed
call    5 never executed
branch  6 never executed
branch  7 never executed
    %%%%%:  417-block  2
call    8 never executed
    $$$$$:  417-block  3
call    9 never executed
    $$$$$:  417-block  4
call   10 never executed
        -:  418:                          &critical_section_init_phase_, 2L, 1L) ==
        -:  419:                      1L);
    #####:  420:        break;
    %%%%%:  420-block  0
    #####:  421:      case 1:
        -:  422:        // Somebody else is already initializing the mutex; spin until they
        -:  423:        // are done.
    #####:  424:        while (::InterlockedCompareExchange(&critical_section_init_phase_,
    %%%%%:  424-block  0
        -:  425:                                            2L,
    #####:  426:                                            2L) != 2L) {
    %%%%%:  426-block  0
branch  0 never executed
branch  1 never executed
        -:  427:          // Possibly yields the rest of the thread's time slice to other
        -:  428:          // threads.
    #####:  429:          ::Sleep(0);
    %%%%%:  429-block  0
call    0 never executed
        -:  430:        }
    #####:  431:        break;
    %%%%%:  431-block  0
        -:  432:
    #####:  433:      case 2:
    #####:  434:        break;  // The mutex is already initialized and ready for use.
    %%%%%:  434-block  0
        -:  435:
    #####:  436:      default:
    #####:  437:        GTEST_CHECK_(false)
    %%%%%:  437-block  0
call    0 never executed
branch  1 never executed
branch  2 never executed
    %%%%%:  437-block  1
call    3 never executed
call    4 never executed
    %%%%%:  437-block  2
call    5 never executed
    $$$$$:  437-block  3
call    6 never executed
        -:  438:            << "Unexpected value of critical_section_init_phase_ "
    #####:  439:            << "while initializing a static mutex.";
call    0 never executed
branch  1 never executed
branch  2 never executed
    %%%%%:  439-block  0
call    3 never executed
branch  4 never executed
branch  5 never executed
    %%%%%:  439-block  1
call    6 never executed
branch  7 never executed
branch  8 never executed
        -:  440:    }
        -:  441:  }
    #####:  442:}
    %%%%%:  442-block  0
        -:  443:
        -:  444:namespace {
        -:  445:
        -:  446:class ThreadWithParamSupport : public ThreadWithParamBase {
        -:  447: public:
function _ZN7testing8internal12_GLOBAL__N_122ThreadWithParamSupport12CreateThreadEPNS0_19ThreadWithParamBase8RunnableEPNS0_12NotificationE called 0 returned 0% blocks executed 0%
    #####:  448:  static HANDLE CreateThread(Runnable* runnable,
        -:  449:                             Notification* thread_can_start) {
    #####:  450:    ThreadMainParam* param = new ThreadMainParam(runnable, thread_can_start);
    %%%%%:  450-block  0
call    0 never executed
branch  1 never executed
branch  2 never executed
    %%%%%:  450-block  1
call    3 never executed
        -:  451:    DWORD thread_id;
    #####:  452:    HANDLE thread_handle = ::CreateThread(
call    0 never executed
branch  1 never executed
branch  2 never executed
        -:  453:        nullptr,  // Default security.
        -:  454:        0,        // Default stack size.
        -:  455:        &ThreadWithParamSupport::ThreadMain,
        -:  456:        param,        // Parameter to ThreadMainStatic
        -:  457:        0x0,          // Default creation flags.
        -:  458:        &thread_id);  // Need a valid pointer for the call to work under Win98.
    #####:  459:    GTEST_CHECK_(thread_handle != nullptr)
    %%%%%:  459-block  0
call    0 never executed
branch  1 never executed
branch  2 never executed
    %%%%%:  459-block  1
call    3 never executed
branch  4 never executed
branch  5 never executed
    %%%%%:  459-block  2
call    6 never executed
    %%%%%:  459-block  3
call    7 never executed
    $$$$$:  459-block  4
call    8 never executed
    $$$$$:  459-block  5
    #####:  460:        << "CreateThread failed with error " << ::GetLastError() << ".";
call    0 never executed
branch  1 never executed
branch  2 never executed
    %%%%%:  460-block  0
call    3 never executed
branch  4 never executed
branch  5 never executed
    %%%%%:  460-block  1
call    6 never executed
branch  7 never executed
branch  8 never executed
    %%%%%:  460-block  2
call    9 never executed
branch 10 never executed
branch 11 never executed
    %%%%%:  460-block  3
call   12 never executed
branch 13 never executed
branch 14 never executed
    #####:  461:    if (thread_handle == nullptr) {
    %%%%%:  461-block  0
branch  0 never executed
branch  1 never executed
    #####:  462:      delete param;
    %%%%%:  462-block  0
branch  0 never executed
branch  1 never executed
    %%%%%:  462-block  1
call    2 never executed
call    3 never executed
        -:  463:    }
    #####:  464:    return thread_handle;
    %%%%%:  464-block  0
    %%%%%:  464-block  1
        -:  465:  }
        -:  466:
        -:  467: private:
        -:  468:  struct ThreadMainParam {
function _ZN7testing8internal12_GLOBAL__N_122ThreadWithParamSupport15ThreadMainParamC2EPNS0_19ThreadWithParamBase8RunnableEPNS0_12NotificationE called 0 returned 0% blocks executed 0%
    #####:  469:    ThreadMainParam(Runnable* runnable, Notification* thread_can_start)
    #####:  470:        : runnable_(runnable),
    #####:  471:          thread_can_start_(thread_can_start) {
    %%%%%:  471-block  0
call    0 never executed
    #####:  472:    }
        -:  473:    std::unique_ptr<Runnable> runnable_;
        -:  474:    // Does not own.
        -:  475:    Notification* thread_can_start_;
        -:  476:  };
        -:  477:
function _ZN7testing8internal12_GLOBAL__N_122ThreadWithParamSupport10ThreadMainEPv@4 called 0 returned 0% blocks executed 0%
    #####:  478:  static DWORD WINAPI ThreadMain(void* ptr) {
        -:  479:    // Transfers ownership.
    #####:  480:    std::unique_ptr<ThreadMainParam> param(static_cast<ThreadMainParam*>(ptr));
    %%%%%:  480-block  0
call    0 never executed
    $$$$$:  480-block  1
call    1 never executed
    #####:  481:    if (param->thread_can_start_ != nullptr)
call    0 never executed
branch  1 never executed
branch  2 never executed
    #####:  482:      param->thread_can_start_->WaitForNotification();
    %%%%%:  482-block  0
call    0 never executed
call    1 never executed
branch  2 never executed
branch  3 never executed
    #####:  483:    param->runnable_->Run();
    %%%%%:  483-block  0
call    0 never executed
call    1 never executed
call    2 never executed
branch  3 never executed
branch  4 never executed
    #####:  484:    return 0;
    %%%%%:  484-block  0
call    0 never executed
    %%%%%:  484-block  1
        -:  485:  }
        -:  486:
        -:  487:  // Prohibit instantiation.
        -:  488:  ThreadWithParamSupport();
        -:  489:
        -:  490:  GTEST_DISALLOW_COPY_AND_ASSIGN_(ThreadWithParamSupport);
        -:  491:};
        -:  492:
        -:  493:}  // namespace
        -:  494:
function _ZN7testing8internal19ThreadWithParamBaseC2EPNS1_8RunnableEPNS0_12NotificationE called 0 returned 0% blocks executed 0%
    #####:  495:ThreadWithParamBase::ThreadWithParamBase(Runnable *runnable,
    #####:  496:                                         Notification* thread_can_start)
        -:  497:      : thread_(ThreadWithParamSupport::CreateThread(runnable,
    #####:  498:                                                     thread_can_start)) {
    %%%%%:  498-block  0
call    0 never executed
call    1 never executed
    #####:  499:}
        -:  500:
    #####:  501:ThreadWithParamBase::~ThreadWithParamBase() {
    #####:  502:  Join();
    #####:  503:}
------------------
_ZN7testing8internal19ThreadWithParamBaseD0Ev:
function _ZN7testing8internal19ThreadWithParamBaseD0Ev called 0 returned 0% blocks executed 0%
    #####:  501:ThreadWithParamBase::~ThreadWithParamBase() {
        -:  502:  Join();
    #####:  503:}
    %%%%%:  503-block  0
call    0 never executed
call    1 never executed
------------------
_ZN7testing8internal19ThreadWithParamBaseD2Ev:
function _ZN7testing8internal19ThreadWithParamBaseD2Ev called 0 returned 0% blocks executed 0%
    #####:  501:ThreadWithParamBase::~ThreadWithParamBase() {
call    0 never executed
    #####:  502:  Join();
    %%%%%:  502-block  0
call    0 never executed
    #####:  503:}
------------------
        -:  504:
function _ZN7testing8internal19ThreadWithParamBase4JoinEv called 0 returned 0% blocks executed 0%
    #####:  505:void ThreadWithParamBase::Join() {
    #####:  506:  GTEST_CHECK_(::WaitForSingleObject(thread_.Get(), INFINITE) == WAIT_OBJECT_0)
    %%%%%:  506-block  0
call    0 never executed
call    1 never executed
call    2 never executed
branch  3 never executed
branch  4 never executed
    %%%%%:  506-block  1
call    5 never executed
call    6 never executed
    %%%%%:  506-block  2
call    7 never executed
    $$$$$:  506-block  3
call    8 never executed
    #####:  507:      << "Failed to join the thread with error " << ::GetLastError() << ".";
call    0 never executed
branch  1 never executed
branch  2 never executed
    %%%%%:  507-block  0
call    3 never executed
branch  4 never executed
branch  5 never executed
    %%%%%:  507-block  1
call    6 never executed
branch  7 never executed
branch  8 never executed
    %%%%%:  507-block  2
call    9 never executed
branch 10 never executed
branch 11 never executed
    %%%%%:  507-block  3
call   12 never executed
branch 13 never executed
branch 14 never executed
    #####:  508:}
    %%%%%:  508-block  0
        -:  509:
        -:  510:// Maps a thread to a set of ThreadIdToThreadLocals that have values
        -:  511:// instantiated on that thread and notifies them when the thread exits.  A
        -:  512:// ThreadLocal instance is expected to persist until all threads it has
        -:  513:// values on have terminated.
        -:  514:class ThreadLocalRegistryImpl {
        -:  515: public:
        -:  516:  // Registers thread_local_instance as having value on the current thread.
        -:  517:  // Returns a value that can be used to identify the thread from other threads.
function _ZN7testing8internal23ThreadLocalRegistryImpl23GetValueOnCurrentThreadEPKNS0_15ThreadLocalBaseE called 0 returned 0% blocks executed 0%
    #####:  518:  static ThreadLocalValueHolderBase* GetValueOnCurrentThread(
        -:  519:      const ThreadLocalBase* thread_local_instance) {
        -:  520:#ifdef _MSC_VER
        -:  521:    MemoryIsNotDeallocated memory_is_not_deallocated;
        -:  522:#endif  // _MSC_VER
    #####:  523:    DWORD current_thread = ::GetCurrentThreadId();
    %%%%%:  523-block  0
call    0 never executed
branch  1 never executed
branch  2 never executed
    #####:  524:    MutexLock lock(&mutex_);
    %%%%%:  524-block  0
call    0 never executed
branch  1 never executed
branch  2 never executed
call    3 never executed
    $$$$$:  524-block  1
call    4 never executed
        -:  525:    ThreadIdToThreadLocals* const thread_to_thread_locals =
    #####:  526:        GetThreadLocalsMapLocked();
    %%%%%:  526-block  0
call    0 never executed
branch  1 never executed
branch  2 never executed
        -:  527:    ThreadIdToThreadLocals::iterator thread_local_pos =
    #####:  528:        thread_to_thread_locals->find(current_thread);
    %%%%%:  528-block  0
call    0 never executed
branch  1 never executed
branch  2 never executed
    #####:  529:    if (thread_local_pos == thread_to_thread_locals->end()) {
    %%%%%:  529-block  0
call    0 never executed
call    1 never executed
branch  2 never executed
branch  3 never executed
    #####:  530:      thread_local_pos = thread_to_thread_locals->insert(
    #####:  531:          std::make_pair(current_thread, ThreadLocalValues())).first;
    %%%%%:  531-block  0
call    0 never executed
call    1 never executed
branch  2 never executed
branch  3 never executed
    %%%%%:  531-block  1
call    4 never executed
branch  5 never executed
branch  6 never executed
    %%%%%:  531-block  2
call    7 never executed
call    8 never executed
    $$$$$:  531-block  3
call    9 never executed
    $$$$$:  531-block  4
    $$$$$:  531-block  5
call   10 never executed
    $$$$$:  531-block  6
    #####:  532:      StartWatcherThreadFor(current_thread);
call    0 never executed
branch  1 never executed
branch  2 never executed
        -:  533:    }
    #####:  534:    ThreadLocalValues& thread_local_values = thread_local_pos->second;
    %%%%%:  534-block  0
call    0 never executed
        -:  535:    ThreadLocalValues::iterator value_pos =
    #####:  536:        thread_local_values.find(thread_local_instance);
call    0 never executed
branch  1 never executed
branch  2 never executed
    #####:  537:    if (value_pos == thread_local_values.end()) {
    %%%%%:  537-block  0
call    0 never executed
call    1 never executed
branch  2 never executed
branch  3 never executed
    #####:  538:      value_pos =
        -:  539:          thread_local_values
    #####:  540:              .insert(std::make_pair(
    %%%%%:  540-block  0
call    0 never executed
branch  1 never executed
branch  2 never executed
    %%%%%:  540-block  1
call    3 never executed
    $$$$$:  540-block  2
call    4 never executed
    $$$$$:  540-block  3
        -:  541:                  thread_local_instance,
    #####:  542:                  std::shared_ptr<ThreadLocalValueHolderBase>(
    %%%%%:  542-block  0
call    0 never executed
branch  1 never executed
branch  2 never executed
call    3 never executed
    $$$$$:  542-block  1
call    4 never executed
    $$$$$:  542-block  2
    #####:  543:                      thread_local_instance->NewValueForCurrentThread())))
    %%%%%:  543-block  0
call    0 never executed
branch  1 never executed
branch  2 never executed
    %%%%%:  543-block  1
call    3 never executed
branch  4 never executed
branch  5 never executed
        -:  544:              .first;
        -:  545:    }
    #####:  546:    return value_pos->second.get();
    %%%%%:  546-block  0
call    0 never executed
call    1 never executed
    %%%%%:  546-block  1
        -:  547:  }
        -:  548:
function _ZN7testing8internal23ThreadLocalRegistryImpl22OnThreadLocalDestroyedEPKNS0_15ThreadLocalBaseE called 0 returned 0% blocks executed 0%
    #####:  549:  static void OnThreadLocalDestroyed(
        -:  550:      const ThreadLocalBase* thread_local_instance) {
    #####:  551:    std::vector<std::shared_ptr<ThreadLocalValueHolderBase> > value_holders;
    %%%%%:  551-block  0
call    0 never executed
call    1 never executed
    $$$$$:  551-block  1
call    2 never executed
        -:  552:    // Clean up the ThreadLocalValues data structure while holding the lock, but
        -:  553:    // defer the destruction of the ThreadLocalValueHolderBases.
        -:  554:    {
    #####:  555:      MutexLock lock(&mutex_);
call    0 never executed
branch  1 never executed
branch  2 never executed
    %%%%%:  555-block  0
call    3 never executed
    $$$$$:  555-block  1
call    4 never executed
        -:  556:      ThreadIdToThreadLocals* const thread_to_thread_locals =
    #####:  557:          GetThreadLocalsMapLocked();
    %%%%%:  557-block  0
call    0 never executed
branch  1 never executed
branch  2 never executed
    #####:  558:      for (ThreadIdToThreadLocals::iterator it =
    #####:  559:          thread_to_thread_locals->begin();
    %%%%%:  559-block  0
call    0 never executed
    #####:  560:          it != thread_to_thread_locals->end();
    %%%%%:  560-block  0
call    0 never executed
call    1 never executed
branch  2 never executed
branch  3 never executed
    #####:  561:          ++it) {
    %%%%%:  561-block  0
call    0 never executed
    #####:  562:        ThreadLocalValues& thread_local_values = it->second;
    %%%%%:  562-block  0
call    0 never executed
        -:  563:        ThreadLocalValues::iterator value_pos =
    #####:  564:            thread_local_values.find(thread_local_instance);
call    0 never executed
branch  1 never executed
branch  2 never executed
    #####:  565:        if (value_pos != thread_local_values.end()) {
    %%%%%:  565-block  0
call    0 never executed
call    1 never executed
branch  2 never executed
branch  3 never executed
    #####:  566:          value_holders.push_back(value_pos->second);
    %%%%%:  566-block  0
call    0 never executed
call    1 never executed
branch  2 never executed
branch  3 never executed
    #####:  567:          thread_local_values.erase(value_pos);
    %%%%%:  567-block  0
call    0 never executed
branch  1 never executed
branch  2 never executed
        -:  568:          // This 'if' can only be successful at most once, so theoretically we
        -:  569:          // could break out of the loop here, but we don't bother doing so.
        -:  570:        }
        -:  571:      }
        -:  572:    }
        -:  573:    // Outside the lock, let the destructor for 'value_holders' deallocate the
        -:  574:    // ThreadLocalValueHolderBases.
    #####:  575:  }
        -:  576:
function _ZN7testing8internal23ThreadLocalRegistryImpl12OnThreadExitEm called 0 returned 0% blocks executed 0%
    #####:  577:  static void OnThreadExit(DWORD thread_id) {
    #####:  578:    GTEST_CHECK_(thread_id != 0) << ::GetLastError();
    %%%%%:  578-block  0
call    0 never executed
branch  1 never executed
branch  2 never executed
    %%%%%:  578-block  1
call    3 never executed
branch  4 never executed
branch  5 never executed
    %%%%%:  578-block  2
call    6 never executed
call    7 never executed
branch  8 never executed
branch  9 never executed
    %%%%%:  578-block  3
call   10 never executed
branch 11 never executed
branch 12 never executed
    %%%%%:  578-block  4
call   13 never executed
branch 14 never executed
branch 15 never executed
    %%%%%:  578-block  5
call   16 never executed
    $$$$$:  578-block  6
call   17 never executed
    $$$$$:  578-block  7
    #####:  579:    std::vector<std::shared_ptr<ThreadLocalValueHolderBase> > value_holders;
    %%%%%:  579-block  0
call    0 never executed
call    1 never executed
    $$$$$:  579-block  1
call    2 never executed
        -:  580:    // Clean up the ThreadIdToThreadLocals data structure while holding the
        -:  581:    // lock, but defer the destruction of the ThreadLocalValueHolderBases.
        -:  582:    {
    #####:  583:      MutexLock lock(&mutex_);
call    0 never executed
branch  1 never executed
branch  2 never executed
    %%%%%:  583-block  0
call    3 never executed
    $$$$$:  583-block  1
call    4 never executed
        -:  584:      ThreadIdToThreadLocals* const thread_to_thread_locals =
    #####:  585:          GetThreadLocalsMapLocked();
    %%%%%:  585-block  0
call    0 never executed
branch  1 never executed
branch  2 never executed
        -:  586:      ThreadIdToThreadLocals::iterator thread_local_pos =
    #####:  587:          thread_to_thread_locals->find(thread_id);
    %%%%%:  587-block  0
call    0 never executed
branch  1 never executed
branch  2 never executed
    #####:  588:      if (thread_local_pos != thread_to_thread_locals->end()) {
    %%%%%:  588-block  0
call    0 never executed
call    1 never executed
branch  2 never executed
branch  3 never executed
    #####:  589:        ThreadLocalValues& thread_local_values = thread_local_pos->second;
    %%%%%:  589-block  0
call    0 never executed
    #####:  590:        for (ThreadLocalValues::iterator value_pos =
    #####:  591:            thread_local_values.begin();
call    0 never executed
    #####:  592:            value_pos != thread_local_values.end();
    %%%%%:  592-block  0
call    0 never executed
call    1 never executed
branch  2 never executed
branch  3 never executed
    #####:  593:            ++value_pos) {
    %%%%%:  593-block  0
call    0 never executed
    #####:  594:          value_holders.push_back(value_pos->second);
    %%%%%:  594-block  0
call    0 never executed
call    1 never executed
branch  2 never executed
branch  3 never executed
        -:  595:        }
    #####:  596:        thread_to_thread_locals->erase(thread_local_pos);
    %%%%%:  596-block  0
call    0 never executed
branch  1 never executed
branch  2 never executed
        -:  597:      }
        -:  598:    }
        -:  599:    // Outside the lock, let the destructor for 'value_holders' deallocate the
        -:  600:    // ThreadLocalValueHolderBases.
    #####:  601:  }
        -:  602:
        -:  603: private:
        -:  604:  // In a particular thread, maps a ThreadLocal object to its value.
        -:  605:  typedef std::map<const ThreadLocalBase*,
        -:  606:                   std::shared_ptr<ThreadLocalValueHolderBase> >
        -:  607:      ThreadLocalValues;
        -:  608:  // Stores all ThreadIdToThreadLocals having values in a thread, indexed by
        -:  609:  // thread's ID.
        -:  610:  typedef std::map<DWORD, ThreadLocalValues> ThreadIdToThreadLocals;
        -:  611:
        -:  612:  // Holds the thread id and thread handle that we pass from
        -:  613:  // StartWatcherThreadFor to WatcherThreadFunc.
        -:  614:  typedef std::pair<DWORD, HANDLE> ThreadIdAndHandle;
        -:  615:
function _ZN7testing8internal23ThreadLocalRegistryImpl21StartWatcherThreadForEm called 0 returned 0% blocks executed 0%
    #####:  616:  static void StartWatcherThreadFor(DWORD thread_id) {
        -:  617:    // The returned handle will be kept in thread_map and closed by
        -:  618:    // watcher_thread in WatcherThreadFunc.
    #####:  619:    HANDLE thread = ::OpenThread(SYNCHRONIZE | THREAD_QUERY_INFORMATION,
    %%%%%:  619-block  0
call    0 never executed
branch  1 never executed
branch  2 never executed
        -:  620:                                 FALSE,
    #####:  621:                                 thread_id);
    #####:  622:    GTEST_CHECK_(thread != nullptr);
    %%%%%:  622-block  0
call    0 never executed
branch  1 never executed
branch  2 never executed
    %%%%%:  622-block  1
call    3 never executed
branch  4 never executed
branch  5 never executed
    %%%%%:  622-block  2
call    6 never executed
call    7 never executed
branch  8 never executed
branch  9 never executed
    %%%%%:  622-block  3
call   10 never executed
    $$$$$:  622-block  4
call   11 never executed
    $$$$$:  622-block  5
        -:  623:    // We need to pass a valid thread ID pointer into CreateThread for it
        -:  624:    // to work correctly under Win98.
        -:  625:    DWORD watcher_thread_id;
    #####:  626:    HANDLE watcher_thread = ::CreateThread(
call    0 never executed
branch  1 never executed
branch  2 never executed
        -:  627:        nullptr,  // Default security.
        -:  628:        0,        // Default stack size
        -:  629:        &ThreadLocalRegistryImpl::WatcherThreadFunc,
    #####:  630:        reinterpret_cast<LPVOID>(new ThreadIdAndHandle(thread_id, thread)),
    %%%%%:  630-block  0
call    0 never executed
branch  1 never executed
branch  2 never executed
    %%%%%:  630-block  1
call    3 never executed
        -:  631:        CREATE_SUSPENDED, &watcher_thread_id);
    #####:  632:    GTEST_CHECK_(watcher_thread != nullptr)
    %%%%%:  632-block  0
call    0 never executed
branch  1 never executed
branch  2 never executed
    %%%%%:  632-block  1
call    3 never executed
branch  4 never executed
branch  5 never executed
    %%%%%:  632-block  2
call    6 never executed
    %%%%%:  632-block  3
call    7 never executed
    $$$$$:  632-block  4
call    8 never executed
    $$$$$:  632-block  5
    #####:  633:        << "CreateThread failed with error " << ::GetLastError() << ".";
call    0 never executed
branch  1 never executed
branch  2 never executed
    %%%%%:  633-block  0
call    3 never executed
branch  4 never executed
branch  5 never executed
    %%%%%:  633-block  1
call    6 never executed
branch  7 never executed
branch  8 never executed
    %%%%%:  633-block  2
call    9 never executed
branch 10 never executed
branch 11 never executed
    %%%%%:  633-block  3
call   12 never executed
branch 13 never executed
branch 14 never executed
        -:  634:    // Give the watcher thread the same priority as ours to avoid being
        -:  635:    // blocked by it.
    #####:  636:    ::SetThreadPriority(watcher_thread,
    %%%%%:  636-block  0
call    0 never executed
branch  1 never executed
branch  2 never executed
    %%%%%:  636-block  1
call    3 never executed
branch  4 never executed
branch  5 never executed
    %%%%%:  636-block  2
call    6 never executed
branch  7 never executed
branch  8 never executed
        -:  637:                        ::GetThreadPriority(::GetCurrentThread()));
    #####:  638:    ::ResumeThread(watcher_thread);
    %%%%%:  638-block  0
call    0 never executed
branch  1 never executed
branch  2 never executed
    #####:  639:    ::CloseHandle(watcher_thread);
    %%%%%:  639-block  0
call    0 never executed
branch  1 never executed
branch  2 never executed
    #####:  640:  }
    %%%%%:  640-block  0
        -:  641:
        -:  642:  // Monitors exit from a given thread and notifies those
        -:  643:  // ThreadIdToThreadLocals about thread termination.
function _ZN7testing8internal23ThreadLocalRegistryImpl17WatcherThreadFuncEPv@4 called 0 returned 0% blocks executed 0%
    #####:  644:  static DWORD WINAPI WatcherThreadFunc(LPVOID param) {
    #####:  645:    const ThreadIdAndHandle* tah =
        -:  646:        reinterpret_cast<const ThreadIdAndHandle*>(param);
    #####:  647:    GTEST_CHECK_(
    %%%%%:  647-block  0
call    0 never executed
call    1 never executed
branch  2 never executed
branch  3 never executed
    %%%%%:  647-block  1
call    4 never executed
call    5 never executed
call    6 never executed
branch  7 never executed
branch  8 never executed
    %%%%%:  647-block  2
call    9 never executed
    $$$$$:  647-block  3
call   10 never executed
        -:  648:        ::WaitForSingleObject(tah->second, INFINITE) == WAIT_OBJECT_0);
    #####:  649:    OnThreadExit(tah->first);
    %%%%%:  649-block  0
call    0 never executed
    #####:  650:    ::CloseHandle(tah->second);
call    0 never executed
    #####:  651:    delete tah;
call    0 never executed
    #####:  652:    return 0;
    %%%%%:  652-block  0
        -:  653:  }
        -:  654:
        -:  655:  // Returns map of thread local instances.
function _ZN7testing8internal23ThreadLocalRegistryImpl24GetThreadLocalsMapLockedEv called 0 returned 0% blocks executed 0%
    #####:  656:  static ThreadIdToThreadLocals* GetThreadLocalsMapLocked() {
    #####:  657:    mutex_.AssertHeld();
    %%%%%:  657-block  0
call    0 never executed
        -:  658:#ifdef _MSC_VER
        -:  659:    MemoryIsNotDeallocated memory_is_not_deallocated;
        -:  660:#endif  // _MSC_VER
    #####:  661:    static ThreadIdToThreadLocals* map = new ThreadIdToThreadLocals();
branch  0 never executed
branch  1 never executed
    %%%%%:  661-block  0
call    2 never executed
branch  3 never executed
branch  4 never executed
    %%%%%:  661-block  1
call    5 never executed
branch  6 never executed
branch  7 never executed
    %%%%%:  661-block  2
call    8 never executed
call    9 never executed
    $$$$$:  661-block  3
branch 10 never executed
branch 11 never executed
    $$$$$:  661-block  4
call   12 never executed
    #####:  662:    return map;
    %%%%%:  662-block  0
    %%%%%:  662-block  1
        -:  663:  }
        -:  664:
        -:  665:  // Protects access to GetThreadLocalsMapLocked() and its return value.
        -:  666:  static Mutex mutex_;
        -:  667:  // Protects access to GetThreadMapLocked() and its return value.
        -:  668:  static Mutex thread_map_mutex_;
        -:  669:};
        -:  670:
        -:  671:Mutex ThreadLocalRegistryImpl::mutex_(Mutex::kStaticMutex);  // NOLINT
        -:  672:Mutex ThreadLocalRegistryImpl::thread_map_mutex_(Mutex::kStaticMutex);  // NOLINT
        -:  673:
function _ZN7testing8internal19ThreadLocalRegistry23GetValueOnCurrentThreadEPKNS0_15ThreadLocalBaseE called 0 returned 0% blocks executed 0%
    #####:  674:ThreadLocalValueHolderBase* ThreadLocalRegistry::GetValueOnCurrentThread(
        -:  675:      const ThreadLocalBase* thread_local_instance) {
    #####:  676:  return ThreadLocalRegistryImpl::GetValueOnCurrentThread(
    %%%%%:  676-block  0
call    0 never executed
    #####:  677:      thread_local_instance);
        -:  678:}
        -:  679:
function _ZN7testing8internal19ThreadLocalRegistry22OnThreadLocalDestroyedEPKNS0_15ThreadLocalBaseE called 0 returned 0% blocks executed 0%
    #####:  680:void ThreadLocalRegistry::OnThreadLocalDestroyed(
        -:  681:      const ThreadLocalBase* thread_local_instance) {
    #####:  682:  ThreadLocalRegistryImpl::OnThreadLocalDestroyed(thread_local_instance);
    %%%%%:  682-block  0
call    0 never executed
    #####:  683:}
        -:  684:
        -:  685:#endif  // GTEST_IS_THREADSAFE && GTEST_OS_WINDOWS
        -:  686:
        -:  687:#if GTEST_USES_POSIX_RE
        -:  688:
        -:  689:// Implements RE.  Currently only needed for death tests.
        -:  690:
        -:  691:RE::~RE() {
        -:  692:  if (is_valid_) {
        -:  693:    // regfree'ing an invalid regex might crash because the content
        -:  694:    // of the regex is undefined. Since the regex's are essentially
        -:  695:    // the same, one cannot be valid (or invalid) without the other
        -:  696:    // being so too.
        -:  697:    regfree(&partial_regex_);
        -:  698:    regfree(&full_regex_);
        -:  699:  }
        -:  700:  free(const_cast<char*>(pattern_));
        -:  701:}
        -:  702:
        -:  703:// Returns true if and only if regular expression re matches the entire str.
        -:  704:bool RE::FullMatch(const char* str, const RE& re) {
        -:  705:  if (!re.is_valid_) return false;
        -:  706:
        -:  707:  regmatch_t match;
        -:  708:  return regexec(&re.full_regex_, str, 1, &match, 0) == 0;
        -:  709:}
        -:  710:
        -:  711:// Returns true if and only if regular expression re matches a substring of
        -:  712:// str (including str itself).
        -:  713:bool RE::PartialMatch(const char* str, const RE& re) {
        -:  714:  if (!re.is_valid_) return false;
        -:  715:
        -:  716:  regmatch_t match;
        -:  717:  return regexec(&re.partial_regex_, str, 1, &match, 0) == 0;
        -:  718:}
        -:  719:
        -:  720:// Initializes an RE from its string representation.
        -:  721:void RE::Init(const char* regex) {
        -:  722:  pattern_ = posix::StrDup(regex);
        -:  723:
        -:  724:  // Reserves enough bytes to hold the regular expression used for a
        -:  725:  // full match.
        -:  726:  const size_t full_regex_len = strlen(regex) + 10;
        -:  727:  char* const full_pattern = new char[full_regex_len];
        -:  728:
        -:  729:  snprintf(full_pattern, full_regex_len, "^(%s)$", regex);
        -:  730:  is_valid_ = regcomp(&full_regex_, full_pattern, REG_EXTENDED) == 0;
        -:  731:  // We want to call regcomp(&partial_regex_, ...) even if the
        -:  732:  // previous expression returns false.  Otherwise partial_regex_ may
        -:  733:  // not be properly initialized can may cause trouble when it's
        -:  734:  // freed.
        -:  735:  //
        -:  736:  // Some implementation of POSIX regex (e.g. on at least some
        -:  737:  // versions of Cygwin) doesn't accept the empty string as a valid
        -:  738:  // regex.  We change it to an equivalent form "()" to be safe.
        -:  739:  if (is_valid_) {
        -:  740:    const char* const partial_regex = (*regex == '\0') ? "()" : regex;
        -:  741:    is_valid_ = regcomp(&partial_regex_, partial_regex, REG_EXTENDED) == 0;
        -:  742:  }
        -:  743:  EXPECT_TRUE(is_valid_)
        -:  744:      << "Regular expression \"" << regex
        -:  745:      << "\" is not a valid POSIX Extended regular expression.";
        -:  746:
        -:  747:  delete[] full_pattern;
        -:  748:}
        -:  749:
        -:  750:#elif GTEST_USES_SIMPLE_RE
        -:  751:
        -:  752:// Returns true if and only if ch appears anywhere in str (excluding the
        -:  753:// terminating '\0' character).
function _ZN7testing8internal7IsInSetEcPKc called 0 returned 0% blocks executed 0%
    #####:  754:bool IsInSet(char ch, const char* str) {
    #####:  755:  return ch != '\0' && strchr(str, ch) != nullptr;
    %%%%%:  755-block  0
branch  0 never executed
branch  1 never executed
    %%%%%:  755-block  1
branch  2 never executed
branch  3 never executed
    %%%%%:  755-block  2
    %%%%%:  755-block  3
    %%%%%:  755-block  4
        -:  756:}
        -:  757:
        -:  758:// Returns true if and only if ch belongs to the given classification.
        -:  759:// Unlike similar functions in <ctype.h>, these aren't affected by the
        -:  760:// current locale.
function _ZN7testing8internal12IsAsciiDigitEc called 0 returned 0% blocks executed 0%
    #####:  761:bool IsAsciiDigit(char ch) { return '0' <= ch && ch <= '9'; }
    %%%%%:  761-block  0
branch  0 never executed
branch  1 never executed
    %%%%%:  761-block  1
branch  2 never executed
branch  3 never executed
    %%%%%:  761-block  2
    %%%%%:  761-block  3
    %%%%%:  761-block  4
function _ZN7testing8internal12IsAsciiPunctEc called 0 returned 0% blocks executed 0%
    #####:  762:bool IsAsciiPunct(char ch) {
    #####:  763:  return IsInSet(ch, "^-!\"#$%&'()*+,./:;<=>?@[\\]_`{|}~");
    %%%%%:  763-block  0
call    0 never executed
        -:  764:}
function _ZN7testing8internal8IsRepeatEc called 0 returned 0% blocks executed 0%
    #####:  765:bool IsRepeat(char ch) { return IsInSet(ch, "?*+"); }
    %%%%%:  765-block  0
call    0 never executed
function _ZN7testing8internal17IsAsciiWhiteSpaceEc called 0 returned 0% blocks executed 0%
    #####:  766:bool IsAsciiWhiteSpace(char ch) { return IsInSet(ch, " \f\n\r\t\v"); }
    %%%%%:  766-block  0
call    0 never executed
function _ZN7testing8internal15IsAsciiWordCharEc called 0 returned 0% blocks executed 0%
    #####:  767:bool IsAsciiWordChar(char ch) {
    #####:  768:  return ('a' <= ch && ch <= 'z') || ('A' <= ch && ch <= 'Z') ||
    %%%%%:  768-block  0
branch  0 never executed
branch  1 never executed
    %%%%%:  768-block  1
branch  2 never executed
branch  3 never executed
    %%%%%:  768-block  2
branch  4 never executed
branch  5 never executed
    %%%%%:  768-block  3
branch  6 never executed
branch  7 never executed
    #####:  769:      ('0' <= ch && ch <= '9') || ch == '_';
    %%%%%:  769-block  0
branch  0 never executed
branch  1 never executed
    %%%%%:  769-block  1
branch  2 never executed
branch  3 never executed
    %%%%%:  769-block  2
branch  4 never executed
branch  5 never executed
    %%%%%:  769-block  3
    %%%%%:  769-block  4
    %%%%%:  769-block  5
        -:  770:}
        -:  771:
        -:  772:// Returns true if and only if "\\c" is a supported escape sequence.
function _ZN7testing8internal13IsValidEscapeEc called 0 returned 0% blocks executed 0%
    #####:  773:bool IsValidEscape(char c) {
    #####:  774:  return (IsAsciiPunct(c) || IsInSet(c, "dDfnrsStvwW"));
    %%%%%:  774-block  0
call    0 never executed
branch  1 never executed
branch  2 never executed
    %%%%%:  774-block  1
call    3 never executed
branch  4 never executed
branch  5 never executed
    %%%%%:  774-block  2
    %%%%%:  774-block  3
    %%%%%:  774-block  4
        -:  775:}
        -:  776:
        -:  777:// Returns true if and only if the given atom (specified by escaped and
        -:  778:// pattern) matches ch.  The result is undefined if the atom is invalid.
function _ZN7testing8internal15AtomMatchesCharEbcc called 0 returned 0% blocks executed 0%
    #####:  779:bool AtomMatchesChar(bool escaped, char pattern_char, char ch) {
    #####:  780:  if (escaped) {  // "\\p" where p is pattern_char.
    %%%%%:  780-block  0
branch  0 never executed
branch  1 never executed
    #####:  781:    switch (pattern_char) {
    %%%%%:  781-block  0
branch  0 never executed
branch  1 never executed
branch  2 never executed
branch  3 never executed
branch  4 never executed
branch  5 never executed
branch  6 never executed
branch  7 never executed
branch  8 never executed
branch  9 never executed
branch 10 never executed
branch 11 never executed
    #####:  782:      case 'd': return IsAsciiDigit(ch);
    %%%%%:  782-block  0
call    0 never executed
    #####:  783:      case 'D': return !IsAsciiDigit(ch);
    %%%%%:  783-block  0
call    0 never executed
    #####:  784:      case 'f': return ch == '\f';
    %%%%%:  784-block  0
    #####:  785:      case 'n': return ch == '\n';
    %%%%%:  785-block  0
    #####:  786:      case 'r': return ch == '\r';
    %%%%%:  786-block  0
    #####:  787:      case 's': return IsAsciiWhiteSpace(ch);
    %%%%%:  787-block  0
call    0 never executed
    #####:  788:      case 'S': return !IsAsciiWhiteSpace(ch);
    %%%%%:  788-block  0
call    0 never executed
    #####:  789:      case 't': return ch == '\t';
    %%%%%:  789-block  0
    #####:  790:      case 'v': return ch == '\v';
    %%%%%:  790-block  0
    #####:  791:      case 'w': return IsAsciiWordChar(ch);
    %%%%%:  791-block  0
call    0 never executed
    #####:  792:      case 'W': return !IsAsciiWordChar(ch);
    %%%%%:  792-block  0
call    0 never executed
        -:  793:    }
    #####:  794:    return IsAsciiPunct(pattern_char) && pattern_char == ch;
    %%%%%:  794-block  0
call    0 never executed
branch  1 never executed
branch  2 never executed
    %%%%%:  794-block  1
branch  3 never executed
branch  4 never executed
    %%%%%:  794-block  2
    %%%%%:  794-block  3
    %%%%%:  794-block  4
        -:  795:  }
        -:  796:
    #####:  797:  return (pattern_char == '.' && ch != '\n') || pattern_char == ch;
    %%%%%:  797-block  0
branch  0 never executed
branch  1 never executed
    %%%%%:  797-block  1
branch  2 never executed
branch  3 never executed
    %%%%%:  797-block  2
branch  4 never executed
branch  5 never executed
    %%%%%:  797-block  3
    %%%%%:  797-block  4
    %%%%%:  797-block  5
        -:  798:}
        -:  799:
        -:  800:// Helper function used by ValidateRegex() to format error messages.
function _ZN7testing8internalL22FormatRegexSyntaxErrorEPKci called 0 returned 0% blocks executed 0%
    #####:  801:static std::string FormatRegexSyntaxError(const char* regex, int index) {
    #####:  802:  return (Message() << "Syntax error at index " << index
    %%%%%:  802-block  0
call    0 never executed
call    1 never executed
branch  2 never executed
branch  3 never executed
    %%%%%:  802-block  1
call    4 never executed
branch  5 never executed
branch  6 never executed
    %%%%%:  802-block  2
call    7 never executed
    $$$$$:  802-block  3
call    8 never executed
    #####:  803:          << " in simple regular expression \"" << regex << "\": ").GetString();
    %%%%%:  803-block  0
call    0 never executed
branch  1 never executed
branch  2 never executed
    %%%%%:  803-block  1
call    3 never executed
branch  4 never executed
branch  5 never executed
    %%%%%:  803-block  2
call    6 never executed
branch  7 never executed
branch  8 never executed
    %%%%%:  803-block  3
call    9 never executed
branch 10 never executed
branch 11 never executed
    %%%%%:  803-block  4
    %%%%%:  803-block  5
        -:  804:}
        -:  805:
        -:  806:// Generates non-fatal failures and returns false if regex is invalid;
        -:  807:// otherwise returns true.
function _ZN7testing8internal13ValidateRegexEPKc called 0 returned 0% blocks executed 0%
    #####:  808:bool ValidateRegex(const char* regex) {
    #####:  809:  if (regex == nullptr) {
    %%%%%:  809-block  0
branch  0 never executed
branch  1 never executed
    #####:  810:    ADD_FAILURE() << "NULL is not a valid simple regular expression.";
    %%%%%:  810-block  0
call    0 never executed
call    1 never executed
branch  2 never executed
branch  3 never executed
    %%%%%:  810-block  1
call    4 never executed
branch  5 never executed
branch  6 never executed
    %%%%%:  810-block  2
call    7 never executed
branch  8 never executed
branch  9 never executed
    %%%%%:  810-block  3
call   10 never executed
call   11 never executed
    $$$$$:  810-block  4
call   12 never executed
    $$$$$:  810-block  5
    $$$$$:  810-block  6
call   13 never executed
    $$$$$:  810-block  7
call   14 never executed
    #####:  811:    return false;
        -:  812:  }
        -:  813:
    #####:  814:  bool is_valid = true;
        -:  815:
        -:  816:  // True if and only if ?, *, or + can follow the previous atom.
    #####:  817:  bool prev_repeatable = false;
    #####:  818:  for (int i = 0; regex[i]; i++) {
    %%%%%:  818-block  0
    %%%%%:  818-block  1
branch  0 never executed
branch  1 never executed
    %%%%%:  818-block  2
    #####:  819:    if (regex[i] == '\\') {  // An escape sequence
    %%%%%:  819-block  0
branch  0 never executed
branch  1 never executed
    #####:  820:      i++;
    #####:  821:      if (regex[i] == '\0') {
    %%%%%:  821-block  0
branch  0 never executed
branch  1 never executed
    #####:  822:        ADD_FAILURE() << FormatRegexSyntaxError(regex, i - 1)
    %%%%%:  822-block  0
call    0 never executed
call    1 never executed
branch  2 never executed
branch  3 never executed
    %%%%%:  822-block  1
call    4 never executed
branch  5 never executed
branch  6 never executed
    %%%%%:  822-block  2
call    7 never executed
branch  8 never executed
branch  9 never executed
    %%%%%:  822-block  3
call   10 never executed
call   11 never executed
call   12 never executed
    $$$$$:  822-block  4
call   13 never executed
    $$$$$:  822-block  5
    $$$$$:  822-block  6
call   14 never executed
    $$$$$:  822-block  7
    $$$$$:  822-block  8
call   15 never executed
    $$$$$:  822-block  9
call   16 never executed
    #####:  823:                      << "'\\' cannot appear at the end.";
    %%%%%:  823-block  0
call    0 never executed
branch  1 never executed
branch  2 never executed
    %%%%%:  823-block  1
call    3 never executed
branch  4 never executed
branch  5 never executed
    #####:  824:        return false;
        -:  825:      }
        -:  826:
    #####:  827:      if (!IsValidEscape(regex[i])) {
    %%%%%:  827-block  0
call    0 never executed
branch  1 never executed
branch  2 never executed
    #####:  828:        ADD_FAILURE() << FormatRegexSyntaxError(regex, i - 1)
    %%%%%:  828-block  0
call    0 never executed
call    1 never executed
branch  2 never executed
branch  3 never executed
    %%%%%:  828-block  1
call    4 never executed
branch  5 never executed
branch  6 never executed
    %%%%%:  828-block  2
call    7 never executed
branch  8 never executed
branch  9 never executed
    %%%%%:  828-block  3
call   10 never executed
call   11 never executed
call   12 never executed
    $$$$$:  828-block  4
call   13 never executed
    $$$$$:  828-block  5
    $$$$$:  828-block  6
call   14 never executed
    $$$$$:  828-block  7
    $$$$$:  828-block  8
call   15 never executed
    $$$$$:  828-block  9
call   16 never executed
    #####:  829:                      << "invalid escape sequence \"\\" << regex[i] << "\".";
    %%%%%:  829-block  0
call    0 never executed
branch  1 never executed
branch  2 never executed
    %%%%%:  829-block  1
call    3 never executed
branch  4 never executed
branch  5 never executed
    %%%%%:  829-block  2
call    6 never executed
branch  7 never executed
branch  8 never executed
    %%%%%:  829-block  3
call    9 never executed
branch 10 never executed
branch 11 never executed
    #####:  830:        is_valid = false;
        -:  831:      }
    #####:  832:      prev_repeatable = true;
    %%%%%:  832-block  0
        -:  833:    } else {  // Not an escape sequence.
    #####:  834:      const char ch = regex[i];
        -:  835:
    #####:  836:      if (ch == '^' && i > 0) {
    %%%%%:  836-block  0
branch  0 never executed
branch  1 never executed
    %%%%%:  836-block  1
branch  2 never executed
branch  3 never executed
    #####:  837:        ADD_FAILURE() << FormatRegexSyntaxError(regex, i)
    %%%%%:  837-block  0
call    0 never executed
branch  1 never executed
branch  2 never executed
    %%%%%:  837-block  1
call    3 never executed
branch  4 never executed
branch  5 never executed
    %%%%%:  837-block  2
call    6 never executed
branch  7 never executed
branch  8 never executed
    %%%%%:  837-block  3
call    9 never executed
branch 10 never executed
branch 11 never executed
    %%%%%:  837-block  4
call   12 never executed
call   13 never executed
call   14 never executed
    $$$$$:  837-block  5
call   15 never executed
    $$$$$:  837-block  6
    $$$$$:  837-block  7
call   16 never executed
    $$$$$:  837-block  8
    $$$$$:  837-block  9
call   17 never executed
    $$$$$:  837-block 10
    #####:  838:                      << "'^' can only appear at the beginning.";
    %%%%%:  838-block  0
call    0 never executed
branch  1 never executed
branch  2 never executed
    %%%%%:  838-block  1
call    3 never executed
branch  4 never executed
branch  5 never executed
    #####:  839:        is_valid = false;
    #####:  840:      } else if (ch == '$' && regex[i + 1] != '\0') {
    %%%%%:  840-block  0
branch  0 never executed
branch  1 never executed
    %%%%%:  840-block  1
branch  2 never executed
branch  3 never executed
    #####:  841:        ADD_FAILURE() << FormatRegexSyntaxError(regex, i)
    %%%%%:  841-block  0
call    0 never executed
branch  1 never executed
branch  2 never executed
    %%%%%:  841-block  1
call    3 never executed
branch  4 never executed
branch  5 never executed
    %%%%%:  841-block  2
call    6 never executed
branch  7 never executed
branch  8 never executed
    %%%%%:  841-block  3
call    9 never executed
branch 10 never executed
branch 11 never executed
    %%%%%:  841-block  4
call   12 never executed
call   13 never executed
call   14 never executed
    $$$$$:  841-block  5
call   15 never executed
    $$$$$:  841-block  6
    $$$$$:  841-block  7
call   16 never executed
    $$$$$:  841-block  8
    $$$$$:  841-block  9
call   17 never executed
    $$$$$:  841-block 10
    #####:  842:                      << "'$' can only appear at the end.";
    %%%%%:  842-block  0
call    0 never executed
branch  1 never executed
branch  2 never executed
    %%%%%:  842-block  1
call    3 never executed
branch  4 never executed
branch  5 never executed
    #####:  843:        is_valid = false;
    #####:  844:      } else if (IsInSet(ch, "()[]{}|")) {
    %%%%%:  844-block  0
call    0 never executed
branch  1 never executed
branch  2 never executed
    #####:  845:        ADD_FAILURE() << FormatRegexSyntaxError(regex, i)
    %%%%%:  845-block  0
call    0 never executed
branch  1 never executed
branch  2 never executed
    %%%%%:  845-block  1
call    3 never executed
branch  4 never executed
branch  5 never executed
    %%%%%:  845-block  2
call    6 never executed
branch  7 never executed
branch  8 never executed
    %%%%%:  845-block  3
call    9 never executed
branch 10 never executed
branch 11 never executed
    %%%%%:  845-block  4
call   12 never executed
call   13 never executed
call   14 never executed
    $$$$$:  845-block  5
call   15 never executed
    $$$$$:  845-block  6
    $$$$$:  845-block  7
call   16 never executed
    $$$$$:  845-block  8
    $$$$$:  845-block  9
call   17 never executed
    $$$$$:  845-block 10
    #####:  846:                      << "'" << ch << "' is unsupported.";
    %%%%%:  846-block  0
call    0 never executed
branch  1 never executed
branch  2 never executed
    %%%%%:  846-block  1
call    3 never executed
branch  4 never executed
branch  5 never executed
    %%%%%:  846-block  2
call    6 never executed
branch  7 never executed
branch  8 never executed
    %%%%%:  846-block  3
call    9 never executed
branch 10 never executed
branch 11 never executed
    #####:  847:        is_valid = false;
    #####:  848:      } else if (IsRepeat(ch) && !prev_repeatable) {
    %%%%%:  848-block  0
call    0 never executed
branch  1 never executed
branch  2 never executed
    %%%%%:  848-block  1
branch  3 never executed
branch  4 never executed
    %%%%%:  848-block  2
    %%%%%:  848-block  3
    %%%%%:  848-block  4
branch  5 never executed
branch  6 never executed
    #####:  849:        ADD_FAILURE() << FormatRegexSyntaxError(regex, i)
    %%%%%:  849-block  0
call    0 never executed
branch  1 never executed
branch  2 never executed
    %%%%%:  849-block  1
call    3 never executed
branch  4 never executed
branch  5 never executed
    %%%%%:  849-block  2
call    6 never executed
branch  7 never executed
branch  8 never executed
    %%%%%:  849-block  3
call    9 never executed
branch 10 never executed
branch 11 never executed
    %%%%%:  849-block  4
call   12 never executed
call   13 never executed
call   14 never executed
    $$$$$:  849-block  5
call   15 never executed
    $$$$$:  849-block  6
    $$$$$:  849-block  7
call   16 never executed
    $$$$$:  849-block  8
    $$$$$:  849-block  9
call   17 never executed
    $$$$$:  849-block 10
    #####:  850:                      << "'" << ch << "' can only follow a repeatable token.";
    %%%%%:  850-block  0
call    0 never executed
branch  1 never executed
branch  2 never executed
    %%%%%:  850-block  1
call    3 never executed
branch  4 never executed
branch  5 never executed
    %%%%%:  850-block  2
call    6 never executed
branch  7 never executed
branch  8 never executed
    %%%%%:  850-block  3
call    9 never executed
branch 10 never executed
branch 11 never executed
    #####:  851:        is_valid = false;
        -:  852:      }
        -:  853:
    #####:  854:      prev_repeatable = !IsInSet(ch, "^$?*+");
    %%%%%:  854-block  0
call    0 never executed
        -:  855:    }
        -:  856:  }
        -:  857:
    #####:  858:  return is_valid;
    %%%%%:  858-block  0
        -:  859:}
        -:  860:
        -:  861:// Matches a repeated regex atom followed by a valid simple regular
        -:  862:// expression.  The regex atom is defined as c if escaped is false,
        -:  863:// or \c otherwise.  repeat is the repetition meta character (?, *,
        -:  864:// or +).  The behavior is undefined if str contains too many
        -:  865:// characters to be indexable by size_t, in which case the test will
        -:  866:// probably time out anyway.  We are fine with this limitation as
        -:  867:// std::string has it too.
function _ZN7testing8internal29MatchRepetitionAndRegexAtHeadEbccPKcS2_ called 0 returned 0% blocks executed 0%
    #####:  868:bool MatchRepetitionAndRegexAtHead(
        -:  869:    bool escaped, char c, char repeat, const char* regex,
        -:  870:    const char* str) {
    #####:  871:  const size_t min_count = (repeat == '+') ? 1 : 0;
    %%%%%:  871-block  0
branch  0 never executed
branch  1 never executed
    %%%%%:  871-block  1
    %%%%%:  871-block  2
    #####:  872:  const size_t max_count = (repeat == '?') ? 1 :
    %%%%%:  872-block  0
branch  0 never executed
branch  1 never executed
    %%%%%:  872-block  1
    %%%%%:  872-block  2
        -:  873:      static_cast<size_t>(-1) - 1;
        -:  874:  // We cannot call numeric_limits::max() as it conflicts with the
        -:  875:  // max() macro on Windows.
        -:  876:
    #####:  877:  for (size_t i = 0; i <= max_count; ++i) {
    %%%%%:  877-block  0
    %%%%%:  877-block  1
branch  0 never executed
branch  1 never executed
    %%%%%:  877-block  2
        -:  878:    // We know that the atom matches each of the first i characters in str.
    #####:  879:    if (i >= min_count && MatchRegexAtHead(regex, str + i)) {
    %%%%%:  879-block  0
branch  0 never executed
branch  1 never executed
    %%%%%:  879-block  1
call    2 never executed
branch  3 never executed
branch  4 never executed
    %%%%%:  879-block  2
    %%%%%:  879-block  3
    %%%%%:  879-block  4
branch  5 never executed
branch  6 never executed
        -:  880:      // We have enough matches at the head, and the tail matches too.
        -:  881:      // Since we only care about *whether* the pattern matches str
        -:  882:      // (as opposed to *how* it matches), there is no need to find a
        -:  883:      // greedy match.
    #####:  884:      return true;
    %%%%%:  884-block  0
        -:  885:    }
    #####:  886:    if (str[i] == '\0' || !AtomMatchesChar(escaped, c, str[i]))
    %%%%%:  886-block  0
branch  0 never executed
branch  1 never executed
    %%%%%:  886-block  1
call    2 never executed
branch  3 never executed
branch  4 never executed
    %%%%%:  886-block  2
    %%%%%:  886-block  3
    %%%%%:  886-block  4
branch  5 never executed
branch  6 never executed
    #####:  887:      return false;
    %%%%%:  887-block  0
        -:  888:  }
    #####:  889:  return false;
    %%%%%:  889-block  0
        -:  890:}
        -:  891:
        -:  892:// Returns true if and only if regex matches a prefix of str. regex must
        -:  893:// be a valid simple regular expression and not start with "^", or the
        -:  894:// result is undefined.
function _ZN7testing8internal16MatchRegexAtHeadEPKcS2_ called 0 returned 0% blocks executed 0%
    #####:  895:bool MatchRegexAtHead(const char* regex, const char* str) {
    #####:  896:  if (*regex == '\0')  // An empty regex matches a prefix of anything.
    %%%%%:  896-block  0
branch  0 never executed
branch  1 never executed
    #####:  897:    return true;
    %%%%%:  897-block  0
        -:  898:
        -:  899:  // "$" only matches the end of a string.  Note that regex being
        -:  900:  // valid guarantees that there's nothing after "$" in it.
    #####:  901:  if (*regex == '$')
    %%%%%:  901-block  0
branch  0 never executed
branch  1 never executed
    #####:  902:    return *str == '\0';
    %%%%%:  902-block  0
        -:  903:
        -:  904:  // Is the first thing in regex an escape sequence?
    #####:  905:  const bool escaped = *regex == '\\';
    #####:  906:  if (escaped)
    %%%%%:  906-block  0
branch  0 never executed
branch  1 never executed
    #####:  907:    ++regex;
    %%%%%:  907-block  0
    #####:  908:  if (IsRepeat(regex[1])) {
    %%%%%:  908-block  0
call    0 never executed
branch  1 never executed
branch  2 never executed
        -:  909:    // MatchRepetitionAndRegexAtHead() calls MatchRegexAtHead(), so
        -:  910:    // here's an indirect recursion.  It terminates as the regex gets
        -:  911:    // shorter in each recursion.
    #####:  912:    return MatchRepetitionAndRegexAtHead(
    #####:  913:        escaped, regex[0], regex[1], regex + 2, str);
    %%%%%:  913-block  0
call    0 never executed
        -:  914:  } else {
        -:  915:    // regex isn't empty, isn't "$", and doesn't start with a
        -:  916:    // repetition.  We match the first atom of regex with the first
        -:  917:    // character of str and recurse.
    #####:  918:    return (*str != '\0') && AtomMatchesChar(escaped, *regex, *str) &&
    %%%%%:  918-block  0
branch  0 never executed
branch  1 never executed
    %%%%%:  918-block  1
call    2 never executed
branch  3 never executed
branch  4 never executed
    %%%%%:  918-block  2
    %%%%%:  918-block  3
    #####:  919:        MatchRegexAtHead(regex + 1, str + 1);
    %%%%%:  919-block  0
call    0 never executed
branch  1 never executed
branch  2 never executed
    %%%%%:  919-block  1
        -:  920:  }
        -:  921:}
        -:  922:
        -:  923:// Returns true if and only if regex matches any substring of str.  regex must
        -:  924:// be a valid simple regular expression, or the result is undefined.
        -:  925://
        -:  926:// The algorithm is recursive, but the recursion depth doesn't exceed
        -:  927:// the regex length, so we won't need to worry about running out of
        -:  928:// stack space normally.  In rare cases the time complexity can be
        -:  929:// exponential with respect to the regex length + the string length,
        -:  930:// but usually it's must faster (often close to linear).
function _ZN7testing8internal18MatchRegexAnywhereEPKcS2_ called 0 returned 0% blocks executed 0%
    #####:  931:bool MatchRegexAnywhere(const char* regex, const char* str) {
    #####:  932:  if (regex == nullptr || str == nullptr) return false;
    %%%%%:  932-block  0
branch  0 never executed
branch  1 never executed
    %%%%%:  932-block  1
branch  2 never executed
branch  3 never executed
    %%%%%:  932-block  2
        -:  933:
    #####:  934:  if (*regex == '^')
    %%%%%:  934-block  0
branch  0 never executed
branch  1 never executed
    #####:  935:    return MatchRegexAtHead(regex + 1, str);
    %%%%%:  935-block  0
call    0 never executed
        -:  936:
[...]
    %%%%%: 1223-block  0
call    0 never executed
    #####: 1224:  return static_cast<size_t>(ftell(file));
call    0 never executed
        -: 1225:}
        -: 1226:
function _ZN7testing8internal14ReadEntireFileB5cxx11EP6_iobuf called 0 returned 0% blocks executed 0%
    #####: 1227:std::string ReadEntireFile(FILE* file) {
    #####: 1228:  const size_t file_size = GetFileSize(file);
    %%%%%: 1228-block  0
call    0 never executed
    #####: 1229:  char* const buffer = new char[file_size];
call    0 never executed
        -: 1230:
    #####: 1231:  size_t bytes_last_read = 0;  // # of bytes read in the last fread()
    #####: 1232:  size_t bytes_read = 0;       // # of bytes read so far
        -: 1233:
    #####: 1234:  fseek(file, 0, SEEK_SET);
call    0 never executed
        -: 1235:
        -: 1236:  // Keeps reading the file until we cannot read further or the
        -: 1237:  // pre-determined file size is reached.
    #####: 1238:  do {
    %%%%%: 1238-block  0
    #####: 1239:    bytes_last_read = fread(buffer+bytes_read, 1, file_size-bytes_read, file);
    %%%%%: 1239-block  0
call    0 never executed
    #####: 1240:    bytes_read += bytes_last_read;
    #####: 1241:  } while (bytes_last_read > 0 && bytes_read < file_size);
branch  0 never executed
branch  1 never executed
    %%%%%: 1241-block  0
branch  2 never executed
branch  3 never executed
        -: 1242:
    #####: 1243:  const std::string content(buffer, bytes_read);
    %%%%%: 1243-block  0
call    0 never executed
call    1 never executed
branch  2 never executed
branch  3 never executed
    #####: 1244:  delete[] buffer;
branch  0 never executed
branch  1 never executed
    %%%%%: 1244-block  0
call    2 never executed
        -: 1245:
    #####: 1246:  return content;
    %%%%%: 1246-block  0
    %%%%%: 1246-block  1
        -: 1247:}
        -: 1248:
        -: 1249:#if GTEST_HAS_DEATH_TEST
        -: 1250:static const std::vector<std::string>* g_injected_test_argvs =
        -: 1251:    nullptr;  // Owned.
        -: 1252:
function _ZN7testing8internal18GetInjectableArgvsB5cxx11Ev called 0 returned 0% blocks executed 0%
    #####: 1253:std::vector<std::string> GetInjectableArgvs() {
    #####: 1254:  if (g_injected_test_argvs != nullptr) {
    %%%%%: 1254-block  0
branch  0 never executed
branch  1 never executed
    #####: 1255:    return *g_injected_test_argvs;
    %%%%%: 1255-block  0
call    0 never executed
        -: 1256:  }
    #####: 1257:  return GetArgvs();
    %%%%%: 1257-block  0
call    0 never executed
        -: 1258:}
        -: 1259:
function _ZN7testing8internal18SetInjectableArgvsEPKSt6vectorINSt7__cxx1112basic_stringIcSt11char_traitsIcESaIcEEESaIS7_EE called 0 returned 0% blocks executed 0%
    #####: 1260:void SetInjectableArgvs(const std::vector<std::string>* new_argvs) {
    #####: 1261:  if (g_injected_test_argvs != new_argvs) delete g_injected_test_argvs;
    %%%%%: 1261-block  0
branch  0 never executed
branch  1 never executed
    %%%%%: 1261-block  1
branch  2 never executed
branch  3 never executed
    %%%%%: 1261-block  2
call    4 never executed
call    5 never executed
    #####: 1262:  g_injected_test_argvs = new_argvs;
    #####: 1263:}
        -: 1264:
function _ZN7testing8internal18SetInjectableArgvsERKSt6vectorINSt7__cxx1112basic_stringIcSt11char_traitsIcESaIcEEESaIS7_EE called 0 returned 0% blocks executed 0%
    #####: 1265:void SetInjectableArgvs(const std::vector<std::string>& new_argvs) {
    #####: 1266:  SetInjectableArgvs(
call    0 never executed
    %%%%%: 1266-block  0
call    1 never executed
call    2 never executed
    $$$$$: 1266-block  1
call    3 never executed
    $$$$$: 1266-block  2
    #####: 1267:      new std::vector<std::string>(new_argvs.begin(), new_argvs.end()));
    %%%%%: 1267-block  0
call    0 never executed
call    1 never executed
call    2 never executed
branch  3 never executed
branch  4 never executed
    %%%%%: 1267-block  1
call    5 never executed
branch  6 never executed
branch  7 never executed
    $$$$$: 1267-block  2
call    8 never executed
    $$$$$: 1267-block  3
    #####: 1268:}
        -: 1269:
function _ZN7testing8internal20ClearInjectableArgvsEv called 0 returned 0% blocks executed 0%
    #####: 1270:void ClearInjectableArgvs() {
    #####: 1271:  delete g_injected_test_argvs;
    %%%%%: 1271-block  0
branch  0 never executed
branch  1 never executed
    %%%%%: 1271-block  1
call    2 never executed
call    3 never executed
    #####: 1272:  g_injected_test_argvs = nullptr;
    #####: 1273:}
        -: 1274:#endif  // GTEST_HAS_DEATH_TEST
        -: 1275:
        -: 1276:#if GTEST_OS_WINDOWS_MOBILE
        -: 1277:namespace posix {
        -: 1278:void Abort() {
        -: 1279:  DebugBreak();
        -: 1280:  TerminateProcess(GetCurrentProcess(), 1);
        -: 1281:}
        -: 1282:}  // namespace posix
        -: 1283:#endif  // GTEST_OS_WINDOWS_MOBILE
        -: 1284:
        -: 1285:// Returns the name of the environment variable corresponding to the
        -: 1286:// given flag.  For example, FlagToEnvVar("foo") will return
        -: 1287:// "GTEST_FOO" in the open-source version.
function _ZN7testing8internalL12FlagToEnvVarEPKc called 21 returned 100% blocks executed 71%
       21: 1288:static std::string FlagToEnvVar(const char* flag) {
        -: 1289:  const std::string full_flag =
       42: 1290:      (Message() << GTEST_FLAG_PREFIX_ << flag).GetString();
       21: 1290-block  0
call    0 returned 21
branch  1 taken 21 (fallthrough)
branch  2 taken 0 (throw)
       21: 1290-block  1
call    3 returned 21
branch  4 taken 21 (fallthrough)
branch  5 taken 0 (throw)
       21: 1290-block  2
call    6 returned 21
branch  7 taken 21 (fallthrough)
branch  8 taken 0 (throw)
       21: 1290-block  3
call    9 returned 21
branch 10 taken 21 (fallthrough)
branch 11 taken 0 (throw)
call   12 returned 21
    $$$$$: 1290-block  4
    $$$$$: 1290-block  5
call   13 never executed
        -: 1291:
       42: 1292:  Message env_var;
call    0 returned 21
branch  1 taken 21 (fallthrough)
branch  2 taken 0 (throw)
       21: 1292-block  0
call    3 returned 21
    $$$$$: 1292-block  1
call    4 never executed
      435: 1293:  for (size_t i = 0; i != full_flag.length(); i++) {
       21: 1293-block  0
      435: 1293-block  1
call    0 returned 435
branch  1 taken 414 (fallthrough)
branch  2 taken 21
      414: 1294:    env_var << ToUpper(full_flag.c_str()[i]);
      414: 1294-block  0
call    0 returned 414
call    1 returned 414
call    2 returned 414
branch  3 taken 414 (fallthrough)
branch  4 taken 0 (throw)
      414: 1294-block  1
    $$$$$: 1294-block  2
        -: 1295:  }
        -: 1296:
       42: 1297:  return env_var.GetString();
       21: 1297-block  0
call    0 returned 21
branch  1 taken 21 (fallthrough)
branch  2 taken 0 (throw)
       21: 1297-block  1
       21: 1297-block  2
        -: 1298:}
        -: 1299:
        -: 1300:// Parses 'str' for a 32-bit signed integer.  If successful, writes
        -: 1301:// the result to *value and returns true; otherwise leaves *value
        -: 1302:// unchanged and returns false.
function _ZN7testing8internal10ParseInt32ERKNS_7MessageEPKcPi called 0 returned 0% blocks executed 0%
    #####: 1303:bool ParseInt32(const Message& src_text, const char* str, int32_t* value) {
        -: 1304:  // Parses the environment variable as a decimal integer.
    #####: 1305:  char* end = nullptr;
    #####: 1306:  const long long_value = strtol(str, &end, 10);  // NOLINT
    %%%%%: 1306-block  0
call    0 never executed
        -: 1307:
        -: 1308:  // Has strtol() consumed all characters in the string?
    #####: 1309:  if (*end != '\0') {
branch  0 never executed
branch  1 never executed
        -: 1310:    // No - an invalid character was encountered.
    #####: 1311:    Message msg;
    %%%%%: 1311-block  0
call    0 never executed
branch  1 never executed
branch  2 never executed
    $$$$$: 1311-block  1
call    3 never executed
    #####: 1312:    msg << "WARNING: " << src_text
    %%%%%: 1312-block  0
call    0 never executed
branch  1 never executed
branch  2 never executed
    %%%%%: 1312-block  1
call    3 never executed
branch  4 never executed
branch  5 never executed
    #####: 1313:        << " is expected to be a 32-bit integer, but actually"
    %%%%%: 1313-block  0
call    0 never executed
branch  1 never executed
branch  2 never executed
    #####: 1314:        << " has value \"" << str << "\".\n";
    %%%%%: 1314-block  0
call    0 never executed
branch  1 never executed
branch  2 never executed
    %%%%%: 1314-block  1
call    3 never executed
branch  4 never executed
branch  5 never executed
    %%%%%: 1314-block  2
call    6 never executed
branch  7 never executed
branch  8 never executed
    #####: 1315:    printf("%s", msg.GetString().c_str());
    %%%%%: 1315-block  0
call    0 never executed
branch  1 never executed
branch  2 never executed
    %%%%%: 1315-block  1
call    3 never executed
call    4 never executed
branch  5 never executed
branch  6 never executed
    %%%%%: 1315-block  2
call    7 never executed
    $$$$$: 1315-block  3
call    8 never executed
    $$$$$: 1315-block  4
    #####: 1316:    fflush(stdout);
call    0 never executed
branch  1 never executed
branch  2 never executed
    %%%%%: 1316-block  0
call    3 never executed
branch  4 never executed
branch  5 never executed
    #####: 1317:    return false;
    %%%%%: 1317-block  0
call    0 never executed
        -: 1318:  }
        -: 1319:
        -: 1320:  // Is the parsed value in the range of an int32_t?
    #####: 1321:  const auto result = static_cast<int32_t>(long_value);
    #####: 1322:  if (long_value == LONG_MAX || long_value == LONG_MIN ||
    %%%%%: 1322-block  0
branch  0 never executed
branch  1 never executed
    %%%%%: 1322-block  1
branch  2 never executed
branch  3 never executed
    %%%%%: 1322-block  2
branch  4 never executed
branch  5 never executed
        -: 1323:      // The parsed value overflows as a long.  (strtol() returns
        -: 1324:      // LONG_MAX or LONG_MIN when the input overflows.)
        -: 1325:      result != long_value
        -: 1326:      // The parsed value overflows as an int32_t.
        -: 1327:      ) {
    #####: 1328:    Message msg;
    %%%%%: 1328-block  0
call    0 never executed
branch  1 never executed
branch  2 never executed
    $$$$$: 1328-block  1
call    3 never executed
    #####: 1329:    msg << "WARNING: " << src_text
    %%%%%: 1329-block  0
call    0 never executed
branch  1 never executed
branch  2 never executed
    %%%%%: 1329-block  1
call    3 never executed
branch  4 never executed
branch  5 never executed
    #####: 1330:        << " is expected to be a 32-bit integer, but actually"
    %%%%%: 1330-block  0
call    0 never executed
branch  1 never executed
branch  2 never executed
    #####: 1331:        << " has value " << str << ", which overflows.\n";
    %%%%%: 1331-block  0
call    0 never executed
branch  1 never executed
branch  2 never executed
    %%%%%: 1331-block  1
call    3 never executed
branch  4 never executed
branch  5 never executed
    %%%%%: 1331-block  2
call    6 never executed
branch  7 never executed
branch  8 never executed
    #####: 1332:    printf("%s", msg.GetString().c_str());
    %%%%%: 1332-block  0
call    0 never executed
branch  1 never executed
branch  2 never executed
    %%%%%: 1332-block  1
call    3 never executed
call    4 never executed
branch  5 never executed
branch  6 never executed
    %%%%%: 1332-block  2
call    7 never executed
    $$$$$: 1332-block  3
call    8 never executed
    $$$$$: 1332-block  4
    #####: 1333:    fflush(stdout);
call    0 never executed
branch  1 never executed
branch  2 never executed
    %%%%%: 1333-block  0
call    3 never executed
branch  4 never executed
branch  5 never executed
    #####: 1334:    return false;
    %%%%%: 1334-block  0
call    0 never executed
        -: 1335:  }
        -: 1336:
    #####: 1337:  *value = result;
    #####: 1338:  return true;
    %%%%%: 1338-block  0
        -: 1339:}
        -: 1340:
        -: 1341:// Reads and returns the Boolean environment variable corresponding to
        -: 1342:// the given flag; if it's not set, returns default_value.
        -: 1343://
        -: 1344:// The value is considered true if and only if it's not "0".
function _ZN7testing8internal16BoolFromGTestEnvEPKcb called 12 returned 100% blocks executed 90%
       12: 1345:bool BoolFromGTestEnv(const char* flag, bool default_value) {
        -: 1346:#if defined(GTEST_GET_BOOL_FROM_ENV_)
        -: 1347:  return GTEST_GET_BOOL_FROM_ENV_(flag, default_value);
        -: 1348:#else
       12: 1349:  const std::string env_var = FlagToEnvVar(flag);
       12: 1349-block  0
call    0 returned 12
branch  1 taken 12 (fallthrough)
branch  2 taken 0 (throw)
       12: 1350:  const char* const string_value = posix::GetEnv(env_var.c_str());
       12: 1350-block  0
call    0 returned 12
call    1 returned 12
      12*: 1351:  return string_value == nullptr ? default_value
branch  0 taken 12 (fallthrough)
branch  1 taken 0
       12: 1351-block  0
      24*: 1352:                                 : strcmp(string_value, "0") != 0;
    %%%%%: 1352-block  0
       12: 1352-block  1
call    0 returned 12
       12: 1352-block  2
        -: 1353:#endif  // defined(GTEST_GET_BOOL_FROM_ENV_)
        -: 1354:}
        -: 1355:
        -: 1356:// Reads and returns a 32-bit integer stored in the environment
        -: 1357:// variable corresponding to the given flag; if it isn't set or
        -: 1358:// doesn't represent a valid 32-bit integer, returns default_value.
function _ZN7testing8internal17Int32FromGTestEnvEPKci called 3 returned 100% blocks executed 24%
        3: 1359:int32_t Int32FromGTestEnv(const char* flag, int32_t default_value) {
        -: 1360:#if defined(GTEST_GET_INT32_FROM_ENV_)
        -: 1361:  return GTEST_GET_INT32_FROM_ENV_(flag, default_value);
        -: 1362:#else
        6: 1363:  const std::string env_var = FlagToEnvVar(flag);
        3: 1363-block  0
call    0 returned 3
branch  1 taken 3 (fallthrough)
branch  2 taken 0 (throw)
        3: 1363-block  1
call    3 returned 3
    $$$$$: 1363-block  2
call    4 never executed
        3: 1364:  const char* const string_value = posix::GetEnv(env_var.c_str());
        3: 1364-block  0
call    0 returned 3
call    1 returned 3
        3: 1365:  if (string_value == nullptr) {
branch  0 taken 3 (fallthrough)
branch  1 taken 0
        -: 1366:    // The environment variable is not set.
        3: 1367:    return default_value;
        3: 1367-block  0
        -: 1368:  }
        -: 1369:
    #####: 1370:  int32_t result = default_value;
    #####: 1371:  if (!ParseInt32(Message() << "Environment variable " << env_var,
    %%%%%: 1371-block  0
call    0 never executed
branch  1 never executed
branch  2 never executed
    %%%%%: 1371-block  1
call    3 never executed
branch  4 never executed
branch  5 never executed
    %%%%%: 1371-block  2
call    6 never executed
branch  7 never executed
branch  8 never executed
    %%%%%: 1371-block  3
call    9 never executed
branch 10 never executed
branch 11 never executed
    %%%%%: 1371-block  4
call   12 never executed
branch 13 never executed
branch 14 never executed
    $$$$$: 1371-block  5
call   15 never executed
    $$$$$: 1371-block  6
        -: 1372:                  string_value, &result)) {
    #####: 1373:    printf("The default value %s is used.\n",
    %%%%%: 1373-block  0
call    0 never executed
call    1 never executed
branch  2 never executed
branch  3 never executed
    #####: 1374:           (Message() << default_value).GetString().c_str());
    %%%%%: 1374-block  0
call    0 never executed
branch  1 never executed
branch  2 never executed
    %%%%%: 1374-block  1
call    3 never executed
branch  4 never executed
branch  5 never executed
    %%%%%: 1374-block  2
call    6 never executed
branch  7 never executed
branch  8 never executed
    %%%%%: 1374-block  3
call    9 never executed
call   10 never executed
    $$$$$: 1374-block  4
call   11 never executed
    $$$$$: 1374-block  5
    $$$$$: 1374-block  6
call   12 never executed
    $$$$$: 1374-block  7
    #####: 1375:    fflush(stdout);
call    0 never executed
branch  1 never executed
branch  2 never executed
    %%%%%: 1375-block  0
call    3 never executed
branch  4 never executed
branch  5 never executed
    #####: 1376:    return default_value;
    %%%%%: 1376-block  0
        -: 1377:  }
        -: 1378:
    #####: 1379:  return result;
    %%%%%: 1379-block  0
        -: 1380:#endif  // defined(GTEST_GET_INT32_FROM_ENV_)
        -: 1381:}
        -: 1382:
        -: 1383:// As a special case for the 'output' flag, if GTEST_OUTPUT is not
        -: 1384:// set, we look for XML_OUTPUT_FILE, which is set by the Bazel build
        -: 1385:// system.  The value of XML_OUTPUT_FILE is a filename without the
        -: 1386:// "xml:" prefix of GTEST_OUTPUT.
        -: 1387:// Note that this is meant to be called at the call site so it does
        -: 1388:// not check that the flag is 'output'
        -: 1389:// In essence this checks an env variable called XML_OUTPUT_FILE
        -: 1390:// and if it is set we prepend "xml:" to its value, if it not set we return ""
function _ZN7testing8internal25OutputFlagAlsoCheckEnvVarB5cxx11Ev called 1 returned 100% blocks executed 31%
        1: 1391:std::string OutputFlagAlsoCheckEnvVar(){
        1: 1392:  std::string default_value_for_output_flag = "";
        1: 1392-block  0
call    0 returned 1
call    1 returned 1
branch  2 taken 1 (fallthrough)
branch  3 taken 0 (throw)
    $$$$$: 1392-block  1
call    4 never executed
        1: 1393:  const char* xml_output_file_env = posix::GetEnv("XML_OUTPUT_FILE");
call    0 returned 1
        1: 1394:  if (nullptr != xml_output_file_env) {
branch  0 taken 0 (fallthrough)
branch  1 taken 1
    #####: 1395:    default_value_for_output_flag = std::string("xml:") + xml_output_file_env;
    %%%%%: 1395-block  0
call    0 never executed
call    1 never executed
branch  2 never executed
branch  3 never executed
    %%%%%: 1395-block  1
call    4 never executed
branch  5 never executed
branch  6 never executed
    %%%%%: 1395-block  2
call    7 never executed
call    8 never executed
call    9 never executed
call   10 never executed
    $$$$$: 1395-block  3
call   11 never executed
    $$$$$: 1395-block  4
    $$$$$: 1395-block  5
call   12 never executed
    $$$$$: 1395-block  6
        -: 1396:  }
        1: 1397:  return default_value_for_output_flag;
        1: 1397-block  0
        1: 1397-block  1
        -: 1398:}
        -: 1399:
        -: 1400:// Reads and returns the string environment variable corresponding to
        -: 1401:// the given flag; if it's not set, returns default_value.
function _ZN7testing8internal18StringFromGTestEnvEPKcS2_ called 6 returned 100% blocks executed 100%
        6: 1402:const char* StringFromGTestEnv(const char* flag, const char* default_value) {
        -: 1403:#if defined(GTEST_GET_STRING_FROM_ENV_)
        -: 1404:  return GTEST_GET_STRING_FROM_ENV_(flag, default_value);
        -: 1405:#else
        6: 1406:  const std::string env_var = FlagToEnvVar(flag);
        6: 1406-block  0
call    0 returned 6
branch  1 taken 6 (fallthrough)
branch  2 taken 0 (throw)
        6: 1407:  const char* const value = posix::GetEnv(env_var.c_str());
        6: 1407-block  0
call    0 returned 6
call    1 returned 6
       12: 1408:  return value == nullptr ? default_value : value;
branch  0 taken 5 (fallthrough)
branch  1 taken 1
        5: 1408-block  0
        1: 1408-block  1
        6: 1408-block  2
call    2 returned 6
        6: 1408-block  3
        -: 1409:#endif  // defined(GTEST_GET_STRING_FROM_ENV_)
        -: 1410:}
        -: 1411:
        -: 1412:}  // namespace internal
        -: 1413:}  // namespace testing
