        -:    0:Source:C:/Users/osama/Desktop/Folders/University/TUK/Courses/VDS/Project/VDSProject/src/test/Google_tests/lib/googletest/src/gtest.cc
        -:    0:Graph:C:\Users\osama\Desktop\Folders\University\TUK\Courses\VDS\Project\VDSProject\cmake-build-debug-coverage\src\test\Google_tests\lib\googletest\CMakeFiles\gtest.dir\src\gtest-all.cc.gcno
        -:    0:Data:C:\Users\osama\Desktop\Folders\University\TUK\Courses\VDS\Project\VDSProject\cmake-build-debug-coverage\src\test\Google_tests\lib\googletest\CMakeFiles\gtest.dir\src\gtest-all.cc.gcda
        -:    0:Runs:1
        -:    0:Programs:1
        -:    1:// Copyright 2005, Google Inc.
        -:    2:// All rights reserved.
        -:    3://
        -:    4:// Redistribution and use in source and binary forms, with or without
        -:    5:// modification, are permitted provided that the following conditions are
        -:    6:// met:
        -:    7://
        -:    8://     * Redistributions of source code must retain the above copyright
        -:    9:// notice, this list of conditions and the following disclaimer.
        -:   10://     * Redistributions in binary form must reproduce the above
        -:   11:// copyright notice, this list of conditions and the following disclaimer
        -:   12:// in the documentation and/or other materials provided with the
        -:   13:// distribution.
        -:   14://     * Neither the name of Google Inc. nor the names of its
        -:   15:// contributors may be used to endorse or promote products derived from
        -:   16:// this software without specific prior written permission.
        -:   17://
        -:   18:// THIS SOFTWARE IS PROVIDED BY THE COPYRIGHT HOLDERS AND CONTRIBUTORS
        -:   19:// "AS IS" AND ANY EXPRESS OR IMPLIED WARRANTIES, INCLUDING, BUT NOT
        -:   20:// LIMITED TO, THE IMPLIED WARRANTIES OF MERCHANTABILITY AND FITNESS FOR
        -:   21:// A PARTICULAR PURPOSE ARE DISCLAIMED. IN NO EVENT SHALL THE COPYRIGHT
        -:   22:// OWNER OR CONTRIBUTORS BE LIABLE FOR ANY DIRECT, INDIRECT, INCIDENTAL,
        -:   23:// SPECIAL, EXEMPLARY, OR CONSEQUENTIAL DAMAGES (INCLUDING, BUT NOT
        -:   24:// LIMITED TO, PROCUREMENT OF SUBSTITUTE GOODS OR SERVICES; LOSS OF USE,
        -:   25:// DATA, OR PROFITS; OR BUSINESS INTERRUPTION) HOWEVER CAUSED AND ON ANY
        -:   26:// THEORY OF LIABILITY, WHETHER IN CONTRACT, STRICT LIABILITY, OR TORT
        -:   27:// (INCLUDING NEGLIGENCE OR OTHERWISE) ARISING IN ANY WAY OUT OF THE USE
        -:   28:// OF THIS SOFTWARE, EVEN IF ADVISED OF THE POSSIBILITY OF SUCH DAMAGE.
        -:   29:
        -:   30://
        -:   31:// The Google C++ Testing and Mocking Framework (Google Test)
        -:   32:
        -:   33:#include "gtest/gtest.h"
        -:   34:#include "gtest/internal/custom/gtest.h"
        -:   35:#include "gtest/gtest-spi.h"
        -:   36:
        -:   37:#include <ctype.h>
        -:   38:#include <stdarg.h>
        -:   39:#include <stdio.h>
        -:   40:#include <stdlib.h>
        -:   41:#include <time.h>
        -:   42:#include <wchar.h>
        -:   43:#include <wctype.h>
        -:   44:
        -:   45:#include <algorithm>
        -:   46:#include <chrono>  // NOLINT
        -:   47:#include <cmath>
        -:   48:#include <cstdint>
        -:   49:#include <iomanip>
        -:   50:#include <limits>
        -:   51:#include <list>
        -:   52:#include <map>
        -:   53:#include <ostream>  // NOLINT
        -:   54:#include <sstream>
        -:   55:#include <vector>
        -:   56:
        -:   57:#if GTEST_OS_LINUX
        -:   58:
        -:   59:# include <fcntl.h>  // NOLINT
        -:   60:# include <limits.h>  // NOLINT
        -:   61:# include <sched.h>  // NOLINT
        -:   62:// Declares vsnprintf().  This header is not available on Windows.
        -:   63:# include <strings.h>  // NOLINT
        -:   64:# include <sys/mman.h>  // NOLINT
        -:   65:# include <sys/time.h>  // NOLINT
        -:   66:# include <unistd.h>  // NOLINT
        -:   67:# include <string>
        -:   68:
        -:   69:#elif GTEST_OS_ZOS
        -:   70:# include <sys/time.h>  // NOLINT
        -:   71:
        -:   72:// On z/OS we additionally need strings.h for strcasecmp.
        -:   73:# include <strings.h>  // NOLINT
        -:   74:
        -:   75:#elif GTEST_OS_WINDOWS_MOBILE  // We are on Windows CE.
        -:   76:
        -:   77:# include <windows.h>  // NOLINT
        -:   78:# undef min
        -:   79:
        -:   80:#elif GTEST_OS_WINDOWS  // We are on Windows proper.
        -:   81:
        -:   82:# include <windows.h>  // NOLINT
        -:   83:# undef min
        -:   84:
        -:   85:#ifdef _MSC_VER
        -:   86:# include <crtdbg.h>  // NOLINT
        -:   87:#endif
        -:   88:
        -:   89:# include <io.h>  // NOLINT
        -:   90:# include <sys/timeb.h>  // NOLINT
        -:   91:# include <sys/types.h>  // NOLINT
        -:   92:# include <sys/stat.h>  // NOLINT
        -:   93:
        -:   94:# if GTEST_OS_WINDOWS_MINGW
        -:   95:#  include <sys/time.h>  // NOLINT
        -:   96:# endif  // GTEST_OS_WINDOWS_MINGW
        -:   97:
        -:   98:#else
        -:   99:
        -:  100:// cpplint thinks that the header is already included, so we want to
        -:  101:// silence it.
        -:  102:# include <sys/time.h>  // NOLINT
        -:  103:# include <unistd.h>  // NOLINT
        -:  104:
        -:  105:#endif  // GTEST_OS_LINUX
        -:  106:
        -:  107:#if GTEST_HAS_EXCEPTIONS
        -:  108:# include <stdexcept>
        -:  109:#endif
        -:  110:
        -:  111:#if GTEST_CAN_STREAM_RESULTS_
        -:  112:# include <arpa/inet.h>  // NOLINT
        -:  113:# include <netdb.h>  // NOLINT
        -:  114:# include <sys/socket.h>  // NOLINT
        -:  115:# include <sys/types.h>  // NOLINT
        -:  116:#endif
        -:  117:
        -:  118:#include "src/gtest-internal-inl.h"
        -:  119:
        -:  120:#if GTEST_OS_WINDOWS
        -:  121:# define vsnprintf _vsnprintf
        -:  122:#endif  // GTEST_OS_WINDOWS
        -:  123:
        -:  124:#if GTEST_OS_MAC
        -:  125:#ifndef GTEST_OS_IOS
        -:  126:#include <crt_externs.h>
        -:  127:#endif
        -:  128:#endif
        -:  129:
        -:  130:#if GTEST_HAS_ABSL
        -:  131:#include "absl/debugging/failure_signal_handler.h"
        -:  132:#include "absl/debugging/stacktrace.h"
        -:  133:#include "absl/debugging/symbolize.h"
        -:  134:#include "absl/strings/str_cat.h"
        -:  135:#endif  // GTEST_HAS_ABSL
        -:  136:
        -:  137:namespace testing {
        -:  138:
        -:  139:using internal::CountIf;
        -:  140:using internal::ForEach;
        -:  141:using internal::GetElementOr;
        -:  142:using internal::Shuffle;
        -:  143:
        -:  144:// Constants.
        -:  145:
        -:  146:// A test whose test suite name or test name matches this filter is
        -:  147:// disabled and not run.
        -:  148:static const char kDisableTestFilter[] = "DISABLED_*:*/DISABLED_*";
        -:  149:
        -:  150:// A test suite whose name matches this filter is considered a death
        -:  151:// test suite and will be run before test suites whose name doesn't
        -:  152:// match this filter.
        -:  153:static const char kDeathTestSuiteFilter[] = "*DeathTest:*DeathTest/*";
        -:  154:
        -:  155:// A test filter that matches everything.
        -:  156:static const char kUniversalFilter[] = "*";
        -:  157:
        -:  158:// The default output format.
        -:  159:static const char kDefaultOutputFormat[] = "xml";
        -:  160:// The default output file.
        -:  161:static const char kDefaultOutputFile[] = "test_detail";
        -:  162:
        -:  163:// The environment variable name for the test shard index.
        -:  164:static const char kTestShardIndex[] = "GTEST_SHARD_INDEX";
        -:  165:// The environment variable name for the total number of test shards.
        -:  166:static const char kTestTotalShards[] = "GTEST_TOTAL_SHARDS";
        -:  167:// The environment variable name for the test shard status file.
        -:  168:static const char kTestShardStatusFile[] = "GTEST_SHARD_STATUS_FILE";
        -:  169:
        -:  170:namespace internal {
        -:  171:
        -:  172:// The text used in failure messages to indicate the start of the
        -:  173:// stack trace.
        -:  174:const char kStackTraceMarker[] = "\nStack trace:\n";
        -:  175:
        -:  176:// g_help_flag is true if and only if the --help flag or an equivalent form
        -:  177:// is specified on the command line.
        -:  178:bool g_help_flag = false;
        -:  179:
        -:  180:// Utility function to Open File for Writing
function _ZN7testing8internalL18OpenFileForWritingERKNSt7__cxx1112basic_stringIcSt11char_traitsIcESaIcEEE called 0 returned 0% blocks executed 0%
    #####:  181:static FILE* OpenFileForWriting(const std::string& output_file) {
    #####:  182:  FILE* fileout = nullptr;
    #####:  183:  FilePath output_file_path(output_file);
    %%%%%:  183-block  0
call    0 never executed
branch  1 never executed
branch  2 never executed
call    3 never executed
    $$$$$:  183-block  1
call    4 never executed
    #####:  184:  FilePath output_dir(output_file_path.RemoveFileName());
    %%%%%:  184-block  0
call    0 never executed
branch  1 never executed
branch  2 never executed
    $$$$$:  184-block  1
call    3 never executed
        -:  185:
    #####:  186:  if (output_dir.CreateDirectoriesRecursively()) {
    %%%%%:  186-block  0
call    0 never executed
branch  1 never executed
branch  2 never executed
    %%%%%:  186-block  1
branch  3 never executed
branch  4 never executed
    #####:  187:    fileout = posix::FOpen(output_file.c_str(), "w");
    %%%%%:  187-block  0
call    0 never executed
call    1 never executed
branch  2 never executed
branch  3 never executed
    %%%%%:  187-block  1
        -:  188:  }
    #####:  189:  if (fileout == nullptr) {
    %%%%%:  189-block  0
branch  0 never executed
branch  1 never executed
    #####:  190:    GTEST_LOG_(FATAL) << "Unable to open file \"" << output_file << "\"";
    %%%%%:  190-block  0
call    0 never executed
branch  1 never executed
branch  2 never executed
    %%%%%:  190-block  1
call    3 never executed
call    4 never executed
branch  5 never executed
branch  6 never executed
    %%%%%:  190-block  2
call    7 never executed
branch  8 never executed
branch  9 never executed
    %%%%%:  190-block  3
call   10 never executed
branch 11 never executed
branch 12 never executed
    %%%%%:  190-block  4
call   13 never executed
    $$$$$:  190-block  5
call   14 never executed
    $$$$$:  190-block  6
        -:  191:  }
    #####:  192:  return fileout;
    %%%%%:  192-block  0
call    0 never executed
    %%%%%:  192-block  1
        -:  193:}
        -:  194:
        -:  195:}  // namespace internal
        -:  196:
        -:  197:// Bazel passes in the argument to '--test_filter' via the TESTBRIDGE_TEST_ONLY
        -:  198:// environment variable.
function _ZN7testingL16GetDefaultFilterEv called 1 returned 100% blocks executed 80%
        1:  199:static const char* GetDefaultFilter() {
        -:  200:  const char* const testbridge_test_only =
        1:  201:      internal::posix::GetEnv("TESTBRIDGE_TEST_ONLY");
        1:  201-block  0
call    0 returned 1
        1:  202:  if (testbridge_test_only != nullptr) {
branch  0 taken 0 (fallthrough)
branch  1 taken 1
    #####:  203:    return testbridge_test_only;
    %%%%%:  203-block  0
        -:  204:  }
        1:  205:  return kUniversalFilter;
        1:  205-block  0
        -:  206:}
        -:  207:
        -:  208:// Bazel passes in the argument to '--test_runner_fail_fast' via the
        -:  209:// TESTBRIDGE_TEST_RUNNER_FAIL_FAST environment variable.
function _ZN7testingL18GetDefaultFailFastEv called 1 returned 100% blocks executed 80%
        1:  210:static bool GetDefaultFailFast() {
        -:  211:  const char* const testbridge_test_runner_fail_fast =
        1:  212:      internal::posix::GetEnv("TESTBRIDGE_TEST_RUNNER_FAIL_FAST");
        1:  212-block  0
call    0 returned 1
        1:  213:  if (testbridge_test_runner_fail_fast != nullptr) {
branch  0 taken 0 (fallthrough)
branch  1 taken 1
    #####:  214:    return strcmp(testbridge_test_runner_fail_fast, "1") == 0;
    %%%%%:  214-block  0
        -:  215:  }
        1:  216:  return false;
        1:  216-block  0
        -:  217:}
        -:  218:
        -:  219:}  // namespace testing
        -:  220:
        -:  221:GTEST_DEFINE_bool_(
        -:  222:    fail_fast,
        -:  223:    testing::internal::BoolFromGTestEnv("fail_fast",
        -:  224:                                        testing::GetDefaultFailFast()),
        -:  225:    "True if and only if a test failure should stop further test execution.");
        -:  226:
        -:  227:GTEST_DEFINE_bool_(
        -:  228:    also_run_disabled_tests,
        -:  229:    testing::internal::BoolFromGTestEnv("also_run_disabled_tests", false),
        -:  230:    "Run disabled tests too, in addition to the tests normally being run.");
        -:  231:
        -:  232:GTEST_DEFINE_bool_(
        -:  233:    break_on_failure,
        -:  234:    testing::internal::BoolFromGTestEnv("break_on_failure", false),
        -:  235:    "True if and only if a failed assertion should be a debugger "
        -:  236:    "break-point.");
        -:  237:
        -:  238:GTEST_DEFINE_bool_(catch_exceptions,
        -:  239:                   testing::internal::BoolFromGTestEnv("catch_exceptions",
        -:  240:                                                       true),
        -:  241:                   "True if and only if " GTEST_NAME_
        -:  242:                   " should catch exceptions and treat them as test failures.");
        -:  243:
        -:  244:GTEST_DEFINE_string_(
        -:  245:    color, testing::internal::StringFromGTestEnv("color", "auto"),
        -:  246:    "Whether to use colors in the output.  Valid values: yes, no, "
        -:  247:    "and auto.  'auto' means to use colors if the output is "
        -:  248:    "being sent to a terminal and the TERM environment variable "
        -:  249:    "is set to a terminal type that supports colors.");
        -:  250:
        -:  251:GTEST_DEFINE_string_(
        -:  252:    filter,
        -:  253:    testing::internal::StringFromGTestEnv("filter",
        -:  254:                                          testing::GetDefaultFilter()),
        -:  255:    "A colon-separated list of glob (not regex) patterns "
        -:  256:    "for filtering the tests to run, optionally followed by a "
        -:  257:    "'-' and a : separated list of negative patterns (tests to "
        -:  258:    "exclude).  A test is run if it matches one of the positive "
        -:  259:    "patterns and does not match any of the negative patterns.");
        -:  260:
        -:  261:GTEST_DEFINE_bool_(
        -:  262:    install_failure_signal_handler,
        -:  263:    testing::internal::BoolFromGTestEnv("install_failure_signal_handler",
        -:  264:                                        false),
        -:  265:    "If true and supported on the current platform, " GTEST_NAME_
        -:  266:    " should "
        -:  267:    "install a signal handler that dumps debugging information when fatal "
        -:  268:    "signals are raised.");
        -:  269:
        -:  270:GTEST_DEFINE_bool_(list_tests, false,
        -:  271:                   "List all tests without running them.");
        -:  272:
        -:  273:// The net priority order after flag processing is thus:
        -:  274://   --gtest_output command line flag
        -:  275://   GTEST_OUTPUT environment variable
        -:  276://   XML_OUTPUT_FILE environment variable
        -:  277://   ''
        -:  278:GTEST_DEFINE_string_(
        -:  279:    output,
        -:  280:    testing::internal::StringFromGTestEnv(
        -:  281:        "output", testing::internal::OutputFlagAlsoCheckEnvVar().c_str()),
        -:  282:    "A format (defaults to \"xml\" but can be specified to be \"json\"), "
        -:  283:    "optionally followed by a colon and an output file name or directory. "
        -:  284:    "A directory is indicated by a trailing pathname separator. "
        -:  285:    "Examples: \"xml:filename.xml\", \"xml::directoryname/\". "
        -:  286:    "If a directory is specified, output files will be created "
        -:  287:    "within that directory, with file-names based on the test "
        -:  288:    "executable's name and, if necessary, made unique by adding "
        -:  289:    "digits.");
        -:  290:
        -:  291:GTEST_DEFINE_bool_(
        -:  292:    brief, testing::internal::BoolFromGTestEnv("brief", false),
        -:  293:    "True if only test failures should be displayed in text output.");
        -:  294:
        -:  295:GTEST_DEFINE_bool_(print_time,
        -:  296:                   testing::internal::BoolFromGTestEnv("print_time", true),
        -:  297:                   "True if and only if " GTEST_NAME_
        -:  298:                   " should display elapsed time in text output.");
        -:  299:
        -:  300:GTEST_DEFINE_bool_(print_utf8,
        -:  301:                   testing::internal::BoolFromGTestEnv("print_utf8", true),
        -:  302:                   "True if and only if " GTEST_NAME_
        -:  303:                   " prints UTF8 characters as text.");
        -:  304:
        -:  305:GTEST_DEFINE_int32_(
        -:  306:    random_seed, testing::internal::Int32FromGTestEnv("random_seed", 0),
        -:  307:    "Random number seed to use when shuffling test orders.  Must be in range "
        -:  308:    "[1, 99999], or 0 to use a seed based on the current time.");
        -:  309:
        -:  310:GTEST_DEFINE_int32_(
        -:  311:    repeat, testing::internal::Int32FromGTestEnv("repeat", 1),
        -:  312:    "How many times to repeat each test.  Specify a negative number "
        -:  313:    "for repeating forever.  Useful for shaking out flaky tests.");
        -:  314:
        -:  315:GTEST_DEFINE_bool_(
        -:  316:    recreate_environments_when_repeating,
        -:  317:    testing::internal::BoolFromGTestEnv("recreate_environments_when_repeating",
        -:  318:                                        true),
        -:  319:    "Controls whether global test environments are recreated for each repeat "
        -:  320:    "of the tests. If set to false the global test environments are only set "
        -:  321:    "up once, for the first iteration, and only torn down once, for the last. "
        -:  322:    "Useful for shaking out flaky tests with stable, expensive test "
        -:  323:    "environments. If --gtest_repeat is set to a negative number, meaning "
        -:  324:    "there is no last run, the environments will always be recreated to avoid "
        -:  325:    "leaks.");
        -:  326:
        -:  327:GTEST_DEFINE_bool_(show_internal_stack_frames, false,
        -:  328:                   "True if and only if " GTEST_NAME_
        -:  329:                   " should include internal stack frames when "
        -:  330:                   "printing test failure stack traces.");
        -:  331:
        -:  332:GTEST_DEFINE_bool_(shuffle,
        -:  333:                   testing::internal::BoolFromGTestEnv("shuffle", false),
        -:  334:                   "True if and only if " GTEST_NAME_
        -:  335:                   " should randomize tests' order on every run.");
        -:  336:
        -:  337:GTEST_DEFINE_int32_(
        -:  338:    stack_trace_depth,
        -:  339:    testing::internal::Int32FromGTestEnv("stack_trace_depth",
        -:  340:                                         testing::kMaxStackTraceDepth),
        -:  341:    "The maximum number of stack frames to print when an "
        -:  342:    "assertion fails.  The valid range is 0 through 100, inclusive.");
        -:  343:
        -:  344:GTEST_DEFINE_string_(
        -:  345:    stream_result_to,
        -:  346:    testing::internal::StringFromGTestEnv("stream_result_to", ""),
        -:  347:    "This flag specifies the host name and the port number on which to stream "
        -:  348:    "test results. Example: \"localhost:555\". The flag is effective only on "
        -:  349:    "Linux.");
        -:  350:
        -:  351:GTEST_DEFINE_bool_(
        -:  352:    throw_on_failure,
        -:  353:    testing::internal::BoolFromGTestEnv("throw_on_failure", false),
        -:  354:    "When this flag is specified, a failed assertion will throw an exception "
        -:  355:    "if exceptions are enabled or exit the program with a non-zero code "
        -:  356:    "otherwise. For use with an external test framework.");
        -:  357:
        -:  358:#if GTEST_USE_OWN_FLAGFILE_FLAG_
        -:  359:GTEST_DEFINE_string_(
        -:  360:    flagfile, testing::internal::StringFromGTestEnv("flagfile", ""),
        -:  361:    "This flag specifies the flagfile to read command-line flags from.");
        -:  362:#endif  // GTEST_USE_OWN_FLAGFILE_FLAG_
        -:  363:
        -:  364:namespace testing {
        -:  365:namespace internal {
        -:  366:
        -:  367:// Generates a random number from [0, range), using a Linear
        -:  368:// Congruential Generator (LCG).  Crashes if 'range' is 0 or greater
        -:  369:// than kMaxRange.
function _ZN7testing8internal6Random8GenerateEj called 0 returned 0% blocks executed 0%
    #####:  370:uint32_t Random::Generate(uint32_t range) {
        -:  371:  // These constants are the same as are used in glibc's rand(3).
        -:  372:  // Use wider types than necessary to prevent unsigned overflow diagnostics.
    #####:  373:  state_ = static_cast<uint32_t>(1103515245ULL*state_ + 12345U) % kMaxRange;
        -:  374:
    #####:  375:  GTEST_CHECK_(range > 0)
    %%%%%:  375-block  0
call    0 never executed
branch  1 never executed
branch  2 never executed
    %%%%%:  375-block  1
call    3 never executed
call    4 never executed
    %%%%%:  375-block  2
call    5 never executed
    $$$$$:  375-block  3
call    6 never executed
    $$$$$:  375-block  4
call    7 never executed
    #####:  376:      << "Cannot generate a number in the range [0, 0).";
call    0 never executed
branch  1 never executed
branch  2 never executed
    %%%%%:  376-block  0
call    3 never executed
branch  4 never executed
branch  5 never executed
    #####:  377:  GTEST_CHECK_(range <= kMaxRange)
    %%%%%:  377-block  0
call    0 never executed
branch  1 never executed
branch  2 never executed
    %%%%%:  377-block  1
call    3 never executed
call    4 never executed
    %%%%%:  377-block  2
call    5 never executed
    $$$$$:  377-block  3
call    6 never executed
    #####:  378:      << "Generation of a number in [0, " << range << ") was requested, "
call    0 never executed
branch  1 never executed
branch  2 never executed
    %%%%%:  378-block  0
call    3 never executed
branch  4 never executed
branch  5 never executed
    %%%%%:  378-block  1
call    6 never executed
branch  7 never executed
branch  8 never executed
    #####:  379:      << "but this can only generate numbers in [0, " << kMaxRange << ").";
    %%%%%:  379-block  0
call    0 never executed
branch  1 never executed
branch  2 never executed
    %%%%%:  379-block  1
call    3 never executed
branch  4 never executed
branch  5 never executed
    %%%%%:  379-block  2
call    6 never executed
branch  7 never executed
branch  8 never executed
    %%%%%:  379-block  3
call    9 never executed
branch 10 never executed
branch 11 never executed
        -:  380:
        -:  381:  // Converting via modulus introduces a bit of downward bias, but
        -:  382:  // it's simple, and a linear congruential generator isn't too good
        -:  383:  // to begin with.
    #####:  384:  return state_ % range;
    %%%%%:  384-block  0
    %%%%%:  384-block  1
        -:  385:}
        -:  386:
        -:  387:// GTestIsInitialized() returns true if and only if the user has initialized
        -:  388:// Google Test.  Useful for catching the user mistake of not initializing
        -:  389:// Google Test before calling RUN_ALL_TESTS().
function _ZN7testing8internalL18GTestIsInitializedEv called 2 returned 100% blocks executed 100%
        2:  390:static bool GTestIsInitialized() { return GetArgvs().size() > 0; }
        2:  390-block  0
call    0 returned 2
call    1 returned 2
call    2 returned 2
        -:  391:
        -:  392:// Iterates over a vector of TestSuites, keeping a running sum of the
        -:  393:// results of calling a given int-returning method on each.
        -:  394:// Returns the sum.
function _ZN7testing8internalL20SumOverTestSuiteListERKSt6vectorIPNS_9TestSuiteESaIS3_EEMS2_KFivE called 5 returned 100% blocks executed 91%
        5:  395:static int SumOverTestSuiteList(const std::vector<TestSuite*>& case_list,
        -:  396:                                int (TestSuite::*method)() const) {
        5:  397:  int sum = 0;
      120:  398:  for (size_t i = 0; i < case_list.size(); i++) {
        5:  398-block  0
      120:  398-block  1
call    0 returned 120
branch  1 taken 115 (fallthrough)
branch  2 taken 5
     115*:  399:    sum += (case_list[i]->*method)();
      115:  399-block  0
call    0 returned 115
branch  1 taken 0 (fallthrough)
branch  2 taken 115
    %%%%%:  399-block  1
      115:  399-block  2
      115:  399-block  3
call    3 returned 115
        -:  400:  }
        5:  401:  return sum;
        5:  401-block  0
        -:  402:}
        -:  403:
        -:  404:// Returns true if and only if the test suite passed.
function _ZN7testing8internalL15TestSuitePassedEPKNS_9TestSuiteE called 0 returned 0% blocks executed 0%
    #####:  405:static bool TestSuitePassed(const TestSuite* test_suite) {
    #####:  406:  return test_suite->should_run() && test_suite->Passed();
    %%%%%:  406-block  0
call    0 never executed
branch  1 never executed
branch  2 never executed
    %%%%%:  406-block  1
call    3 never executed
branch  4 never executed
branch  5 never executed
    %%%%%:  406-block  2
    %%%%%:  406-block  3
    %%%%%:  406-block  4
        -:  407:}
        -:  408:
        -:  409:// Returns true if and only if the test suite failed.
function _ZN7testing8internalL15TestSuiteFailedEPKNS_9TestSuiteE called 46 returned 100% blocks executed 88%
       46:  410:static bool TestSuiteFailed(const TestSuite* test_suite) {
      46*:  411:  return test_suite->should_run() && test_suite->Failed();
       46:  411-block  0
call    0 returned 46
branch  1 taken 46 (fallthrough)
branch  2 taken 0
       46:  411-block  1
call    3 returned 46
branch  4 taken 0 (fallthrough)
branch  5 taken 46
    %%%%%:  411-block  2
       46:  411-block  3
       46:  411-block  4
        -:  412:}
        -:  413:
        -:  414:// Returns true if and only if test_suite contains at least one test that
        -:  415:// should run.
function _ZN7testing8internalL18ShouldRunTestSuiteEPKNS_9TestSuiteE called 46 returned 100% blocks executed 100%
       46:  416:static bool ShouldRunTestSuite(const TestSuite* test_suite) {
       46:  417:  return test_suite->should_run();
       46:  417-block  0
call    0 returned 46
        -:  418:}
        -:  419:
        -:  420:// AssertHelper constructor.
function _ZN7testing8internal12AssertHelperC2ENS_14TestPartResult4TypeEPKciS5_ called 0 returned 0% blocks executed 0%
    #####:  421:AssertHelper::AssertHelper(TestPartResult::Type type,
        -:  422:                           const char* file,
        -:  423:                           int line,
    #####:  424:                           const char* message)
    #####:  425:    : data_(new AssertHelperData(type, file, line, message)) {
    %%%%%:  425-block  0
call    0 never executed
call    1 never executed
branch  2 never executed
branch  3 never executed
    $$$$$:  425-block  1
call    4 never executed
    #####:  426:}
    %%%%%:  426-block  0
        -:  427:
function _ZN7testing8internal12AssertHelperD2Ev called 0 returned 0% blocks executed 0%
    #####:  428:AssertHelper::~AssertHelper() {
    #####:  429:  delete data_;
    %%%%%:  429-block  0
branch  0 never executed
branch  1 never executed
    %%%%%:  429-block  1
call    2 never executed
call    3 never executed
    #####:  430:}
        -:  431:
        -:  432:// Message assignment, for assertion streaming support.
function _ZNK7testing8internal12AssertHelperaSERKNS_7MessageE called 0 returned 0% blocks executed 0%
    #####:  433:void AssertHelper::operator=(const Message& message) const {
        -:  434:  UnitTest::GetInstance()->
    #####:  435:    AddTestPartResult(data_->type, data_->file, data_->line,
    %%%%%:  435-block  0
call    0 never executed
    %%%%%:  435-block  1
call    1 never executed
branch  2 never executed
branch  3 never executed
    #####:  436:                      AppendUserMessage(data_->message, message),
call    0 never executed
branch  1 never executed
branch  2 never executed
    %%%%%:  436-block  0
call    3 never executed
    $$$$$:  436-block  1
call    4 never executed
    $$$$$:  436-block  2
        -:  437:                      UnitTest::GetInstance()->impl()
    #####:  438:                      ->CurrentOsStackTraceExceptTop(1)
call    0 never executed
call    1 never executed
call    2 never executed
call    3 never executed
    $$$$$:  438-block  0
call    4 never executed
        -:  439:                      // Skips the stack frame for this function itself.
        -:  440:                      );  // NOLINT
    #####:  441:}
        -:  442:
        -:  443:namespace {
        -:  444:
        -:  445:// When TEST_P is found without a matching INSTANTIATE_TEST_SUITE_P
        -:  446:// to creates test cases for it, a synthetic test case is
        -:  447:// inserted to report ether an error or a log message.
        -:  448://
        -:  449:// This configuration bit will likely be removed at some point.
        -:  450:constexpr bool kErrorOnUninstantiatedParameterizedTest = true;
        -:  451:constexpr bool kErrorOnUninstantiatedTypeParameterizedTest = true;
        -:  452:
        -:  453:// A test that fails at a given file/line location with a given message.
        -:  454:class FailureTest : public Test {
        -:  455: public:
function _ZN7testing8internal12_GLOBAL__N_111FailureTestC2ERKNS0_12CodeLocationENSt7__cxx1112basic_stringIcSt11char_traitsIcESaIcEEEb called 0 returned 0% blocks executed 0%
    #####:  456:  explicit FailureTest(const CodeLocation& loc, std::string error_message,
        -:  457:                       bool as_error)
    #####:  458:      : loc_(loc),
    #####:  459:        error_message_(std::move(error_message)),
    #####:  460:        as_error_(as_error) {}
    %%%%%:  460-block  0
call    0 never executed
call    1 never executed
branch  2 never executed
branch  3 never executed
    %%%%%:  460-block  1
call    4 never executed
call    5 never executed
    $$$$$:  460-block  2
call    6 never executed
        -:  461:
function _ZN7testing8internal12_GLOBAL__N_111FailureTest8TestBodyEv called 0 returned 0% blocks executed 0%
    #####:  462:  void TestBody() override {
    #####:  463:    if (as_error_) {
    %%%%%:  463-block  0
branch  0 never executed
branch  1 never executed
    #####:  464:      AssertHelper(TestPartResult::kNonFatalFailure, loc_.file.c_str(),
call    0 never executed
branch  1 never executed
branch  2 never executed
    %%%%%:  464-block  0
call    3 never executed
    $$$$$:  464-block  1
call    4 never executed
    $$$$$:  464-block  2
    #####:  465:                   loc_.line, "") = Message() << error_message_;
    %%%%%:  465-block  0
call    0 never executed
call    1 never executed
branch  2 never executed
branch  3 never executed
    %%%%%:  465-block  1
call    4 never executed
    %%%%%:  465-block  2
call    5 never executed
branch  6 never executed
branch  7 never executed
call    8 never executed
    $$$$$:  465-block  3
call    9 never executed
        -:  466:    } else {
    #####:  467:      std::cout << error_message_ << std::endl;
    %%%%%:  467-block  0
call    0 never executed
call    1 never executed
        -:  468:    }
    #####:  469:  }
    %%%%%:  469-block  0
        -:  470:
        -:  471: private:
        -:  472:  const CodeLocation loc_;
        -:  473:  const std::string error_message_;
        -:  474:  const bool as_error_;
        -:  475:};
        -:  476:
        -:  477:
        -:  478:}  // namespace
        -:  479:
function _ZN7testing8internal33GetIgnoredParameterizedTestSuitesB5cxx11Ev called 1 returned 100% blocks executed 100%
        1:  480:std::set<std::string>* GetIgnoredParameterizedTestSuites() {
        1:  481:  return UnitTest::GetInstance()->impl()->ignored_parameterized_test_suites();
        1:  481-block  0
call    0 returned 1
call    1 returned 1
call    2 returned 1
        -:  482:}
        -:  483:
        -:  484:// Add a given test_suit to the list of them allow to go un-instantiated.
function _ZN7testing8internal13MarkAsIgnoredC2EPKc called 0 returned 0% blocks executed 0%
    #####:  485:MarkAsIgnored::MarkAsIgnored(const char* test_suite) {
    #####:  486:  GetIgnoredParameterizedTestSuites()->insert(test_suite);
    %%%%%:  486-block  0
call    0 never executed
call    1 never executed
call    2 never executed
branch  3 never executed
branch  4 never executed
    %%%%%:  486-block  1
call    5 never executed
branch  6 never executed
branch  7 never executed
    %%%%%:  486-block  2
call    8 never executed
call    9 never executed
    $$$$$:  486-block  3
call   10 never executed
    $$$$$:  486-block  4
    $$$$$:  486-block  5
call   11 never executed
    #####:  487:}
        -:  488:
        -:  489:// If this parameterized test suite has no instantiations (and that
        -:  490:// has not been marked as okay), emit a test case reporting that.
function _ZN7testing8internal23InsertSyntheticTestCaseERKNSt7__cxx1112basic_stringIcSt11char_traitsIcESaIcEEENS0_12CodeLocationEb called 0 returned 0% blocks executed 0%
    #####:  491:void InsertSyntheticTestCase(const std::string& name, CodeLocation location,
        -:  492:                             bool has_test_p) {
    #####:  493:  const auto& ignored = *GetIgnoredParameterizedTestSuites();
    %%%%%:  493-block  0
call    0 never executed
branch  1 never executed
branch  2 never executed
    #####:  494:  if (ignored.find(name) != ignored.end()) return;
    %%%%%:  494-block  0
call    0 never executed
call    1 never executed
branch  2 never executed
branch  3 never executed
    %%%%%:  494-block  1
call    4 never executed
branch  5 never executed
branch  6 never executed
    %%%%%:  494-block  2
    $$$$$:  494-block  3
        -:  495:
    #####:  496:  const char kMissingInstantiation[] =  //
        -:  497:      " is defined via TEST_P, but never instantiated. None of the test cases "
        -:  498:      "will run. Either no INSTANTIATE_TEST_SUITE_P is provided or the only "
        -:  499:      "ones provided expand to nothing."
        -:  500:      "\n\n"
        -:  501:      "Ideally, TEST_P definitions should only ever be included as part of "
        -:  502:      "binaries that intend to use them. (As opposed to, for example, being "
        -:  503:      "placed in a library that may be linked in to get other utilities.)";
        -:  504:
    #####:  505:  const char kMissingTestCase[] =  //
        -:  506:      " is instantiated via INSTANTIATE_TEST_SUITE_P, but no tests are "
        -:  507:      "defined via TEST_P . No test cases will run."
        -:  508:      "\n\n"
        -:  509:      "Ideally, INSTANTIATE_TEST_SUITE_P should only ever be invoked from "
        -:  510:      "code that always depend on code that provides TEST_P. Failing to do "
        -:  511:      "so is often an indication of dead code, e.g. the last TEST_P was "
        -:  512:      "removed but the rest got left behind.";
        -:  513:
        -:  514:  std::string message =
    #####:  515:      "Parameterized test suite " + name +
    %%%%%:  515-block  0
branch  0 never executed
branch  1 never executed
    %%%%%:  515-block  1
    %%%%%:  515-block  2
    %%%%%:  515-block  3
call    2 never executed
branch  3 never executed
branch  4 never executed
    %%%%%:  515-block  4
call    5 never executed
branch  6 never executed
branch  7 never executed
call    8 never executed
    $$$$$:  515-block  5
    $$$$$:  515-block  6
    #####:  516:      (has_test_p ? kMissingInstantiation : kMissingTestCase) +
    %%%%%:  516-block  0
call    0 never executed
branch  1 never executed
branch  2 never executed
call    3 never executed
    $$$$$:  516-block  1
        -:  517:      "\n\n"
        -:  518:      "To suppress this error for this test suite, insert the following line "
        -:  519:      "(in a non-header) in the namespace it is defined in:"
        -:  520:      "\n\n"
    #####:  521:      "GTEST_ALLOW_UNINSTANTIATED_PARAMETERIZED_TEST(" + name + ");";
    %%%%%:  521-block  0
call    0 never executed
branch  1 never executed
branch  2 never executed
    %%%%%:  521-block  1
call    3 never executed
branch  4 never executed
branch  5 never executed
call    6 never executed
call    7 never executed
    $$$$$:  521-block  2
    $$$$$:  521-block  3
call    8 never executed
        -:  522:
    #####:  523:  std::string full_name = "UninstantiatedParameterizedTestSuite<" + name + ">";
call    0 never executed
branch  1 never executed
branch  2 never executed
    %%%%%:  523-block  0
call    3 never executed
branch  4 never executed
branch  5 never executed
    $$$$$:  523-block  1
    $$$$$:  523-block  2
call    6 never executed
    #####:  524:  RegisterTest(  //
call    0 never executed
branch  1 never executed
branch  2 never executed
    %%%%%:  524-block  0
call    3 never executed
branch  4 never executed
branch  5 never executed
    %%%%%:  524-block  1
call    6 never executed
call    7 never executed
call    8 never executed
branch  9 never executed
branch 10 never executed
    %%%%%:  524-block  2
call   11 never executed
call   12 never executed
    $$$$$:  524-block  3
call   13 never executed
    $$$$$:  524-block  4
        -:  525:      "GoogleTestVerification", full_name.c_str(),
        -:  526:      nullptr,  // No type parameter.
        -:  527:      nullptr,  // No value parameter.
        -:  528:      location.file.c_str(), location.line, [message, location] {
        -:  529:        return new FailureTest(location, message,
        -:  530:                               kErrorOnUninstantiatedParameterizedTest);
        -:  531:      });
        -:  532:}
        -:  533:
function _ZN7testing8internal34RegisterTypeParameterizedTestSuiteEPKcNS0_12CodeLocationE called 0 returned 0% blocks executed 0%
    #####:  534:void RegisterTypeParameterizedTestSuite(const char* test_suite_name,
        -:  535:                                        CodeLocation code_location) {
    #####:  536:  GetUnitTestImpl()->type_parameterized_test_registry().RegisterTestSuite(
    %%%%%:  536-block  0
call    0 never executed
call    1 never executed
call    2 never executed
call    3 never executed
branch  4 never executed
branch  5 never executed
    %%%%%:  536-block  1
call    6 never executed
    $$$$$:  536-block  2
call    7 never executed
        -:  537:      test_suite_name, code_location);
    #####:  538:}
        -:  539:
function _ZN7testing8internal47RegisterTypeParameterizedTestSuiteInstantiationEPKc called 0 returned 0% blocks executed 0%
    #####:  540:void RegisterTypeParameterizedTestSuiteInstantiation(const char* case_name) {
        -:  541:  GetUnitTestImpl()
    #####:  542:      ->type_parameterized_test_registry()
    %%%%%:  542-block  0
call    0 never executed
call    1 never executed
    #####:  543:      .RegisterInstantiation(case_name);
call    0 never executed
    #####:  544:}
        -:  545:
function _ZN7testing8internal34TypeParameterizedTestSuiteRegistry17RegisterTestSuiteEPKcNS0_12CodeLocationE called 0 returned 0% blocks executed 0%
    #####:  546:void TypeParameterizedTestSuiteRegistry::RegisterTestSuite(
        -:  547:    const char* test_suite_name, CodeLocation code_location) {
    #####:  548:  suites_.emplace(std::string(test_suite_name),
    %%%%%:  548-block  0
call    0 never executed
call    1 never executed
branch  2 never executed
branch  3 never executed
    %%%%%:  548-block  1
call    4 never executed
call    5 never executed
    $$$$$:  548-block  2
call    6 never executed
    $$$$$:  548-block  3
    $$$$$:  548-block  4
call    7 never executed
    $$$$$:  548-block  5
    #####:  549:                 TypeParameterizedTestSuiteInfo(code_location));
    %%%%%:  549-block  0
call    0 never executed
call    1 never executed
branch  2 never executed
branch  3 never executed
    %%%%%:  549-block  1
call    4 never executed
branch  5 never executed
branch  6 never executed
call    7 never executed
call    8 never executed
    $$$$$:  549-block  2
call    9 never executed
    $$$$$:  549-block  3
    $$$$$:  549-block  4
call   10 never executed
    #####:  550:}
        -:  551:
function _ZN7testing8internal34TypeParameterizedTestSuiteRegistry21RegisterInstantiationEPKc called 0 returned 0% blocks executed 0%
    #####:  552:void TypeParameterizedTestSuiteRegistry::RegisterInstantiation(
        -:  553:        const char* test_suite_name) {
    #####:  554:  auto it = suites_.find(std::string(test_suite_name));
    %%%%%:  554-block  0
call    0 never executed
call    1 never executed
branch  2 never executed
branch  3 never executed
    %%%%%:  554-block  1
call    4 never executed
branch  5 never executed
branch  6 never executed
    %%%%%:  554-block  2
call    7 never executed
call    8 never executed
    $$$$$:  554-block  3
call    9 never executed
    $$$$$:  554-block  4
    $$$$$:  554-block  5
call   10 never executed
    $$$$$:  554-block  6
    #####:  555:  if (it != suites_.end()) {
call    0 never executed
call    1 never executed
branch  2 never executed
branch  3 never executed
    #####:  556:    it->second.instantiated = true;
    %%%%%:  556-block  0
call    0 never executed
        -:  557:  } else {
    #####:  558:    GTEST_LOG_(ERROR) << "Unknown type parameterized test suit '"
    %%%%%:  558-block  0
call    0 never executed
branch  1 never executed
branch  2 never executed
    %%%%%:  558-block  1
call    3 never executed
    %%%%%:  558-block  2
call    4 never executed
    $$$$$:  558-block  3
call    5 never executed
    $$$$$:  558-block  4
    #####:  559:                      << test_suite_name << "'";
call    0 never executed
branch  1 never executed
branch  2 never executed
    %%%%%:  559-block  0
call    3 never executed
branch  4 never executed
branch  5 never executed
    %%%%%:  559-block  1
call    6 never executed
branch  7 never executed
branch  8 never executed
        -:  560:  }
    #####:  561:}
    %%%%%:  561-block  0
        -:  562:
function _ZN7testing8internal34TypeParameterizedTestSuiteRegistry22CheckForInstantiationsEv called 1 returned 100% blocks executed 12%
        1:  563:void TypeParameterizedTestSuiteRegistry::CheckForInstantiations() {
        1:  564:  const auto& ignored = *GetIgnoredParameterizedTestSuites();
        1:  564-block  0
call    0 returned 1
       1*:  565:  for (const auto& testcase : suites_) {
call    0 returned 1
call    1 returned 1
        1:  565-block  0
call    2 returned 1
branch  3 taken 0 (fallthrough)
branch  4 taken 1
    %%%%%:  565-block  1
call    5 never executed
    %%%%%:  565-block  2
call    6 never executed
    #####:  566:    if (testcase.second.instantiated) continue;
branch  0 never executed
branch  1 never executed
    %%%%%:  566-block  0
    %%%%%:  566-block  1
    #####:  567:    if (ignored.find(testcase.first) != ignored.end()) continue;
    %%%%%:  567-block  0
call    0 never executed
call    1 never executed
branch  2 never executed
branch  3 never executed
    %%%%%:  567-block  1
call    4 never executed
branch  5 never executed
branch  6 never executed
    %%%%%:  567-block  2
    $$$$$:  567-block  3
        -:  568:
        -:  569:    std::string message =
    #####:  570:        "Type parameterized test suite " + testcase.first +
    %%%%%:  570-block  0
call    0 never executed
branch  1 never executed
branch  2 never executed
call    3 never executed
    $$$$$:  570-block  1
    $$$$$:  570-block  2
        -:  571:        " is defined via REGISTER_TYPED_TEST_SUITE_P, but never instantiated "
        -:  572:        "via INSTANTIATE_TYPED_TEST_SUITE_P. None of the test cases will run."
        -:  573:        "\n\n"
        -:  574:        "Ideally, TYPED_TEST_P definitions should only ever be included as "
        -:  575:        "part of binaries that intend to use them. (As opposed to, for "
        -:  576:        "example, being placed in a library that may be linked in to get other "
        -:  577:        "utilities.)"
        -:  578:        "\n\n"
        -:  579:        "To suppress this error for this test suite, insert the following line "
        -:  580:        "(in a non-header) in the namespace it is defined in:"
        -:  581:        "\n\n"
    #####:  582:        "GTEST_ALLOW_UNINSTANTIATED_PARAMETERIZED_TEST(" +
    %%%%%:  582-block  0
call    0 never executed
branch  1 never executed
branch  2 never executed
call    3 never executed
    $$$$$:  582-block  1
    #####:  583:        testcase.first + ");";
    %%%%%:  583-block  0
call    0 never executed
branch  1 never executed
branch  2 never executed
    %%%%%:  583-block  1
call    3 never executed
branch  4 never executed
branch  5 never executed
call    6 never executed
    $$$$$:  583-block  2
call    7 never executed
        -:  584:
        -:  585:    std::string full_name =
    #####:  586:        "UninstantiatedTypeParameterizedTestSuite<" + testcase.first + ">";
call    0 never executed
branch  1 never executed
branch  2 never executed
    %%%%%:  586-block  0
call    3 never executed
branch  4 never executed
branch  5 never executed
    $$$$$:  586-block  1
    $$$$$:  586-block  2
call    6 never executed
    #####:  587:    RegisterTest(  //
call    0 never executed
branch  1 never executed
branch  2 never executed
    %%%%%:  587-block  0
call    3 never executed
branch  4 never executed
branch  5 never executed
call    6 never executed
call    7 never executed
branch  8 never executed
branch  9 never executed
    %%%%%:  587-block  1
call   10 never executed
call   11 never executed
    $$$$$:  587-block  2
call   12 never executed
    $$$$$:  587-block  3
        -:  588:        "GoogleTestVerification", full_name.c_str(),
        -:  589:        nullptr,  // No type parameter.
        -:  590:        nullptr,  // No value parameter.
        -:  591:        testcase.second.code_location.file.c_str(),
    #####:  592:        testcase.second.code_location.line, [message, testcase] {
    %%%%%:  592-block  0
call    0 never executed
        -:  593:          return new FailureTest(testcase.second.code_location, message,
        -:  594:                                 kErrorOnUninstantiatedTypeParameterizedTest);
        -:  595:        });
        -:  596:  }
        1:  597:}
        1:  597-block  0
        -:  598:
        -:  599:// A copy of all command line arguments.  Set by InitGoogleTest().
        -:  600:static ::std::vector<std::string> g_argvs;
        -:  601:
function _ZN7testing8internal8GetArgvsB5cxx11Ev called 2 returned 100% blocks executed 100%
        2:  602:::std::vector<std::string> GetArgvs() {
        -:  603:#if defined(GTEST_CUSTOM_GET_ARGVS_)
        -:  604:  // GTEST_CUSTOM_GET_ARGVS_() may return a container of std::string or
        -:  605:  // ::string. This code converts it to the appropriate type.
        -:  606:  const auto& custom = GTEST_CUSTOM_GET_ARGVS_();
        -:  607:  return ::std::vector<std::string>(custom.begin(), custom.end());
        -:  608:#else   // defined(GTEST_CUSTOM_GET_ARGVS_)
        2:  609:  return g_argvs;
        2:  609-block  0
call    0 returned 2
        -:  610:#endif  // defined(GTEST_CUSTOM_GET_ARGVS_)
        -:  611:}
        -:  612:
        -:  613:// Returns the current application's name, removing directory path if that
        -:  614:// is present.
function _ZN7testing8internal24GetCurrentExecutableNameEv called 0 returned 0% blocks executed 0%
    #####:  615:FilePath GetCurrentExecutableName() {
    #####:  616:  FilePath result;
    %%%%%:  616-block  0
call    0 never executed
branch  1 never executed
branch  2 never executed
    %%%%%:  616-block  1
call    3 never executed
    $$$$$:  616-block  2
call    4 never executed
        -:  617:
        -:  618:#if GTEST_OS_WINDOWS || GTEST_OS_OS2
    #####:  619:  result.Set(FilePath(GetArgvs()[0]).RemoveExtension("exe"));
    %%%%%:  619-block  0
call    0 never executed
branch  1 never executed
branch  2 never executed
    %%%%%:  619-block  1
call    3 never executed
call    4 never executed
branch  5 never executed
branch  6 never executed
    %%%%%:  619-block  2
call    7 never executed
branch  8 never executed
branch  9 never executed
    %%%%%:  619-block  3
call   10 never executed
branch 11 never executed
branch 12 never executed
    %%%%%:  619-block  4
call   13 never executed
call   14 never executed
call   15 never executed
    $$$$$:  619-block  5
call   16 never executed
    $$$$$:  619-block  6
    $$$$$:  619-block  7
call   17 never executed
    $$$$$:  619-block  8
    $$$$$:  619-block  9
call   18 never executed
    $$$$$:  619-block 10
        -:  620:#else
        -:  621:  result.Set(FilePath(GetArgvs()[0]));
        -:  622:#endif  // GTEST_OS_WINDOWS
        -:  623:
    #####:  624:  return result.RemoveDirectoryName();
call    0 never executed
branch  1 never executed
branch  2 never executed
    %%%%%:  624-block  0
    %%%%%:  624-block  1
        -:  625:}
        -:  626:
        -:  627:// Functions for processing the gtest_output flag.
        -:  628:
        -:  629:// Returns the output format, or "" for normal printed output.
function _ZN7testing8internal15UnitTestOptions15GetOutputFormatB5cxx11Ev called 1 returned 100% blocks executed 50%
        1:  630:std::string UnitTestOptions::GetOutputFormat() {
        1:  631:  std::string s = GTEST_FLAG_GET(output);
        1:  631-block  0
call    0 returned 1
branch  1 taken 1 (fallthrough)
branch  2 taken 0 (throw)
    $$$$$:  631-block  1
call    3 never executed
        1:  632:  const char* const gtest_output_flag = s.c_str();
        1:  632-block  0
call    0 returned 1
        1:  633:  const char* const colon = strchr(gtest_output_flag, ':');
        -:  634:  return (colon == nullptr)
        -:  635:             ? std::string(gtest_output_flag)
        -:  636:             : std::string(gtest_output_flag,
       3*:  637:                           static_cast<size_t>(colon - gtest_output_flag));
branch  0 taken 1 (fallthrough)
branch  1 taken 0
        1:  637-block  0
call    2 returned 1
call    3 returned 1
branch  4 taken 1 (fallthrough)
branch  5 taken 0 (throw)
    %%%%%:  637-block  1
call    6 never executed
call    7 never executed
branch  8 never executed
branch  9 never executed
        1:  637-block  2
branch 10 taken 0 (fallthrough)
branch 11 taken 1
    %%%%%:  637-block  3
call   12 never executed
        1:  637-block  4
branch 13 taken 1 (fallthrough)
branch 14 taken 0
        1:  637-block  5
call   15 returned 1
        1:  637-block  6
call   16 returned 1
        1:  637-block  7
    $$$$$:  637-block  8
branch 17 never executed
branch 18 never executed
    $$$$$:  637-block  9
call   19 never executed
    $$$$$:  637-block 10
    $$$$$:  637-block 11
branch 20 never executed
branch 21 never executed
    $$$$$:  637-block 12
call   22 never executed
    $$$$$:  637-block 13
        -:  638:}
        -:  639:
        -:  640:// Returns the name of the requested output file, or the default if none
        -:  641:// was explicitly specified.
function _ZN7testing8internal15UnitTestOptions27GetAbsolutePathToOutputFileB5cxx11Ev called 0 returned 0% blocks executed 0%
    #####:  642:std::string UnitTestOptions::GetAbsolutePathToOutputFile() {
    #####:  643:  std::string s = GTEST_FLAG_GET(output);
    %%%%%:  643-block  0
call    0 never executed
branch  1 never executed
branch  2 never executed
call    3 never executed
    $$$$$:  643-block  1
call    4 never executed
    #####:  644:  const char* const gtest_output_flag = s.c_str();
    %%%%%:  644-block  0
call    0 never executed
        -:  645:
    #####:  646:  std::string format = GetOutputFormat();
call    0 never executed
branch  1 never executed
branch  2 never executed
    %%%%%:  646-block  0
call    3 never executed
    $$$$$:  646-block  1
call    4 never executed
    #####:  647:  if (format.empty())
    %%%%%:  647-block  0
call    0 never executed
branch  1 never executed
branch  2 never executed
    #####:  648:    format = std::string(kDefaultOutputFormat);
    %%%%%:  648-block  0
call    0 never executed
call    1 never executed
branch  2 never executed
branch  3 never executed
    %%%%%:  648-block  1
call    4 never executed
call    5 never executed
call    6 never executed
    $$$$$:  648-block  2
call    7 never executed
    $$$$$:  648-block  3
        -:  649:
    #####:  650:  const char* const colon = strchr(gtest_output_flag, ':');
    #####:  651:  if (colon == nullptr)
    %%%%%:  651-block  0
branch  0 never executed
branch  1 never executed
    #####:  652:    return internal::FilePath::MakeFileName(
    %%%%%:  652-block  0
call    0 never executed
    %%%%%:  652-block  1
call    1 never executed
branch  2 never executed
branch  3 never executed
    %%%%%:  652-block  2
call    4 never executed
    $$$$$:  652-block  3
call    5 never executed
    $$$$$:  652-block  4
    #####:  653:        internal::FilePath(
    %%%%%:  653-block  0
call    0 never executed
call    1 never executed
branch  2 never executed
branch  3 never executed
    %%%%%:  653-block  1
call    4 never executed
call    5 never executed
branch  6 never executed
branch  7 never executed
    %%%%%:  653-block  2
call    8 never executed
branch  9 never executed
branch 10 never executed
call   11 never executed
call   12 never executed
call   13 never executed
    $$$$$:  653-block  3
call   14 never executed
    $$$$$:  653-block  4
    $$$$$:  653-block  5
call   15 never executed
    $$$$$:  653-block  6
    $$$$$:  653-block  7
call   16 never executed
    $$$$$:  653-block  8
        -:  654:            UnitTest::GetInstance()->original_working_dir()),
    #####:  655:        internal::FilePath(kDefaultOutputFile), 0,
call    0 never executed
call    1 never executed
branch  2 never executed
branch  3 never executed
    %%%%%:  655-block  0
call    4 never executed
branch  5 never executed
branch  6 never executed
call    7 never executed
call    8 never executed
call    9 never executed
    $$$$$:  655-block  1
call   10 never executed
    $$$$$:  655-block  2
    $$$$$:  655-block  3
call   11 never executed
    $$$$$:  655-block  4
    $$$$$:  655-block  5
call   12 never executed
    $$$$$:  655-block  6
    #####:  656:        format.c_str()).string();
    %%%%%:  656-block  0
call    0 never executed
call    1 never executed
branch  2 never executed
branch  3 never executed
    %%%%%:  656-block  1
        -:  657:
    #####:  658:  internal::FilePath output_name(colon + 1);
    %%%%%:  658-block  0
call    0 never executed
call    1 never executed
branch  2 never executed
branch  3 never executed
    %%%%%:  658-block  1
call    4 never executed
branch  5 never executed
branch  6 never executed
call    7 never executed
    %%%%%:  658-block  2
call    8 never executed
    $$$$$:  658-block  3
    $$$$$:  658-block  4
    $$$$$:  658-block  5
call    9 never executed
    #####:  659:  if (!output_name.IsAbsolutePath())
call    0 never executed
branch  1 never executed
branch  2 never executed
    #####:  660:    output_name = internal::FilePath::ConcatPaths(
    %%%%%:  660-block  0
call    0 never executed
branch  1 never executed
branch  2 never executed
    %%%%%:  660-block  1
call    3 never executed
    $$$$$:  660-block  2
call    4 never executed
    $$$$$:  660-block  3
    #####:  661:        internal::FilePath(UnitTest::GetInstance()->original_working_dir()),
    %%%%%:  661-block  0
call    0 never executed
call    1 never executed
branch  2 never executed
branch  3 never executed
    %%%%%:  661-block  1
call    4 never executed
call    5 never executed
branch  6 never executed
branch  7 never executed
    %%%%%:  661-block  2
call    8 never executed
branch  9 never executed
branch 10 never executed
call   11 never executed
call   12 never executed
call   13 never executed
    $$$$$:  661-block  3
call   14 never executed
    $$$$$:  661-block  4
    $$$$$:  661-block  5
call   15 never executed
    $$$$$:  661-block  6
    $$$$$:  661-block  7
call   16 never executed
    $$$$$:  661-block  8
    #####:  662:        internal::FilePath(colon + 1));
    %%%%%:  662-block  0
call    0 never executed
call    1 never executed
branch  2 never executed
branch  3 never executed
    %%%%%:  662-block  1
call    4 never executed
branch  5 never executed
branch  6 never executed
    %%%%%:  662-block  2
call    7 never executed
branch  8 never executed
branch  9 never executed
call   10 never executed
call   11 never executed
call   12 never executed
    $$$$$:  662-block  3
call   13 never executed
    $$$$$:  662-block  4
    $$$$$:  662-block  5
call   14 never executed
    $$$$$:  662-block  6
    $$$$$:  662-block  7
call   15 never executed
    $$$$$:  662-block  8
        -:  663:
    #####:  664:  if (!output_name.IsDirectory())
    %%%%%:  664-block  0
call    0 never executed
branch  1 never executed
branch  2 never executed
    #####:  665:    return output_name.string();
    %%%%%:  665-block  0
call    0 never executed
call    1 never executed
branch  2 never executed
branch  3 never executed
    %%%%%:  665-block  1
        -:  666:
        -:  667:  internal::FilePath result(internal::FilePath::GenerateUniqueFileName(
    #####:  668:      output_name, internal::GetCurrentExecutableName(),
call    0 never executed
branch  1 never executed
branch  2 never executed
call    3 never executed
    $$$$$:  668-block  0
    #####:  669:      GetOutputFormat().c_str()));
    %%%%%:  669-block  0
call    0 never executed
branch  1 never executed
branch  2 never executed
    %%%%%:  669-block  1
call    3 never executed
    %%%%%:  669-block  2
call    4 never executed
branch  5 never executed
branch  6 never executed
    %%%%%:  669-block  3
call    7 never executed
    $$$$$:  669-block  4
    $$$$$:  669-block  5
call    8 never executed
    #####:  670:  return result.string();
call    0 never executed
call    1 never executed
branch  2 never executed
branch  3 never executed
    %%%%%:  670-block  0
        -:  671:}
        -:  672:
        -:  673:// Returns true if and only if the wildcard pattern matches the string. Each
        -:  674:// pattern consists of regular characters, single-character wildcards (?), and
        -:  675:// multi-character wildcards (*).
        -:  676://
        -:  677:// This function implements a linear-time string globbing algorithm based on
        -:  678:// https://research.swtch.com/glob.
function _ZN7testing8internalL20PatternMatchesStringERKNSt7__cxx1112basic_stringIcSt11char_traitsIcESaIcEEEPKcSA_ called 1449 returned 100% blocks executed 87%
     1449:  679:static bool PatternMatchesString(const std::string& name_str,
        -:  680:                                 const char* pattern, const char* pattern_end) {
     1449:  681:  const char* name = name_str.c_str();
     1449:  681-block  0
call    0 returned 1449
     1449:  682:  const char* const name_begin = name;
     1449:  683:  const char* const name_end = name + name_str.size();
call    0 returned 1449
        -:  684:
     1449:  685:  const char* pattern_next = pattern;
     1449:  686:  const char* name_next = name;
        -:  687:
    46178:  688:  while (pattern < pattern_end || name < name_end) {
    46178:  688-block  0
branch  0 taken 46 (fallthrough)
branch  1 taken 46132
       46:  688-block  1
branch  2 taken 23 (fallthrough)
branch  3 taken 23
    44729:  688-block  2
    46155:  689:    if (pattern < pattern_end) {
    46155:  689-block  0
branch  0 taken 46132 (fallthrough)
branch  1 taken 23
    46132:  690:      switch (*pattern) {
    46132:  690-block  0
branch  0 taken 25869
branch  1 taken 0
branch  2 taken 20263
    25869:  691:        default:  // Match an ordinary character.
    25869:  692:          if (name < name_end && *name == *pattern) {
    25869:  692-block  0
branch  0 taken 25271 (fallthrough)
branch  1 taken 598
    25271:  692-block  1
branch  2 taken 4801 (fallthrough)
branch  3 taken 20470
     4801:  693:            ++pattern;
     4801:  694:            ++name;
     4801:  695:            continue;
     4801:  695-block  0
        -:  696:          }
    21068:  697:          break;
    21068:  697-block  0
    #####:  698:        case '?':  // Match any single character.
    #####:  699:          if (name < name_end) {
    %%%%%:  699-block  0
branch  0 never executed
branch  1 never executed
    #####:  700:            ++pattern;
    #####:  701:            ++name;
    #####:  702:            continue;
    %%%%%:  702-block  0
        -:  703:          }
    #####:  704:          break;
    %%%%%:  704-block  0
    20263:  705:        case '*':
        -:  706:          // Match zero or more characters. Start by skipping over the wildcard
        -:  707:          // and matching zero characters from name. If that fails, restart and
        -:  708:          // match one more character than the last attempt.
    20263:  709:          pattern_next = pattern;
    20263:  710:          name_next = name + 1;
    20263:  711:          ++pattern;
    20263:  712:          continue;
    20263:  712-block  0
        -:  713:      }
        -:  714:    }
        -:  715:    // Failed to match a character. Restart if possible.
    21091:  716:    if (name_begin < name_next && name_next <= name_end) {
    21091:  716-block  0
branch  0 taken 20263 (fallthrough)
branch  1 taken 828
    20263:  716-block  1
branch  2 taken 19665 (fallthrough)
branch  3 taken 598
    19665:  717:      pattern = pattern_next;
    19665:  718:      name = name_next;
    19665:  719:      continue;
    19665:  719-block  0
        -:  720:    }
     1426:  721:    return false;
     1426:  721-block  0
        -:  722:  }
       23:  723:  return true;
       23:  723-block  0
        -:  724:}
        -:  725:
function _ZN7testing8internal15UnitTestOptions13MatchesFilterERKNSt7__cxx1112basic_stringIcSt11char_traitsIcESaIcEEEPKc called 115 returned 100% blocks executed 100%
      115:  726:bool UnitTestOptions::MatchesFilter(const std::string& name_str,
        -:  727:                                    const char* filter) {
        -:  728:  // The filter is a list of patterns separated by colons (:).
      115:  729:  const char* pattern = filter;
      115:  729-block  0
        -:  730:  while (true) {
        -:  731:    // Find the bounds of this pattern.
     1449:  732:    const char* const next_sep = strchr(pattern, ':');
     1449:  733:    const char* const pattern_end =
     1449:  734:        next_sep != nullptr ? next_sep : pattern + strlen(pattern);
     1449:  734-block  0
branch  0 taken 92 (fallthrough)
branch  1 taken 1357
       92:  734-block  1
     1357:  734-block  2
        -:  735:
        -:  736:    // Check if this pattern matches name_str.
     1449:  737:    if (PatternMatchesString(name_str, pattern, pattern_end)) {
     1449:  737-block  0
call    0 returned 1449
branch  1 taken 23 (fallthrough)
branch  2 taken 1426
       23:  738:      return true;
       23:  738-block  0
        -:  739:    }
        -:  740:
        -:  741:    // Give up on this pattern. However, if we found a pattern separator (:),
        -:  742:    // advance to the next pattern (skipping over the separator) and restart.
     1426:  743:    if (next_sep == nullptr) {
     1426:  743-block  0
branch  0 taken 92 (fallthrough)
branch  1 taken 1334
       92:  744:      return false;
       92:  744-block  0
        -:  745:    }
     1334:  746:    pattern = next_sep + 1;
     1334:  747:  }
     1334:  747-block  0
        -:  748:  return true;
        -:  749:}
        -:  750:
        -:  751:// Returns true if and only if the user-specified filter matches the test
        -:  752:// suite name and the test name.
function _ZN7testing8internal15UnitTestOptions17FilterMatchesTestERKNSt7__cxx1112basic_stringIcSt11char_traitsIcESaIcEEES9_ called 23 returned 100% blocks executed 46%
       23:  753:bool UnitTestOptions::FilterMatchesTest(const std::string& test_suite_name,
        -:  754:                                        const std::string& test_name) {
       46:  755:  const std::string& full_name = test_suite_name + "." + test_name.c_str();
       23:  755-block  0
call    0 returned 23
call    1 returned 23
branch  2 taken 23 (fallthrough)
branch  3 taken 0 (throw)
       23:  755-block  1
call    4 returned 23
branch  5 taken 23 (fallthrough)
branch  6 taken 0 (throw)
       23:  755-block  2
call    7 returned 23
call    8 returned 23
    $$$$$:  755-block  3
call    9 never executed
    $$$$$:  755-block  4
    $$$$$:  755-block  5
call   10 never executed
        -:  756:
        -:  757:  // Split --gtest_filter at '-', if there is one, to separate into
        -:  758:  // positive filter and negative filter portions
       46:  759:  std::string str = GTEST_FLAG_GET(filter);
call    0 returned 23
branch  1 taken 23 (fallthrough)
branch  2 taken 0 (throw)
call    3 returned 23
    $$$$$:  759-block  0
call    4 never executed
       23:  760:  const char* const p = str.c_str();
       23:  760-block  0
call    0 returned 23
       23:  761:  const char* const dash = strchr(p, '-');
       46:  762:  std::string positive;
call    0 returned 23
call    1 returned 23
    $$$$$:  762-block  0
call    2 never executed
       23:  763:  std::string negative;
call    0 returned 23
    $$$$$:  763-block  0
call    1 never executed
       23:  764:  if (dash == nullptr) {
branch  0 taken 23 (fallthrough)
branch  1 taken 0
       23:  765:    positive = str.c_str();  // Whole string is a positive filter
       23:  765-block  0
call    0 returned 23
call    1 returned 23
branch  2 taken 23 (fallthrough)
branch  3 taken 0 (throw)
       23:  766:    negative = "";
       23:  766-block  0
call    0 returned 23
branch  1 taken 23 (fallthrough)
branch  2 taken 0 (throw)
        -:  767:  } else {
    #####:  768:    positive = std::string(p, dash);   // Everything up to the dash
    %%%%%:  768-block  0
call    0 never executed
call    1 never executed
branch  2 never executed
branch  3 never executed
    %%%%%:  768-block  1
call    4 never executed
call    5 never executed
call    6 never executed
    $$$$$:  768-block  2
call    7 never executed
    $$$$$:  768-block  3
    #####:  769:    negative = std::string(dash + 1);  // Everything after the dash
call    0 never executed
call    1 never executed
branch  2 never executed
branch  3 never executed
    %%%%%:  769-block  0
call    4 never executed
call    5 never executed
call    6 never executed
    $$$$$:  769-block  1
call    7 never executed
    $$$$$:  769-block  2
    #####:  770:    if (positive.empty()) {
call    0 never executed
branch  1 never executed
branch  2 never executed
        -:  771:      // Treat '-test1' as the same as '*-test1'
    #####:  772:      positive = kUniversalFilter;
    %%%%%:  772-block  0
call    0 never executed
branch  1 never executed
branch  2 never executed
        -:  773:    }
        -:  774:  }
        -:  775:
        -:  776:  // A filter is a colon-separated list of patterns.  It matches a
        -:  777:  // test if any pattern in it matches the test.
      46*:  778:  return (MatchesFilter(full_name, positive.c_str()) &&
       23:  778-block  0
call    0 returned 23
call    1 returned 23
branch  2 taken 23 (fallthrough)
branch  3 taken 0
       23:  778-block  1
    %%%%%:  778-block  2
       69:  779:          !MatchesFilter(full_name, negative.c_str()));
       23:  779-block  0
call    0 returned 23
call    1 returned 23
branch  2 taken 23 (fallthrough)
branch  3 taken 0
       23:  779-block  1
call    4 returned 23
       23:  779-block  2
        -:  780:}
        -:  781:
        -:  782:#if GTEST_HAS_SEH
        -:  783:// Returns EXCEPTION_EXECUTE_HANDLER if Google Test should handle the
        -:  784:// given SEH exception, or EXCEPTION_CONTINUE_SEARCH otherwise.
        -:  785:// This function is useful as an __except condition.
        -:  786:int UnitTestOptions::GTestShouldProcessSEH(DWORD exception_code) {
        -:  787:  // Google Test should handle a SEH exception if:
        -:  788:  //   1. the user wants it to, AND
        -:  789:  //   2. this is not a breakpoint exception, AND
        -:  790:  //   3. this is not a C++ exception (VC++ implements them via SEH,
        -:  791:  //      apparently).
        -:  792:  //
        -:  793:  // SEH exception code for C++ exceptions.
        -:  794:  // (see http://support.microsoft.com/kb/185294 for more information).
        -:  795:  const DWORD kCxxExceptionCode = 0xe06d7363;
        -:  796:
        -:  797:  bool should_handle = true;
        -:  798:
        -:  799:  if (!GTEST_FLAG_GET(catch_exceptions))
        -:  800:    should_handle = false;
        -:  801:  else if (exception_code == EXCEPTION_BREAKPOINT)
        -:  802:    should_handle = false;
        -:  803:  else if (exception_code == kCxxExceptionCode)
        -:  804:    should_handle = false;
        -:  805:
        -:  806:  return should_handle ? EXCEPTION_EXECUTE_HANDLER : EXCEPTION_CONTINUE_SEARCH;
        -:  807:}
        -:  808:#endif  // GTEST_HAS_SEH
        -:  809:
        -:  810:}  // namespace internal
        -:  811:
        -:  812:// The c'tor sets this object as the test part result reporter used by
        -:  813:// Google Test.  The 'result' parameter specifies where to report the
        -:  814:// results. Intercepts only failures from the current thread.
function _ZN7testing32ScopedFakeTestPartResultReporterC2EPNS_19TestPartResultArrayE called 0 returned 0% blocks executed 0%
    #####:  815:ScopedFakeTestPartResultReporter::ScopedFakeTestPartResultReporter(
    #####:  816:    TestPartResultArray* result)
        -:  817:    : intercept_mode_(INTERCEPT_ONLY_CURRENT_THREAD),
    #####:  818:      result_(result) {
    %%%%%:  818-block  0
call    0 never executed
    $$$$$:  818-block  1
call    1 never executed
    #####:  819:  Init();
call    0 never executed
branch  1 never executed
branch  2 never executed
    #####:  820:}
    %%%%%:  820-block  0
        -:  821:
        -:  822:// The c'tor sets this object as the test part result reporter used by
        -:  823:// Google Test.  The 'result' parameter specifies where to report the
        -:  824:// results.
function _ZN7testing32ScopedFakeTestPartResultReporterC2ENS0_13InterceptModeEPNS_19TestPartResultArrayE called 0 returned 0% blocks executed 0%
    #####:  825:ScopedFakeTestPartResultReporter::ScopedFakeTestPartResultReporter(
    #####:  826:    InterceptMode intercept_mode, TestPartResultArray* result)
        -:  827:    : intercept_mode_(intercept_mode),
    #####:  828:      result_(result) {
    %%%%%:  828-block  0
call    0 never executed
    $$$$$:  828-block  1
call    1 never executed
    #####:  829:  Init();
call    0 never executed
branch  1 never executed
branch  2 never executed
    #####:  830:}
    %%%%%:  830-block  0
        -:  831:
function _ZN7testing32ScopedFakeTestPartResultReporter4InitEv called 0 returned 0% blocks executed 0%
    #####:  832:void ScopedFakeTestPartResultReporter::Init() {
    #####:  833:  internal::UnitTestImpl* const impl = internal::GetUnitTestImpl();
    %%%%%:  833-block  0
call    0 never executed
    #####:  834:  if (intercept_mode_ == INTERCEPT_ALL_THREADS) {
branch  0 never executed
branch  1 never executed
    #####:  835:    old_reporter_ = impl->GetGlobalTestPartResultReporter();
    %%%%%:  835-block  0
call    0 never executed
    #####:  836:    impl->SetGlobalTestPartResultReporter(this);
call    0 never executed
        -:  837:  } else {
    #####:  838:    old_reporter_ = impl->GetTestPartResultReporterForCurrentThread();
    %%%%%:  838-block  0
call    0 never executed
    #####:  839:    impl->SetTestPartResultReporterForCurrentThread(this);
call    0 never executed
        -:  840:  }
    #####:  841:}
        -:  842:
        -:  843:// The d'tor restores the test part result reporter used by Google Test
        -:  844:// before.
    #####:  845:ScopedFakeTestPartResultReporter::~ScopedFakeTestPartResultReporter() {
    #####:  846:  internal::UnitTestImpl* const impl = internal::GetUnitTestImpl();
    #####:  847:  if (intercept_mode_ == INTERCEPT_ALL_THREADS) {
    #####:  848:    impl->SetGlobalTestPartResultReporter(old_reporter_);
        -:  849:  } else {
    #####:  850:    impl->SetTestPartResultReporterForCurrentThread(old_reporter_);
        -:  851:  }
    #####:  852:}
------------------
_ZN7testing32ScopedFakeTestPartResultReporterD0Ev:
function _ZN7testing32ScopedFakeTestPartResultReporterD0Ev called 0 returned 0% blocks executed 0%
    #####:  845:ScopedFakeTestPartResultReporter::~ScopedFakeTestPartResultReporter() {
        -:  846:  internal::UnitTestImpl* const impl = internal::GetUnitTestImpl();
        -:  847:  if (intercept_mode_ == INTERCEPT_ALL_THREADS) {
        -:  848:    impl->SetGlobalTestPartResultReporter(old_reporter_);
        -:  849:  } else {
        -:  850:    impl->SetTestPartResultReporterForCurrentThread(old_reporter_);
        -:  851:  }
    #####:  852:}
    %%%%%:  852-block  0
call    0 never executed
call    1 never executed
------------------
_ZN7testing32ScopedFakeTestPartResultReporterD2Ev:
function _ZN7testing32ScopedFakeTestPartResultReporterD2Ev called 0 returned 0% blocks executed 0%
    #####:  845:ScopedFakeTestPartResultReporter::~ScopedFakeTestPartResultReporter() {
    %%%%%:  845-block  0
call    0 never executed
    #####:  846:  internal::UnitTestImpl* const impl = internal::GetUnitTestImpl();
    %%%%%:  846-block  0
call    0 never executed
    #####:  847:  if (intercept_mode_ == INTERCEPT_ALL_THREADS) {
branch  0 never executed
branch  1 never executed
    #####:  848:    impl->SetGlobalTestPartResultReporter(old_reporter_);
    %%%%%:  848-block  0
call    0 never executed
        -:  849:  } else {
    #####:  850:    impl->SetTestPartResultReporterForCurrentThread(old_reporter_);
    %%%%%:  850-block  0
call    0 never executed
        -:  851:  }
    #####:  852:}
------------------
        -:  853:
        -:  854:// Increments the test part result count and remembers the result.
        -:  855:// This method is from the TestPartResultReporterInterface interface.
function _ZN7testing32ScopedFakeTestPartResultReporter20ReportTestPartResultERKNS_14TestPartResultE called 0 returned 0% blocks executed 0%
    #####:  856:void ScopedFakeTestPartResultReporter::ReportTestPartResult(
        -:  857:    const TestPartResult& result) {
    #####:  858:  result_->Append(result);
    %%%%%:  858-block  0
call    0 never executed
    #####:  859:}
        -:  860:
        -:  861:namespace internal {
        -:  862:
        -:  863:// Returns the type ID of ::testing::Test.  We should always call this
        -:  864:// instead of GetTypeId< ::testing::Test>() to get the type ID of
        -:  865:// testing::Test.  This is to work around a suspected linker bug when
        -:  866:// using Google Test as a framework on Mac OS X.  The bug causes
        -:  867:// GetTypeId< ::testing::Test>() to return different values depending
        -:  868:// on whether the call is from the Google Test framework itself or
        -:  869:// from user test code.  GetTestTypeId() is guaranteed to always
        -:  870:// return the same value, as it always calls GetTypeId<>() from the
        -:  871:// gtest.cc, which is within the Google Test framework.
function _ZN7testing8internal13GetTestTypeIdEv called 24 returned 100% blocks executed 100%
       24:  872:TypeId GetTestTypeId() {
       24:  873:  return GetTypeId<Test>();
       24:  873-block  0
call    0 returned 24
        -:  874:}
        -:  875:
        -:  876:// The value of GetTestTypeId() as seen from within the Google Test
        -:  877:// library.  This is solely for testing GetTestTypeId().
        -:  878:extern const TypeId kTestTypeIdInGoogleTest = GetTestTypeId();
        -:  879:
        -:  880:// This predicate-formatter checks that 'results' contains a test part
        -:  881:// failure of the given type and that the failure message contains the
        -:  882:// given substring.
function _ZN7testing8internalL13HasOneFailureEPKcS2_S2_RKNS_19TestPartResultArrayENS_14TestPartResult4TypeERKNSt7__cxx1112basic_stringIcSt11char_traitsIcESaIcEEE called 0 returned 0% blocks executed 0%
    #####:  883:static AssertionResult HasOneFailure(const char* /* results_expr */,
        -:  884:                                     const char* /* type_expr */,
        -:  885:                                     const char* /* substr_expr */,
        -:  886:                                     const TestPartResultArray& results,
        -:  887:                                     TestPartResult::Type type,
        -:  888:                                     const std::string& substr) {
        -:  889:  const std::string expected(type == TestPartResult::kFatalFailure ?
        -:  890:                        "1 fatal failure" :
    #####:  891:                        "1 non-fatal failure");
    %%%%%:  891-block  0
call    0 never executed
branch  1 never executed
branch  2 never executed
    %%%%%:  891-block  1
    %%%%%:  891-block  2
    %%%%%:  891-block  3
call    3 never executed
branch  4 never executed
branch  5 never executed
call    6 never executed
    $$$$$:  891-block  4
    $$$$$:  891-block  5
call    7 never executed
    #####:  892:  Message msg;
call    0 never executed
branch  1 never executed
branch  2 never executed
    %%%%%:  892-block  0
call    3 never executed
    $$$$$:  892-block  1
call    4 never executed
    #####:  893:  if (results.size() != 1) {
    %%%%%:  893-block  0
call    0 never executed
branch  1 never executed
branch  2 never executed
    #####:  894:    msg << "Expected: " << expected << "\n"
    %%%%%:  894-block  0
call    0 never executed
branch  1 never executed
branch  2 never executed
    %%%%%:  894-block  1
call    3 never executed
branch  4 never executed
branch  5 never executed
    %%%%%:  894-block  2
call    6 never executed
branch  7 never executed
branch  8 never executed
    #####:  895:        << "  Actual: " << results.size() << " failures";
    %%%%%:  895-block  0
call    0 never executed
branch  1 never executed
branch  2 never executed
    %%%%%:  895-block  1
call    3 never executed
call    4 never executed
branch  5 never executed
[...]
call    0 never executed
    %%%%%: 6643-block  1
call    1 never executed
branch  2 never executed
branch  3 never executed
branch  4 never executed
branch  5 never executed
    #####: 6644:               arg_string == "-?" || arg_string == "/?" ||
branch  0 never executed
branch  1 never executed
    %%%%%: 6644-block  0
call    2 never executed
    %%%%%: 6644-block  1
call    3 never executed
branch  4 never executed
branch  5 never executed
branch  6 never executed
branch  7 never executed
    %%%%%: 6644-block  2
    %%%%%: 6644-block  3
    %%%%%: 6644-block  4
branch  8 never executed
branch  9 never executed
    #####: 6645:               HasGoogleTestFlagPrefix(arg)) {
    %%%%%: 6645-block  0
call    0 never executed
        -: 6646:      // Both help flag and unrecognized Google Test flags (excluding
        -: 6647:      // internal ones) trigger help display.
    #####: 6648:      g_help_flag = true;
    %%%%%: 6648-block  0
        -: 6649:    }
        -: 6650:
    #####: 6651:    if (remove_flag) {
    %%%%%: 6651-block  0
branch  0 never executed
branch  1 never executed
        -: 6652:      // Shift the remainder of the argv list left by one.  Note
        -: 6653:      // that argv has (*argc + 1) elements, the last one always being
        -: 6654:      // NULL.  The following loop moves the trailing NULL element as
        -: 6655:      // well.
    #####: 6656:      for (int j = i; j != *argc; j++) {
    %%%%%: 6656-block  0
    %%%%%: 6656-block  1
branch  0 never executed
branch  1 never executed
    #####: 6657:        argv[j] = argv[j + 1];
    %%%%%: 6657-block  0
        -: 6658:      }
        -: 6659:
        -: 6660:      // Decrements the argument count.
    #####: 6661:      (*argc)--;
        -: 6662:
        -: 6663:      // We also need to decrement the iterator as we just removed
        -: 6664:      // an element.
    #####: 6665:      i--;
    %%%%%: 6665-block  0
        -: 6666:    }
        -: 6667:  }
        -: 6668:
    #####: 6669:  if (g_help_flag) {
    %%%%%: 6669-block  0
branch  0 never executed
branch  1 never executed
        -: 6670:    // We print the help here instead of in RUN_ALL_TESTS(), as the
        -: 6671:    // latter may not be called at all if the user is using Google
        -: 6672:    // Test with another testing framework.
    #####: 6673:    PrintColorEncoded(kColorEncodedHelpMessage);
    %%%%%: 6673-block  0
call    0 never executed
branch  1 never executed
branch  2 never executed
        -: 6674:  }
    #####: 6675:}
------------------
_ZN7testing8internal28ParseGoogleTestFlagsOnlyImplIcEEvPiPPT_:
function _ZN7testing8internal28ParseGoogleTestFlagsOnlyImplIcEEvPiPPT_ called 1 returned 100% blocks executed 42%
        1: 6626:void ParseGoogleTestFlagsOnlyImpl(int* argc, CharType** argv) {
        2: 6627:  std::string flagfile_value;
        1: 6627-block  0
call    0 returned 1
        1: 6627-block  1
call    1 returned 1
    $$$$$: 6627-block  2
call    2 never executed
        2: 6628:  for (int i = 1; i < *argc; i++) {
        2: 6628-block  0
branch  0 taken 1 (fallthrough)
branch  1 taken 1
        2: 6629:    const std::string arg_string = StreamableToString(argv[i]);
        1: 6629-block  0
call    0 returned 1
branch  1 taken 1 (fallthrough)
branch  2 taken 0 (throw)
        1: 6629-block  1
call    3 returned 1
    $$$$$: 6629-block  2
call    4 never executed
        1: 6630:    const char* const arg = arg_string.c_str();
        1: 6630-block  0
call    0 returned 1
        -: 6631:
        -: 6632:    using internal::ParseFlag;
        -: 6633:
        1: 6634:    bool remove_flag = false;
        1: 6635:    if (ParseGoogleTestFlag(arg)) {
call    0 returned 1
branch  1 taken 1 (fallthrough)
branch  2 taken 0 (throw)
        1: 6635-block  0
branch  3 taken 1 (fallthrough)
branch  4 taken 0
        1: 6636:      remove_flag = true;
        1: 6636-block  0
        -: 6637:#if GTEST_USE_OWN_FLAGFILE_FLAG_
    #####: 6638:    } else if (ParseFlag(arg, "flagfile", &flagfile_value)) {
    %%%%%: 6638-block  0
call    0 never executed
branch  1 never executed
branch  2 never executed
    %%%%%: 6638-block  1
branch  3 never executed
branch  4 never executed
    #####: 6639:      GTEST_FLAG_SET(flagfile, flagfile_value);
    %%%%%: 6639-block  0
call    0 never executed
branch  1 never executed
branch  2 never executed
    #####: 6640:      LoadFlagsFromFile(flagfile_value);
    %%%%%: 6640-block  0
call    0 never executed
branch  1 never executed
branch  2 never executed
    #####: 6641:      remove_flag = true;
    %%%%%: 6641-block  0
        -: 6642:#endif  // GTEST_USE_OWN_FLAGFILE_FLAG_
    #####: 6643:    } else if (arg_string == "--help" || arg_string == "-h" ||
    %%%%%: 6643-block  0
call    0 never executed
    %%%%%: 6643-block  1
call    1 never executed
branch  2 never executed
branch  3 never executed
branch  4 never executed
branch  5 never executed
    #####: 6644:               arg_string == "-?" || arg_string == "/?" ||
branch  0 never executed
branch  1 never executed
    %%%%%: 6644-block  0
call    2 never executed
    %%%%%: 6644-block  1
call    3 never executed
branch  4 never executed
branch  5 never executed
branch  6 never executed
branch  7 never executed
    %%%%%: 6644-block  2
    %%%%%: 6644-block  3
    %%%%%: 6644-block  4
branch  8 never executed
branch  9 never executed
    #####: 6645:               HasGoogleTestFlagPrefix(arg)) {
    %%%%%: 6645-block  0
call    0 never executed
        -: 6646:      // Both help flag and unrecognized Google Test flags (excluding
        -: 6647:      // internal ones) trigger help display.
    #####: 6648:      g_help_flag = true;
    %%%%%: 6648-block  0
        -: 6649:    }
        -: 6650:
        1: 6651:    if (remove_flag) {
        1: 6651-block  0
branch  0 taken 1 (fallthrough)
branch  1 taken 0
        -: 6652:      // Shift the remainder of the argv list left by one.  Note
        -: 6653:      // that argv has (*argc + 1) elements, the last one always being
        -: 6654:      // NULL.  The following loop moves the trailing NULL element as
        -: 6655:      // well.
        2: 6656:      for (int j = i; j != *argc; j++) {
        1: 6656-block  0
        2: 6656-block  1
branch  0 taken 1 (fallthrough)
branch  1 taken 1
        1: 6657:        argv[j] = argv[j + 1];
        1: 6657-block  0
        -: 6658:      }
        -: 6659:
        -: 6660:      // Decrements the argument count.
        1: 6661:      (*argc)--;
        -: 6662:
        -: 6663:      // We also need to decrement the iterator as we just removed
        -: 6664:      // an element.
        1: 6665:      i--;
        1: 6665-block  0
        -: 6666:    }
        -: 6667:  }
        -: 6668:
        1: 6669:  if (g_help_flag) {
        1: 6669-block  0
branch  0 taken 0 (fallthrough)
branch  1 taken 1
        -: 6670:    // We print the help here instead of in RUN_ALL_TESTS(), as the
        -: 6671:    // latter may not be called at all if the user is using Google
        -: 6672:    // Test with another testing framework.
    #####: 6673:    PrintColorEncoded(kColorEncodedHelpMessage);
    %%%%%: 6673-block  0
call    0 never executed
branch  1 never executed
branch  2 never executed
        -: 6674:  }
        1: 6675:}
------------------
        -: 6676:
        -: 6677:// Parses the command line for Google Test flags, without initializing
        -: 6678:// other parts of Google Test.
function _ZN7testing8internal24ParseGoogleTestFlagsOnlyEPiPPc called 1 returned 100% blocks executed 100%
        1: 6679:void ParseGoogleTestFlagsOnly(int* argc, char** argv) {
        1: 6680:  ParseGoogleTestFlagsOnlyImpl(argc, argv);
        1: 6680-block  0
call    0 returned 1
        -: 6681:
        -: 6682:  // Fix the value of *_NSGetArgc() on macOS, but if and only if
        -: 6683:  // *_NSGetArgv() == argv
        -: 6684:  // Only applicable to char** version of argv
        -: 6685:#if GTEST_OS_MAC
        -: 6686:#ifndef GTEST_OS_IOS
        -: 6687:  if (*_NSGetArgv() == argv) {
        -: 6688:    *_NSGetArgc() = *argc;
        -: 6689:  }
        -: 6690:#endif
        -: 6691:#endif
        1: 6692:}
function _ZN7testing8internal24ParseGoogleTestFlagsOnlyEPiPPw called 0 returned 0% blocks executed 0%
    #####: 6693:void ParseGoogleTestFlagsOnly(int* argc, wchar_t** argv) {
    #####: 6694:  ParseGoogleTestFlagsOnlyImpl(argc, argv);
    %%%%%: 6694-block  0
call    0 never executed
    #####: 6695:}
        -: 6696:
        -: 6697:// The internal implementation of InitGoogleTest().
        -: 6698://
        -: 6699:// The type parameter CharType can be instantiated to either char or
        -: 6700:// wchar_t.
        -: 6701:template <typename CharType>
       1*: 6702:void InitGoogleTestImpl(int* argc, CharType** argv) {
        -: 6703:  // We don't want to run the initialization code twice.
       1*: 6704:  if (GTestIsInitialized()) return;
        -: 6705:
       1*: 6706:  if (*argc <= 0) return;
        -: 6707:
       1*: 6708:  g_argvs.clear();
       3*: 6709:  for (int i = 0; i != *argc; i++) {
       2*: 6710:    g_argvs.push_back(StreamableToString(argv[i]));
        -: 6711:  }
        -: 6712:
        -: 6713:#if GTEST_HAS_ABSL
        -: 6714:  absl::InitializeSymbolizer(g_argvs[0].c_str());
        -: 6715:#endif  // GTEST_HAS_ABSL
        -: 6716:
       1*: 6717:  ParseGoogleTestFlagsOnly(argc, argv);
       1*: 6718:  GetUnitTestImpl()->PostFlagParsingInit();
        -: 6719:}
------------------
_ZN7testing8internal18InitGoogleTestImplIwEEvPiPPT_:
function _ZN7testing8internal18InitGoogleTestImplIwEEvPiPPT_ called 0 returned 0% blocks executed 0%
    #####: 6702:void InitGoogleTestImpl(int* argc, CharType** argv) {
        -: 6703:  // We don't want to run the initialization code twice.
    #####: 6704:  if (GTestIsInitialized()) return;
    %%%%%: 6704-block  0
call    0 never executed
branch  1 never executed
branch  2 never executed
    %%%%%: 6704-block  1
        -: 6705:
    #####: 6706:  if (*argc <= 0) return;
    %%%%%: 6706-block  0
branch  0 never executed
branch  1 never executed
    %%%%%: 6706-block  1
        -: 6707:
    #####: 6708:  g_argvs.clear();
    %%%%%: 6708-block  0
call    0 never executed
    #####: 6709:  for (int i = 0; i != *argc; i++) {
    %%%%%: 6709-block  0
branch  0 never executed
branch  1 never executed
    #####: 6710:    g_argvs.push_back(StreamableToString(argv[i]));
    %%%%%: 6710-block  0
call    0 never executed
call    1 never executed
branch  2 never executed
branch  3 never executed
    %%%%%: 6710-block  1
call    4 never executed
    $$$$$: 6710-block  2
call    5 never executed
        -: 6711:  }
        -: 6712:
        -: 6713:#if GTEST_HAS_ABSL
        -: 6714:  absl::InitializeSymbolizer(g_argvs[0].c_str());
        -: 6715:#endif  // GTEST_HAS_ABSL
        -: 6716:
    #####: 6717:  ParseGoogleTestFlagsOnly(argc, argv);
    %%%%%: 6717-block  0
call    0 never executed
    #####: 6718:  GetUnitTestImpl()->PostFlagParsingInit();
call    0 never executed
call    1 never executed
        -: 6719:}
------------------
_ZN7testing8internal18InitGoogleTestImplIcEEvPiPPT_:
function _ZN7testing8internal18InitGoogleTestImplIcEEvPiPPT_ called 1 returned 100% blocks executed 79%
        1: 6702:void InitGoogleTestImpl(int* argc, CharType** argv) {
        -: 6703:  // We don't want to run the initialization code twice.
       1*: 6704:  if (GTestIsInitialized()) return;
        1: 6704-block  0
call    0 returned 1
branch  1 taken 0 (fallthrough)
branch  2 taken 1
    %%%%%: 6704-block  1
        -: 6705:
       1*: 6706:  if (*argc <= 0) return;
        1: 6706-block  0
branch  0 taken 0 (fallthrough)
branch  1 taken 1
    %%%%%: 6706-block  1
        -: 6707:
        1: 6708:  g_argvs.clear();
        1: 6708-block  0
call    0 returned 1
        3: 6709:  for (int i = 0; i != *argc; i++) {
        3: 6709-block  0
branch  0 taken 2 (fallthrough)
branch  1 taken 1
        2: 6710:    g_argvs.push_back(StreamableToString(argv[i]));
        2: 6710-block  0
call    0 returned 2
call    1 returned 2
branch  2 taken 2 (fallthrough)
branch  3 taken 0 (throw)
        2: 6710-block  1
call    4 returned 2
    $$$$$: 6710-block  2
call    5 never executed
        -: 6711:  }
        -: 6712:
        -: 6713:#if GTEST_HAS_ABSL
        -: 6714:  absl::InitializeSymbolizer(g_argvs[0].c_str());
        -: 6715:#endif  // GTEST_HAS_ABSL
        -: 6716:
        1: 6717:  ParseGoogleTestFlagsOnly(argc, argv);
        1: 6717-block  0
call    0 returned 1
        1: 6718:  GetUnitTestImpl()->PostFlagParsingInit();
call    0 returned 1
call    1 returned 1
        -: 6719:}
------------------
        -: 6720:
        -: 6721:}  // namespace internal
        -: 6722:
        -: 6723:// Initializes Google Test.  This must be called before calling
        -: 6724:// RUN_ALL_TESTS().  In particular, it parses a command line for the
        -: 6725:// flags that Google Test recognizes.  Whenever a Google Test flag is
        -: 6726:// seen, it is removed from argv, and *argc is decremented.
        -: 6727://
        -: 6728:// No value is returned.  Instead, the Google Test flag variables are
        -: 6729:// updated.
        -: 6730://
        -: 6731:// Calling the function for the second time has no user-visible effect.
function _ZN7testing14InitGoogleTestEPiPPc called 1 returned 100% blocks executed 100%
        1: 6732:void InitGoogleTest(int* argc, char** argv) {
        -: 6733:#if defined(GTEST_CUSTOM_INIT_GOOGLE_TEST_FUNCTION_)
        -: 6734:  GTEST_CUSTOM_INIT_GOOGLE_TEST_FUNCTION_(argc, argv);
        -: 6735:#else  // defined(GTEST_CUSTOM_INIT_GOOGLE_TEST_FUNCTION_)
        1: 6736:  internal::InitGoogleTestImpl(argc, argv);
        1: 6736-block  0
call    0 returned 1
        -: 6737:#endif  // defined(GTEST_CUSTOM_INIT_GOOGLE_TEST_FUNCTION_)
        1: 6738:}
        -: 6739:
        -: 6740:// This overloaded version can be used in Windows programs compiled in
        -: 6741:// UNICODE mode.
function _ZN7testing14InitGoogleTestEPiPPw called 0 returned 0% blocks executed 0%
    #####: 6742:void InitGoogleTest(int* argc, wchar_t** argv) {
        -: 6743:#if defined(GTEST_CUSTOM_INIT_GOOGLE_TEST_FUNCTION_)
        -: 6744:  GTEST_CUSTOM_INIT_GOOGLE_TEST_FUNCTION_(argc, argv);
        -: 6745:#else  // defined(GTEST_CUSTOM_INIT_GOOGLE_TEST_FUNCTION_)
    #####: 6746:  internal::InitGoogleTestImpl(argc, argv);
    %%%%%: 6746-block  0
call    0 never executed
        -: 6747:#endif  // defined(GTEST_CUSTOM_INIT_GOOGLE_TEST_FUNCTION_)
    #####: 6748:}
        -: 6749:
        -: 6750:// This overloaded version can be used on Arduino/embedded platforms where
        -: 6751:// there is no argc/argv.
function _ZN7testing14InitGoogleTestEv called 0 returned 0% blocks executed 0%
    #####: 6752:void InitGoogleTest() {
        -: 6753:  // Since Arduino doesn't have a command line, fake out the argc/argv arguments
    #####: 6754:  int argc = 1;
    #####: 6755:  const auto arg0 = "dummy";
    #####: 6756:  char* argv0 = const_cast<char*>(arg0);
    #####: 6757:  char** argv = &argv0;
        -: 6758:
        -: 6759:#if defined(GTEST_CUSTOM_INIT_GOOGLE_TEST_FUNCTION_)
        -: 6760:  GTEST_CUSTOM_INIT_GOOGLE_TEST_FUNCTION_(&argc, argv);
        -: 6761:#else  // defined(GTEST_CUSTOM_INIT_GOOGLE_TEST_FUNCTION_)
    #####: 6762:  internal::InitGoogleTestImpl(&argc, argv);
    %%%%%: 6762-block  0
call    0 never executed
branch  1 never executed
branch  2 never executed
        -: 6763:#endif  // defined(GTEST_CUSTOM_INIT_GOOGLE_TEST_FUNCTION_)
    #####: 6764:}
    %%%%%: 6764-block  0
        -: 6765:
function _ZN7testing7TempDirB5cxx11Ev called 0 returned 0% blocks executed 0%
    #####: 6766:std::string TempDir() {
        -: 6767:#if defined(GTEST_CUSTOM_TEMPDIR_FUNCTION_)
        -: 6768:  return GTEST_CUSTOM_TEMPDIR_FUNCTION_();
        -: 6769:#elif GTEST_OS_WINDOWS_MOBILE
        -: 6770:  return "\\temp\\";
        -: 6771:#elif GTEST_OS_WINDOWS
    #####: 6772:  const char* temp_dir = internal::posix::GetEnv("TEMP");
    %%%%%: 6772-block  0
call    0 never executed
    #####: 6773:  if (temp_dir == nullptr || temp_dir[0] == '\0') {
branch  0 never executed
branch  1 never executed
    %%%%%: 6773-block  0
branch  2 never executed
branch  3 never executed
    #####: 6774:    return "\\temp\\";
    %%%%%: 6774-block  0
call    0 never executed
call    1 never executed
branch  2 never executed
branch  3 never executed
    %%%%%: 6774-block  1
call    4 never executed
    $$$$$: 6774-block  2
call    5 never executed
    $$$$$: 6774-block  3
    #####: 6775:  } else if (temp_dir[strlen(temp_dir) - 1] == '\\') {
    %%%%%: 6775-block  0
branch  0 never executed
branch  1 never executed
    #####: 6776:    return temp_dir;
    %%%%%: 6776-block  0
call    0 never executed
call    1 never executed
branch  2 never executed
branch  3 never executed
    %%%%%: 6776-block  1
call    4 never executed
    $$$$$: 6776-block  2
call    5 never executed
    $$$$$: 6776-block  3
        -: 6777:  } else {
    #####: 6778:    return std::string(temp_dir) + "\\";
    %%%%%: 6778-block  0
call    0 never executed
call    1 never executed
branch  2 never executed
branch  3 never executed
    %%%%%: 6778-block  1
call    4 never executed
branch  5 never executed
branch  6 never executed
    %%%%%: 6778-block  2
    %%%%%: 6778-block  3
call    7 never executed
call    8 never executed
    $$$$$: 6778-block  4
call    9 never executed
    $$$$$: 6778-block  5
    $$$$$: 6778-block  6
call   10 never executed
    $$$$$: 6778-block  7
        -: 6779:  }
        -: 6780:#elif GTEST_OS_LINUX_ANDROID
        -: 6781:  const char* temp_dir = internal::posix::GetEnv("TEST_TMPDIR");
        -: 6782:  if (temp_dir == nullptr || temp_dir[0] == '\0') {
        -: 6783:    return "/data/local/tmp/";
        -: 6784:  } else {
        -: 6785:    return temp_dir;
        -: 6786:  }
        -: 6787:#elif GTEST_OS_LINUX
        -: 6788:  const char* temp_dir = internal::posix::GetEnv("TEST_TMPDIR");
        -: 6789:  if (temp_dir == nullptr || temp_dir[0] == '\0') {
        -: 6790:    return "/tmp/";
        -: 6791:  } else {
        -: 6792:    return temp_dir;
        -: 6793:  }
        -: 6794:#else
        -: 6795:  return "/tmp/";
        -: 6796:#endif  // GTEST_OS_WINDOWS_MOBILE
        -: 6797:}
        -: 6798:
        -: 6799:// Class ScopedTrace
        -: 6800:
        -: 6801:// Pushes the given source file location and message onto a per-thread
        -: 6802:// trace stack maintained by Google Test.
function _ZN7testing11ScopedTrace9PushTraceEPKciNSt7__cxx1112basic_stringIcSt11char_traitsIcESaIcEEE called 0 returned 0% blocks executed 0%
    #####: 6803:void ScopedTrace::PushTrace(const char* file, int line, std::string message) {
    #####: 6804:  internal::TraceInfo trace;
    %%%%%: 6804-block  0
call    0 never executed
    %%%%%: 6804-block  1
call    1 never executed
    $$$$$: 6804-block  2
call    2 never executed
    #####: 6805:  trace.file = file;
    #####: 6806:  trace.line = line;
    #####: 6807:  trace.message.swap(message);
call    0 never executed
        -: 6808:
    #####: 6809:  UnitTest::GetInstance()->PushGTestTrace(trace);
call    0 never executed
branch  1 never executed
branch  2 never executed
    %%%%%: 6809-block  0
call    3 never executed
branch  4 never executed
branch  5 never executed
    #####: 6810:}
        -: 6811:
        -: 6812:// Pops the info pushed by the c'tor.
function _ZN7testing11ScopedTraceD2Ev called 0 returned 0% blocks executed 0%
    #####: 6813:ScopedTrace::~ScopedTrace()
        -: 6814:    GTEST_LOCK_EXCLUDED_(&UnitTest::mutex_) {
    #####: 6815:  UnitTest::GetInstance()->PopGTestTrace();
    %%%%%: 6815-block  0
call    0 never executed
call    1 never executed
    #####: 6816:}
        -: 6817:
        -: 6818:}  // namespace testing
